SF:/home/nenad/repos/rust-contracts-stylus/contracts-proc/src/interface_id.rs
FN:15,_RNvNtCsjwrVuUmux1g_24openzeppelin_stylus_proc12interface_id12interface_id
FN:91,_RNvXNtCsjwrVuUmux1g_24openzeppelin_stylus_proc12interface_idNtB2_12SelectorArgsNtNtCscH9YhXxxY5R_3syn5parse5Parse5parse
FN:44,_RNCNvNtCsjwrVuUmux1g_24openzeppelin_stylus_proc12interface_id12interface_id0B5_
FN:49,_RNCNvNtCsjwrVuUmux1g_24openzeppelin_stylus_proc12interface_id12interface_ids_0B5_
FN:15,_RNvNtCs3dOmUgSCK0x_24openzeppelin_stylus_proc12interface_id12interface_id
FN:44,_RNCNvNtCs3dOmUgSCK0x_24openzeppelin_stylus_proc12interface_id12interface_id0B5_
FN:49,_RNCNvNtCs3dOmUgSCK0x_24openzeppelin_stylus_proc12interface_id12interface_ids_0B5_
FN:91,_RNvXNtCs3dOmUgSCK0x_24openzeppelin_stylus_proc12interface_idNtB2_12SelectorArgsNtNtCscH9YhXxxY5R_3syn5parse5Parse5parse
FNDA:18,_RNvNtCsjwrVuUmux1g_24openzeppelin_stylus_proc12interface_id12interface_id
FNDA:18,_RNvXNtCsjwrVuUmux1g_24openzeppelin_stylus_proc12interface_idNtB2_12SelectorArgsNtNtCscH9YhXxxY5R_3syn5parse5Parse5parse
FNDA:78,_RNCNvNtCsjwrVuUmux1g_24openzeppelin_stylus_proc12interface_id12interface_id0B5_
FNDA:212,_RNCNvNtCsjwrVuUmux1g_24openzeppelin_stylus_proc12interface_id12interface_ids_0B5_
FNDA:0,_RNvNtCs3dOmUgSCK0x_24openzeppelin_stylus_proc12interface_id12interface_id
FNDA:0,_RNCNvNtCs3dOmUgSCK0x_24openzeppelin_stylus_proc12interface_id12interface_id0B5_
FNDA:0,_RNCNvNtCs3dOmUgSCK0x_24openzeppelin_stylus_proc12interface_id12interface_ids_0B5_
FNDA:0,_RNvXNtCs3dOmUgSCK0x_24openzeppelin_stylus_proc12interface_idNtB2_12SelectorArgsNtNtCscH9YhXxxY5R_3syn5parse5Parse5parse
FNF:4
FNH:4
DA:15,18
DA:16,18
DA:17,18
DA:18,18
DA:19,18
DA:21,18
DA:22,126
DA:23,108
DA:24,12
DA:27,96
DA:28,1566
DA:29,1566
DA:30,18
DA:31,0
DA:32,18
DA:33,18
DA:34,18
DA:35,0
DA:37,18
DA:38,1548
DA:39,1548
DA:40,1548
DA:41,1548
DA:44,96
DA:45,78
DA:46,78
DA:47,96
DA:48,96
DA:49,212
DA:50,118
DA:52,94
DA:53,212
DA:54,96
DA:55,96
DA:56,96
DA:57,96
DA:61,18
DA:62,18
DA:63,18
DA:64,18
DA:65,18
DA:66,18
DA:67,18
DA:68,18
DA:69,18
DA:70,18
DA:71,18
DA:72,18
DA:73,18
DA:74,18
DA:75,18
DA:76,18
DA:77,18
DA:78,18
DA:79,18
DA:80,18
DA:81,18
DA:82,18
DA:83,18
DA:91,18
DA:92,18
DA:94,18
DA:95,18
DA:96,18
DA:97,18
DA:99,0
DA:101,18
BRF:0
BRH:0
LF:71
LH:68
end_of_record
SF:/home/nenad/repos/rust-contracts-stylus/contracts-proc/src/lib.rs
FN:62,_RNvCsjwrVuUmux1g_24openzeppelin_stylus_proc12interface_id
FN:62,_RNvCs3dOmUgSCK0x_24openzeppelin_stylus_proc12interface_id
FNDA:18,_RNvCsjwrVuUmux1g_24openzeppelin_stylus_proc12interface_id
FNDA:0,_RNvCs3dOmUgSCK0x_24openzeppelin_stylus_proc12interface_id
FNF:1
FNH:1
DA:62,18
DA:63,18
DA:64,18
BRF:0
BRH:0
LF:3
LH:3
end_of_record
SF:/home/nenad/repos/rust-contracts-stylus/contracts/src/access/control.rs
FN:117,_RNvXsf_NtNtCsa86sUp9HUqm_19openzeppelin_stylus6access7controlNtB5_13AccessControlINtNtCs8c3p7fi1c1U_10stylus_sdk3abi6RouterNtCs3Wda7GwUxlw_22access_control_example20AccessControlExampleE5routeB1Z_
FN:284,_RNvMNtNtCsa86sUp9HUqm_19openzeppelin_stylus6access7controlNtB2_13AccessControl15__set_role_admin
FN:306,_RNvMNtNtCsa86sUp9HUqm_19openzeppelin_stylus6access7controlNtB2_13AccessControl11__check_role
FN:334,_RNvMNtNtCsa86sUp9HUqm_19openzeppelin_stylus6access7controlNtB2_13AccessControl11__grant_role
FN:358,_RNvMNtNtCsa86sUp9HUqm_19openzeppelin_stylus6access7controlNtB2_13AccessControl12__revoke_role
FN:93,_RNvXs6_NtNtCsa86sUp9HUqm_19openzeppelin_stylus6access7controlNtB5_5ErrorINtNtCshuVUGNokh5j_4core7convert4FromNtB5_32AccessControlUnauthorizedAccountE4from
FN:93,_RNvXs7_NtNtCsa86sUp9HUqm_19openzeppelin_stylus6access7controlNtB5_5ErrorINtNtCshuVUGNokh5j_4core7convert4FromNtB5_28AccessControlBadConfirmationE4from
FN:115,_RNvMsa_NtNtCsa86sUp9HUqm_19openzeppelin_stylus6access7controlNtB5_8RoleData14required_slots
FN:115,_RNvXsb_NtNtCsa86sUp9HUqm_19openzeppelin_stylus6access7controlNtB5_8RoleDataNtNtNtCs8c3p7fi1c1U_10stylus_sdk7storage6traits11StorageType3new
FN:101,_RNvXsb_NtNtCsa86sUp9HUqm_19openzeppelin_stylus6access7controlNtB5_8RoleDataNtNtNtCs8c3p7fi1c1U_10stylus_sdk7storage6traits11StorageType4load
FN:101,_RNvXsb_NtNtCsa86sUp9HUqm_19openzeppelin_stylus6access7controlNtB5_8RoleDataNtNtNtCs8c3p7fi1c1U_10stylus_sdk7storage6traits11StorageType8load_mut
FN:115,_RNvMsc_NtNtCsa86sUp9HUqm_19openzeppelin_stylus6access7controlNtB5_13AccessControl14required_slots
FN:115,_RNvXsd_NtNtCsa86sUp9HUqm_19openzeppelin_stylus6access7controlNtB5_13AccessControlNtNtNtCs8c3p7fi1c1U_10stylus_sdk7storage6traits11StorageType3new
FN:101,_RNvXsd_NtNtCsa86sUp9HUqm_19openzeppelin_stylus6access7controlNtB5_13AccessControlNtNtNtCs8c3p7fi1c1U_10stylus_sdk7storage6traits11StorageType4load
FN:101,_RNvXsd_NtNtCsa86sUp9HUqm_19openzeppelin_stylus6access7controlNtB5_13AccessControlNtNtNtCs8c3p7fi1c1U_10stylus_sdk7storage6traits11StorageType8load_mut
FN:130,_RNvMse_NtNtCsa86sUp9HUqm_19openzeppelin_stylus6access7controlNtB5_13AccessControl8has_role
FN:145,_RNvMse_NtNtCsa86sUp9HUqm_19openzeppelin_stylus6access7controlNtB5_13AccessControl9only_role
FN:159,_RNvMse_NtNtCsa86sUp9HUqm_19openzeppelin_stylus6access7controlNtB5_13AccessControl14get_role_admin
FN:186,_RNvMse_NtNtCsa86sUp9HUqm_19openzeppelin_stylus6access7controlNtB5_13AccessControl10grant_role
FN:219,_RNvMse_NtNtCsa86sUp9HUqm_19openzeppelin_stylus6access7controlNtB5_13AccessControl11revoke_role
FN:256,_RNvMse_NtNtCsa86sUp9HUqm_19openzeppelin_stylus6access7controlNtB5_13AccessControl13renounce_role
FN:117,_RNvMsg_NtNtCsa86sUp9HUqm_19openzeppelin_stylus6access7controlNtB5_13AccessControl23___stylus_allow_override
FN:117,_RNvMsg_NtNtCsa86sUp9HUqm_19openzeppelin_stylus6access7controlNtB5_13AccessControl25___stylus_assert_overrides
FN:93,_RNvXs8_NtNtCsa86sUp9HUqm_19openzeppelin_stylus6access7controlINtNtCsdDMkpvQxPWz_5alloc3vec3VechEINtNtCshuVUGNokh5j_4core7convert4FromNtB5_5ErrorE4from
FN:73,_RNvXs_NvNtNtCsa86sUp9HUqm_19openzeppelin_stylus6access7control1__NtNtCs9yoxqfta9I2_16alloy_primitives3log7LogDataINtNtCshuVUGNokh5j_4core7convert4FromRNtB6_16RoleAdminChangedE4fromBa_
FN:50,_RNCNvXs_NvNtNtCsa86sUp9HUqm_19openzeppelin_stylus6access7control1__NtNtCs9yoxqfta9I2_16alloy_primitives3log7LogDataINtNtCshuVUGNokh5j_4core7convert4FromRNtB8_16RoleAdminChangedE4from0Bc_
FN:73,_RNvXs_NvNtNtCsa86sUp9HUqm_19openzeppelin_stylus6access7controls_1__NtNtCs9yoxqfta9I2_16alloy_primitives3log7LogDataINtNtCshuVUGNokh5j_4core7convert4FromRNtB6_11RoleGrantedE4fromBa_
FN:50,_RNCNvXs_NvNtNtCsa86sUp9HUqm_19openzeppelin_stylus6access7controls_1__NtNtCs9yoxqfta9I2_16alloy_primitives3log7LogDataINtNtCshuVUGNokh5j_4core7convert4FromRNtB8_11RoleGrantedE4from0Bc_
FN:73,_RNvXs_NvNtNtCsa86sUp9HUqm_19openzeppelin_stylus6access7controls0_1__NtNtCs9yoxqfta9I2_16alloy_primitives3log7LogDataINtNtCshuVUGNokh5j_4core7convert4FromRNtB6_11RoleRevokedE4fromBa_
FN:50,_RNCNvXs_NvNtNtCsa86sUp9HUqm_19openzeppelin_stylus6access7controls0_1__NtNtCs9yoxqfta9I2_16alloy_primitives3log7LogDataINtNtCshuVUGNokh5j_4core7convert4FromRNtB8_11RoleRevokedE4from0Bc_
FN:117,_RNvXININtNtCsa86sUp9HUqm_19openzeppelin_stylus6access7controlsf_0pENtB5_13AccessControlINtNtCs8c3p7fi1c1U_10stylus_sdk3abi6RouterpE5routeB9_
FN:117,_RNvXsf_NtNtCsa86sUp9HUqm_19openzeppelin_stylus6access7controlNtB5_13AccessControlINtNtCs8c3p7fi1c1U_10stylus_sdk3abi6RouterNtCsbwD9Yma26L7_22access_control_example20AccessControlExampleE5routeB1Z_
FN:73,_RNvXs_NvNtNtCs6vaqcEMrLsG_19openzeppelin_stylus6access7control1__NtNtCs9yoxqfta9I2_16alloy_primitives3log7LogDataINtNtCshuVUGNokh5j_4core7convert4FromRNtB6_16RoleAdminChangedE4fromBa_
FN:50,_RNCNvXs_NvNtNtCs6vaqcEMrLsG_19openzeppelin_stylus6access7control1__NtNtCs9yoxqfta9I2_16alloy_primitives3log7LogDataINtNtCshuVUGNokh5j_4core7convert4FromRNtB8_16RoleAdminChangedE4from0Bc_
FN:73,_RNvXs_NvNtNtCs6vaqcEMrLsG_19openzeppelin_stylus6access7controls_1__NtNtCs9yoxqfta9I2_16alloy_primitives3log7LogDataINtNtCshuVUGNokh5j_4core7convert4FromRNtB6_11RoleGrantedE4fromBa_
FN:50,_RNCNvXs_NvNtNtCs6vaqcEMrLsG_19openzeppelin_stylus6access7controls_1__NtNtCs9yoxqfta9I2_16alloy_primitives3log7LogDataINtNtCshuVUGNokh5j_4core7convert4FromRNtB8_11RoleGrantedE4from0Bc_
FN:73,_RNvXs_NvNtNtCs6vaqcEMrLsG_19openzeppelin_stylus6access7controls0_1__NtNtCs9yoxqfta9I2_16alloy_primitives3log7LogDataINtNtCshuVUGNokh5j_4core7convert4FromRNtB6_11RoleRevokedE4fromBa_
FN:50,_RNCNvXs_NvNtNtCs6vaqcEMrLsG_19openzeppelin_stylus6access7controls0_1__NtNtCs9yoxqfta9I2_16alloy_primitives3log7LogDataINtNtCshuVUGNokh5j_4core7convert4FromRNtB8_11RoleRevokedE4from0Bc_
FN:75,_RNvNvNtNtCs6vaqcEMrLsG_19openzeppelin_stylus6access7controls1_1__15__type_assertion
FN:75,_RNvNvNtNtCs6vaqcEMrLsG_19openzeppelin_stylus6access7controls2_1__15__type_assertion
FN:93,_RNvXs6_NtNtCs6vaqcEMrLsG_19openzeppelin_stylus6access7controlNtB5_5ErrorINtNtCshuVUGNokh5j_4core7convert4FromNtB5_32AccessControlUnauthorizedAccountE4from
FN:93,_RNvXs7_NtNtCs6vaqcEMrLsG_19openzeppelin_stylus6access7controlNtB5_5ErrorINtNtCshuVUGNokh5j_4core7convert4FromNtB5_28AccessControlBadConfirmationE4from
FN:93,_RNvXs8_NtNtCs6vaqcEMrLsG_19openzeppelin_stylus6access7controlINtNtCsdDMkpvQxPWz_5alloc3vec3VechEINtNtCshuVUGNokh5j_4core7convert4FromNtB5_5ErrorE4from
FN:115,_RNvMsa_NtNtCs6vaqcEMrLsG_19openzeppelin_stylus6access7controlNtB5_8RoleData14required_slots
FN:101,_RNvXsb_NtNtCs6vaqcEMrLsG_19openzeppelin_stylus6access7controlNtB5_8RoleDataNtNtNtCs8c3p7fi1c1U_10stylus_sdk7storage6traits11StorageType4load
FN:101,_RNvXsb_NtNtCs6vaqcEMrLsG_19openzeppelin_stylus6access7controlNtB5_8RoleDataNtNtNtCs8c3p7fi1c1U_10stylus_sdk7storage6traits11StorageType8load_mut
FN:115,_RNvMsc_NtNtCs6vaqcEMrLsG_19openzeppelin_stylus6access7controlNtB5_13AccessControl14required_slots
FN:101,_RNvXsd_NtNtCs6vaqcEMrLsG_19openzeppelin_stylus6access7controlNtB5_13AccessControlNtNtNtCs8c3p7fi1c1U_10stylus_sdk7storage6traits11StorageType4load
FN:101,_RNvXsd_NtNtCs6vaqcEMrLsG_19openzeppelin_stylus6access7controlNtB5_13AccessControlNtNtNtCs8c3p7fi1c1U_10stylus_sdk7storage6traits11StorageType8load_mut
FN:117,_RNvXININtNtCs6vaqcEMrLsG_19openzeppelin_stylus6access7controlsf_0pENtB5_13AccessControlINtNtCs8c3p7fi1c1U_10stylus_sdk3abi6RouterpE5routeB9_
FN:117,_RNvMsg_NtNtCs6vaqcEMrLsG_19openzeppelin_stylus6access7controlNtB5_13AccessControl23___stylus_allow_override
FN:117,_RNvMsg_NtNtCs6vaqcEMrLsG_19openzeppelin_stylus6access7controlNtB5_13AccessControl25___stylus_assert_overrides
FN:284,_RNvMNtNtCs6vaqcEMrLsG_19openzeppelin_stylus6access7controlNtB2_13AccessControl15__set_role_admin
FN:306,_RNvMNtNtCs6vaqcEMrLsG_19openzeppelin_stylus6access7controlNtB2_13AccessControl11__check_role
FN:334,_RNvMNtNtCs6vaqcEMrLsG_19openzeppelin_stylus6access7controlNtB2_13AccessControl11__grant_role
FN:358,_RNvMNtNtCs6vaqcEMrLsG_19openzeppelin_stylus6access7controlNtB2_13AccessControl12__revoke_role
FN:115,_RNvXsb_NtNtCs6vaqcEMrLsG_19openzeppelin_stylus6access7controlNtB5_8RoleDataNtNtNtCs8c3p7fi1c1U_10stylus_sdk7storage6traits11StorageType3new
FN:115,_RNvXsd_NtNtCs6vaqcEMrLsG_19openzeppelin_stylus6access7controlNtB5_13AccessControlNtNtNtCs8c3p7fi1c1U_10stylus_sdk7storage6traits11StorageType3new
FN:130,_RNvMse_NtNtCs6vaqcEMrLsG_19openzeppelin_stylus6access7controlNtB5_13AccessControl8has_role
FN:145,_RNvMse_NtNtCs6vaqcEMrLsG_19openzeppelin_stylus6access7controlNtB5_13AccessControl9only_role
FN:159,_RNvMse_NtNtCs6vaqcEMrLsG_19openzeppelin_stylus6access7controlNtB5_13AccessControl14get_role_admin
FN:186,_RNvMse_NtNtCs6vaqcEMrLsG_19openzeppelin_stylus6access7controlNtB5_13AccessControl10grant_role
FN:219,_RNvMse_NtNtCs6vaqcEMrLsG_19openzeppelin_stylus6access7controlNtB5_13AccessControl11revoke_role
FN:256,_RNvMse_NtNtCs6vaqcEMrLsG_19openzeppelin_stylus6access7controlNtB5_13AccessControl13renounce_role
FN:398,_RNvNtNtNtCs6vaqcEMrLsG_19openzeppelin_stylus6access7control5tests25__grant_role_to_msg_sender
FN:406,_RNvNtNtNtCs6vaqcEMrLsG_19openzeppelin_stylus6access7control5testss_29default_role_is_default_admin
FN:412,_RNvNtNtNtCs6vaqcEMrLsG_19openzeppelin_stylus6access7control5testss_35default_admin_roles_admin_is_itself
FN:419,_RNvNtNtNtCs6vaqcEMrLsG_19openzeppelin_stylus6access7control5testss_37non_admin_cannot_grant_role_to_others
FN:425,_RNvNtNtNtCs6vaqcEMrLsG_19openzeppelin_stylus6access7control5testss_44accounts_can_be_granted_roles_multiple_times
FN:435,_RNvNtNtNtCs6vaqcEMrLsG_19openzeppelin_stylus6access7control5testss_32not_granted_roles_can_be_revoked
FN:446,_RNvNtNtNtCs6vaqcEMrLsG_19openzeppelin_stylus6access7control5testss_21admin_can_revoke_role
FN:458,_RNvNtNtNtCs6vaqcEMrLsG_19openzeppelin_stylus6access7control5testss_28non_admin_cannot_revoke_role
FN:468,_RNvNtNtNtCs6vaqcEMrLsG_19openzeppelin_stylus6access7control5testss_35roles_can_be_revoked_multiple_times
FN:478,_RNvNtNtNtCs6vaqcEMrLsG_19openzeppelin_stylus6access7control5testss_24bearer_can_renounce_role
FN:489,_RNvNtNtNtCs6vaqcEMrLsG_19openzeppelin_stylus6access7control5testss_24only_sender_can_renounce
FN:496,_RNvNtNtNtCs6vaqcEMrLsG_19openzeppelin_stylus6access7control5testss_37roles_can_be_renounced_multiple_times
FN:507,_RNvNtNtNtCs6vaqcEMrLsG_19openzeppelin_stylus6access7control5testss_29a_roles_admin_role_can_change
FN:516,_RNvNtNtNtCs6vaqcEMrLsG_19openzeppelin_stylus6access7control5testss_29the_new_admin_can_grant_roles
FN:526,_RNvNtNtNtCs6vaqcEMrLsG_19openzeppelin_stylus6access7control5testss_30the_new_admin_can_revoke_roles
FN:537,_RNvNtNtNtCs6vaqcEMrLsG_19openzeppelin_stylus6access7control5testss_37previous_admins_no_longer_grant_roles
FN:546,_RNvNtNtNtCs6vaqcEMrLsG_19openzeppelin_stylus6access7control5testss_38previous_admins_no_longer_revoke_roles
FN:555,_RNvNtNtNtCs6vaqcEMrLsG_19openzeppelin_stylus6access7control5testss_34does_not_revert_if_sender_has_role
FN:561,_RNvNtNtNtCs6vaqcEMrLsG_19openzeppelin_stylus6access7control5testss_34reverts_if_sender_doesnt_have_role
FN:570,_RNvNtNtNtCs6vaqcEMrLsG_19openzeppelin_stylus6access7control5testss_35internal_grant_role_true_if_no_role
FN:576,_RNvNtNtNtCs6vaqcEMrLsG_19openzeppelin_stylus6access7control5testss_33internal_grant_role_false_if_role
FN:583,_RNvNtNtNtCs6vaqcEMrLsG_19openzeppelin_stylus6access7control5testss_33internal_revoke_role_true_if_role
FN:590,_RNvNtNtNtCs6vaqcEMrLsG_19openzeppelin_stylus6access7control5testss_37internal_revoke_role_false_if_no_role
FNDA:0,_RNvXsf_NtNtCsa86sUp9HUqm_19openzeppelin_stylus6access7controlNtB5_13AccessControlINtNtCs8c3p7fi1c1U_10stylus_sdk3abi6RouterNtCs3Wda7GwUxlw_22access_control_example20AccessControlExampleE5routeB1Z_
FNDA:0,_RNvMNtNtCsa86sUp9HUqm_19openzeppelin_stylus6access7controlNtB2_13AccessControl15__set_role_admin
FNDA:0,_RNvMNtNtCsa86sUp9HUqm_19openzeppelin_stylus6access7controlNtB2_13AccessControl11__check_role
FNDA:0,_RNvMNtNtCsa86sUp9HUqm_19openzeppelin_stylus6access7controlNtB2_13AccessControl11__grant_role
FNDA:0,_RNvMNtNtCsa86sUp9HUqm_19openzeppelin_stylus6access7controlNtB2_13AccessControl12__revoke_role
FNDA:0,_RNvXs6_NtNtCsa86sUp9HUqm_19openzeppelin_stylus6access7controlNtB5_5ErrorINtNtCshuVUGNokh5j_4core7convert4FromNtB5_32AccessControlUnauthorizedAccountE4from
FNDA:0,_RNvXs7_NtNtCsa86sUp9HUqm_19openzeppelin_stylus6access7controlNtB5_5ErrorINtNtCshuVUGNokh5j_4core7convert4FromNtB5_28AccessControlBadConfirmationE4from
FNDA:0,_RNvMsa_NtNtCsa86sUp9HUqm_19openzeppelin_stylus6access7controlNtB5_8RoleData14required_slots
FNDA:0,_RNvXsb_NtNtCsa86sUp9HUqm_19openzeppelin_stylus6access7controlNtB5_8RoleDataNtNtNtCs8c3p7fi1c1U_10stylus_sdk7storage6traits11StorageType3new
FNDA:0,_RNvXsb_NtNtCsa86sUp9HUqm_19openzeppelin_stylus6access7controlNtB5_8RoleDataNtNtNtCs8c3p7fi1c1U_10stylus_sdk7storage6traits11StorageType4load
FNDA:0,_RNvXsb_NtNtCsa86sUp9HUqm_19openzeppelin_stylus6access7controlNtB5_8RoleDataNtNtNtCs8c3p7fi1c1U_10stylus_sdk7storage6traits11StorageType8load_mut
FNDA:0,_RNvMsc_NtNtCsa86sUp9HUqm_19openzeppelin_stylus6access7controlNtB5_13AccessControl14required_slots
FNDA:0,_RNvXsd_NtNtCsa86sUp9HUqm_19openzeppelin_stylus6access7controlNtB5_13AccessControlNtNtNtCs8c3p7fi1c1U_10stylus_sdk7storage6traits11StorageType3new
FNDA:0,_RNvXsd_NtNtCsa86sUp9HUqm_19openzeppelin_stylus6access7controlNtB5_13AccessControlNtNtNtCs8c3p7fi1c1U_10stylus_sdk7storage6traits11StorageType4load
FNDA:0,_RNvXsd_NtNtCsa86sUp9HUqm_19openzeppelin_stylus6access7controlNtB5_13AccessControlNtNtNtCs8c3p7fi1c1U_10stylus_sdk7storage6traits11StorageType8load_mut
FNDA:0,_RNvMse_NtNtCsa86sUp9HUqm_19openzeppelin_stylus6access7controlNtB5_13AccessControl8has_role
FNDA:0,_RNvMse_NtNtCsa86sUp9HUqm_19openzeppelin_stylus6access7controlNtB5_13AccessControl9only_role
FNDA:0,_RNvMse_NtNtCsa86sUp9HUqm_19openzeppelin_stylus6access7controlNtB5_13AccessControl14get_role_admin
FNDA:0,_RNvMse_NtNtCsa86sUp9HUqm_19openzeppelin_stylus6access7controlNtB5_13AccessControl10grant_role
FNDA:0,_RNvMse_NtNtCsa86sUp9HUqm_19openzeppelin_stylus6access7controlNtB5_13AccessControl11revoke_role
FNDA:0,_RNvMse_NtNtCsa86sUp9HUqm_19openzeppelin_stylus6access7controlNtB5_13AccessControl13renounce_role
FNDA:0,_RNvMsg_NtNtCsa86sUp9HUqm_19openzeppelin_stylus6access7controlNtB5_13AccessControl23___stylus_allow_override
FNDA:0,_RNvMsg_NtNtCsa86sUp9HUqm_19openzeppelin_stylus6access7controlNtB5_13AccessControl25___stylus_assert_overrides
FNDA:0,_RNvXs8_NtNtCsa86sUp9HUqm_19openzeppelin_stylus6access7controlINtNtCsdDMkpvQxPWz_5alloc3vec3VechEINtNtCshuVUGNokh5j_4core7convert4FromNtB5_5ErrorE4from
FNDA:0,_RNvXs_NvNtNtCsa86sUp9HUqm_19openzeppelin_stylus6access7control1__NtNtCs9yoxqfta9I2_16alloy_primitives3log7LogDataINtNtCshuVUGNokh5j_4core7convert4FromRNtB6_16RoleAdminChangedE4fromBa_
FNDA:0,_RNCNvXs_NvNtNtCsa86sUp9HUqm_19openzeppelin_stylus6access7control1__NtNtCs9yoxqfta9I2_16alloy_primitives3log7LogDataINtNtCshuVUGNokh5j_4core7convert4FromRNtB8_16RoleAdminChangedE4from0Bc_
FNDA:0,_RNvXs_NvNtNtCsa86sUp9HUqm_19openzeppelin_stylus6access7controls_1__NtNtCs9yoxqfta9I2_16alloy_primitives3log7LogDataINtNtCshuVUGNokh5j_4core7convert4FromRNtB6_11RoleGrantedE4fromBa_
FNDA:0,_RNCNvXs_NvNtNtCsa86sUp9HUqm_19openzeppelin_stylus6access7controls_1__NtNtCs9yoxqfta9I2_16alloy_primitives3log7LogDataINtNtCshuVUGNokh5j_4core7convert4FromRNtB8_11RoleGrantedE4from0Bc_
FNDA:0,_RNvXs_NvNtNtCsa86sUp9HUqm_19openzeppelin_stylus6access7controls0_1__NtNtCs9yoxqfta9I2_16alloy_primitives3log7LogDataINtNtCshuVUGNokh5j_4core7convert4FromRNtB6_11RoleRevokedE4fromBa_
FNDA:0,_RNCNvXs_NvNtNtCsa86sUp9HUqm_19openzeppelin_stylus6access7controls0_1__NtNtCs9yoxqfta9I2_16alloy_primitives3log7LogDataINtNtCshuVUGNokh5j_4core7convert4FromRNtB8_11RoleRevokedE4from0Bc_
FNDA:0,_RNvXININtNtCsa86sUp9HUqm_19openzeppelin_stylus6access7controlsf_0pENtB5_13AccessControlINtNtCs8c3p7fi1c1U_10stylus_sdk3abi6RouterpE5routeB9_
FNDA:0,_RNvXsf_NtNtCsa86sUp9HUqm_19openzeppelin_stylus6access7controlNtB5_13AccessControlINtNtCs8c3p7fi1c1U_10stylus_sdk3abi6RouterNtCsbwD9Yma26L7_22access_control_example20AccessControlExampleE5routeB1Z_
FNDA:0,_RNvXs_NvNtNtCs6vaqcEMrLsG_19openzeppelin_stylus6access7control1__NtNtCs9yoxqfta9I2_16alloy_primitives3log7LogDataINtNtCshuVUGNokh5j_4core7convert4FromRNtB6_16RoleAdminChangedE4fromBa_
FNDA:0,_RNCNvXs_NvNtNtCs6vaqcEMrLsG_19openzeppelin_stylus6access7control1__NtNtCs9yoxqfta9I2_16alloy_primitives3log7LogDataINtNtCshuVUGNokh5j_4core7convert4FromRNtB8_16RoleAdminChangedE4from0Bc_
FNDA:0,_RNvXs_NvNtNtCs6vaqcEMrLsG_19openzeppelin_stylus6access7controls_1__NtNtCs9yoxqfta9I2_16alloy_primitives3log7LogDataINtNtCshuVUGNokh5j_4core7convert4FromRNtB6_11RoleGrantedE4fromBa_
FNDA:0,_RNCNvXs_NvNtNtCs6vaqcEMrLsG_19openzeppelin_stylus6access7controls_1__NtNtCs9yoxqfta9I2_16alloy_primitives3log7LogDataINtNtCshuVUGNokh5j_4core7convert4FromRNtB8_11RoleGrantedE4from0Bc_
FNDA:0,_RNvXs_NvNtNtCs6vaqcEMrLsG_19openzeppelin_stylus6access7controls0_1__NtNtCs9yoxqfta9I2_16alloy_primitives3log7LogDataINtNtCshuVUGNokh5j_4core7convert4FromRNtB6_11RoleRevokedE4fromBa_
FNDA:0,_RNCNvXs_NvNtNtCs6vaqcEMrLsG_19openzeppelin_stylus6access7controls0_1__NtNtCs9yoxqfta9I2_16alloy_primitives3log7LogDataINtNtCshuVUGNokh5j_4core7convert4FromRNtB8_11RoleRevokedE4from0Bc_
FNDA:0,_RNvNvNtNtCs6vaqcEMrLsG_19openzeppelin_stylus6access7controls1_1__15__type_assertion
FNDA:0,_RNvNvNtNtCs6vaqcEMrLsG_19openzeppelin_stylus6access7controls2_1__15__type_assertion
FNDA:0,_RNvXs6_NtNtCs6vaqcEMrLsG_19openzeppelin_stylus6access7controlNtB5_5ErrorINtNtCshuVUGNokh5j_4core7convert4FromNtB5_32AccessControlUnauthorizedAccountE4from
FNDA:0,_RNvXs7_NtNtCs6vaqcEMrLsG_19openzeppelin_stylus6access7controlNtB5_5ErrorINtNtCshuVUGNokh5j_4core7convert4FromNtB5_28AccessControlBadConfirmationE4from
FNDA:0,_RNvXs8_NtNtCs6vaqcEMrLsG_19openzeppelin_stylus6access7controlINtNtCsdDMkpvQxPWz_5alloc3vec3VechEINtNtCshuVUGNokh5j_4core7convert4FromNtB5_5ErrorE4from
FNDA:0,_RNvMsa_NtNtCs6vaqcEMrLsG_19openzeppelin_stylus6access7controlNtB5_8RoleData14required_slots
FNDA:0,_RNvXsb_NtNtCs6vaqcEMrLsG_19openzeppelin_stylus6access7controlNtB5_8RoleDataNtNtNtCs8c3p7fi1c1U_10stylus_sdk7storage6traits11StorageType4load
FNDA:0,_RNvXsb_NtNtCs6vaqcEMrLsG_19openzeppelin_stylus6access7controlNtB5_8RoleDataNtNtNtCs8c3p7fi1c1U_10stylus_sdk7storage6traits11StorageType8load_mut
FNDA:0,_RNvMsc_NtNtCs6vaqcEMrLsG_19openzeppelin_stylus6access7controlNtB5_13AccessControl14required_slots
FNDA:0,_RNvXsd_NtNtCs6vaqcEMrLsG_19openzeppelin_stylus6access7controlNtB5_13AccessControlNtNtNtCs8c3p7fi1c1U_10stylus_sdk7storage6traits11StorageType4load
FNDA:0,_RNvXsd_NtNtCs6vaqcEMrLsG_19openzeppelin_stylus6access7controlNtB5_13AccessControlNtNtNtCs8c3p7fi1c1U_10stylus_sdk7storage6traits11StorageType8load_mut
FNDA:0,_RNvXININtNtCs6vaqcEMrLsG_19openzeppelin_stylus6access7controlsf_0pENtB5_13AccessControlINtNtCs8c3p7fi1c1U_10stylus_sdk3abi6RouterpE5routeB9_
FNDA:0,_RNvMsg_NtNtCs6vaqcEMrLsG_19openzeppelin_stylus6access7controlNtB5_13AccessControl23___stylus_allow_override
FNDA:0,_RNvMsg_NtNtCs6vaqcEMrLsG_19openzeppelin_stylus6access7controlNtB5_13AccessControl25___stylus_assert_overrides
FNDA:5,_RNvMNtNtCs6vaqcEMrLsG_19openzeppelin_stylus6access7controlNtB2_13AccessControl15__set_role_admin
FNDA:15,_RNvMNtNtCs6vaqcEMrLsG_19openzeppelin_stylus6access7controlNtB2_13AccessControl11__check_role
FNDA:5,_RNvMNtNtCs6vaqcEMrLsG_19openzeppelin_stylus6access7controlNtB2_13AccessControl11__grant_role
FNDA:10,_RNvMNtNtCs6vaqcEMrLsG_19openzeppelin_stylus6access7controlNtB2_13AccessControl12__revoke_role
FNDA:93,_RNvXsb_NtNtCs6vaqcEMrLsG_19openzeppelin_stylus6access7controlNtB5_8RoleDataNtNtNtCs8c3p7fi1c1U_10stylus_sdk7storage6traits11StorageType3new
FNDA:22,_RNvXsd_NtNtCs6vaqcEMrLsG_19openzeppelin_stylus6access7controlNtB5_13AccessControlNtNtNtCs8c3p7fi1c1U_10stylus_sdk7storage6traits11StorageType3new
FNDA:42,_RNvMse_NtNtCs6vaqcEMrLsG_19openzeppelin_stylus6access7controlNtB5_13AccessControl8has_role
FNDA:12,_RNvMse_NtNtCs6vaqcEMrLsG_19openzeppelin_stylus6access7controlNtB5_13AccessControl9only_role
FNDA:20,_RNvMse_NtNtCs6vaqcEMrLsG_19openzeppelin_stylus6access7controlNtB5_13AccessControl14get_role_admin
FNDA:5,_RNvMse_NtNtCs6vaqcEMrLsG_19openzeppelin_stylus6access7controlNtB5_13AccessControl10grant_role
FNDA:7,_RNvMse_NtNtCs6vaqcEMrLsG_19openzeppelin_stylus6access7controlNtB5_13AccessControl11revoke_role
FNDA:4,_RNvMse_NtNtCs6vaqcEMrLsG_19openzeppelin_stylus6access7controlNtB5_13AccessControl13renounce_role
FNDA:13,_RNvNtNtNtCs6vaqcEMrLsG_19openzeppelin_stylus6access7control5tests25__grant_role_to_msg_sender
FNDA:1,_RNvNtNtNtCs6vaqcEMrLsG_19openzeppelin_stylus6access7control5testss_29default_role_is_default_admin
FNDA:1,_RNvNtNtNtCs6vaqcEMrLsG_19openzeppelin_stylus6access7control5testss_35default_admin_roles_admin_is_itself
FNDA:1,_RNvNtNtNtCs6vaqcEMrLsG_19openzeppelin_stylus6access7control5testss_37non_admin_cannot_grant_role_to_others
FNDA:1,_RNvNtNtNtCs6vaqcEMrLsG_19openzeppelin_stylus6access7control5testss_44accounts_can_be_granted_roles_multiple_times
FNDA:1,_RNvNtNtNtCs6vaqcEMrLsG_19openzeppelin_stylus6access7control5testss_32not_granted_roles_can_be_revoked
FNDA:1,_RNvNtNtNtCs6vaqcEMrLsG_19openzeppelin_stylus6access7control5testss_21admin_can_revoke_role
FNDA:1,_RNvNtNtNtCs6vaqcEMrLsG_19openzeppelin_stylus6access7control5testss_28non_admin_cannot_revoke_role
FNDA:1,_RNvNtNtNtCs6vaqcEMrLsG_19openzeppelin_stylus6access7control5testss_35roles_can_be_revoked_multiple_times
FNDA:1,_RNvNtNtNtCs6vaqcEMrLsG_19openzeppelin_stylus6access7control5testss_24bearer_can_renounce_role
FNDA:1,_RNvNtNtNtCs6vaqcEMrLsG_19openzeppelin_stylus6access7control5testss_24only_sender_can_renounce
FNDA:1,_RNvNtNtNtCs6vaqcEMrLsG_19openzeppelin_stylus6access7control5testss_37roles_can_be_renounced_multiple_times
FNDA:1,_RNvNtNtNtCs6vaqcEMrLsG_19openzeppelin_stylus6access7control5testss_29a_roles_admin_role_can_change
FNDA:1,_RNvNtNtNtCs6vaqcEMrLsG_19openzeppelin_stylus6access7control5testss_29the_new_admin_can_grant_roles
FNDA:1,_RNvNtNtNtCs6vaqcEMrLsG_19openzeppelin_stylus6access7control5testss_30the_new_admin_can_revoke_roles
FNDA:1,_RNvNtNtNtCs6vaqcEMrLsG_19openzeppelin_stylus6access7control5testss_37previous_admins_no_longer_grant_roles
FNDA:1,_RNvNtNtNtCs6vaqcEMrLsG_19openzeppelin_stylus6access7control5testss_38previous_admins_no_longer_revoke_roles
FNDA:1,_RNvNtNtNtCs6vaqcEMrLsG_19openzeppelin_stylus6access7control5testss_34does_not_revert_if_sender_has_role
FNDA:1,_RNvNtNtNtCs6vaqcEMrLsG_19openzeppelin_stylus6access7control5testss_34reverts_if_sender_doesnt_have_role
FNDA:1,_RNvNtNtNtCs6vaqcEMrLsG_19openzeppelin_stylus6access7control5testss_35internal_grant_role_true_if_no_role
FNDA:1,_RNvNtNtNtCs6vaqcEMrLsG_19openzeppelin_stylus6access7control5testss_33internal_grant_role_false_if_role
FNDA:1,_RNvNtNtNtCs6vaqcEMrLsG_19openzeppelin_stylus6access7control5testss_33internal_revoke_role_true_if_role
FNDA:1,_RNvNtNtNtCs6vaqcEMrLsG_19openzeppelin_stylus6access7control5testss_37internal_revoke_role_false_if_no_role
FNF:40
FNH:34
DA:50,0
DA:51,0
DA:52,0
DA:53,0
DA:54,0
DA:55,0
DA:56,0
DA:57,0
DA:58,0
DA:59,0
DA:60,0
DA:61,0
DA:62,0
DA:63,0
DA:64,0
DA:65,0
DA:66,0
DA:67,0
DA:68,0
DA:69,0
DA:70,0
DA:71,0
DA:72,0
DA:73,0
DA:75,0
DA:76,0
DA:77,0
DA:78,0
DA:79,0
DA:80,0
DA:81,0
DA:82,0
DA:83,0
DA:84,0
DA:85,0
DA:86,0
DA:87,0
DA:88,0
DA:89,0
DA:93,0
DA:101,0
DA:102,0
DA:103,0
DA:104,0
DA:105,0
DA:106,0
DA:107,0
DA:108,0
DA:109,0
DA:110,0
DA:111,0
DA:112,0
DA:113,0
DA:114,0
DA:115,115
DA:117,0
DA:130,42
DA:131,42
DA:132,42
DA:145,12
DA:146,12
DA:147,12
DA:159,20
DA:160,20
DA:161,20
DA:186,5
DA:187,5
DA:188,5
DA:189,5
DA:190,5
DA:191,5
DA:192,5
DA:193,3
DA:194,3
DA:195,5
DA:219,7
DA:220,7
DA:221,7
DA:222,7
DA:223,7
DA:224,7
DA:225,7
DA:226,5
DA:227,5
DA:228,7
DA:256,4
DA:257,4
DA:258,4
DA:259,4
DA:260,4
DA:261,4
DA:262,1
DA:263,1
DA:264,1
DA:265,3
DA:266,3
DA:267,3
DA:268,3
DA:269,4
DA:284,5
DA:285,5
DA:286,5
DA:287,5
DA:288,5
DA:289,5
DA:290,5
DA:291,5
DA:292,5
DA:306,15
DA:307,15
DA:308,15
DA:309,15
DA:310,15
DA:311,15
DA:312,6
DA:313,6
DA:314,6
DA:315,9
DA:316,9
DA:317,9
DA:318,15
DA:334,5
DA:335,5
DA:336,2
DA:338,3
DA:339,3
DA:340,3
DA:342,5
DA:358,10
DA:359,10
DA:360,5
DA:361,5
DA:362,5
DA:364,5
DA:366,10
DA:398,13
DA:399,13
DA:400,13
DA:401,13
DA:402,13
DA:403,13
DA:404,13
DA:406,1
DA:412,1
DA:419,1
DA:425,1
DA:435,1
DA:446,1
DA:458,1
DA:468,1
DA:478,1
DA:489,1
DA:496,1
DA:507,1
DA:516,1
DA:526,1
DA:537,1
DA:546,1
DA:555,1
DA:561,1
DA:570,1
DA:576,1
DA:583,1
DA:590,1
BRF:0
BRH:0
LF:166
LH:109
end_of_record
SF:/home/nenad/repos/rust-contracts-stylus/contracts/src/access/ownable.rs
FN:45,_RNvXs7_NtNtCsa86sUp9HUqm_19openzeppelin_stylus6access7ownableINtNtCsdDMkpvQxPWz_5alloc3vec3VechEINtNtCshuVUGNokh5j_4core7convert4FromNtB5_5ErrorE4from
FN:27,_RNvXs_NvNtNtCsa86sUp9HUqm_19openzeppelin_stylus6access7ownable1__NtNtCs9yoxqfta9I2_16alloy_primitives3log7LogDataINtNtCshuVUGNokh5j_4core7convert4FromRNtB6_20OwnershipTransferredE4fromBa_
FN:20,_RNCNvXs_NvNtNtCsa86sUp9HUqm_19openzeppelin_stylus6access7ownable1__NtNtCs9yoxqfta9I2_16alloy_primitives3log7LogDataINtNtCshuVUGNokh5j_4core7convert4FromRNtB8_20OwnershipTransferredE4from0Bc_
FN:123,_RNvXININtNtCsa86sUp9HUqm_19openzeppelin_stylus6access7ownablesc_0pENtB5_7OwnableINtNtCs8c3p7fi1c1U_10stylus_sdk3abi6RouterpE5routeB9_
FN:54,_RNvXNtNtCsa86sUp9HUqm_19openzeppelin_stylus6access7ownableNtB2_5ErrorNtNtNtCs8c3p7fi1c1U_10stylus_sdk4call5error11MethodError6encode
FN:166,_RNvMs_NtNtCsa86sUp9HUqm_19openzeppelin_stylus6access7ownableNtB4_7Ownable10only_owner
FN:188,_RNvMs_NtNtCsa86sUp9HUqm_19openzeppelin_stylus6access7ownableNtB4_7Ownable19__transfer_ownership
FN:45,_RNvXs5_NtNtCsa86sUp9HUqm_19openzeppelin_stylus6access7ownableNtB5_5ErrorINtNtCshuVUGNokh5j_4core7convert4FromNtB5_26OwnableUnauthorizedAccountE4from
FN:45,_RNvXs6_NtNtCsa86sUp9HUqm_19openzeppelin_stylus6access7ownableNtB5_5ErrorINtNtCshuVUGNokh5j_4core7convert4FromNtB5_19OwnableInvalidOwnerE4from
FN:65,_RNvMs9_NtNtCsa86sUp9HUqm_19openzeppelin_stylus6access7ownableNtB5_7Ownable14required_slots
FN:65,_RNvXsa_NtNtCsa86sUp9HUqm_19openzeppelin_stylus6access7ownableNtB5_7OwnableNtNtNtCs8c3p7fi1c1U_10stylus_sdk7storage6traits11StorageType3new
FN:59,_RNvXsa_NtNtCsa86sUp9HUqm_19openzeppelin_stylus6access7ownableNtB5_7OwnableNtNtNtCs8c3p7fi1c1U_10stylus_sdk7storage6traits11StorageType4load
FN:59,_RNvXsa_NtNtCsa86sUp9HUqm_19openzeppelin_stylus6access7ownableNtB5_7OwnableNtNtNtCs8c3p7fi1c1U_10stylus_sdk7storage6traits11StorageType8load_mut
FN:127,_RNvXsb_NtNtCsa86sUp9HUqm_19openzeppelin_stylus6access7ownableNtB5_7OwnableNtB5_8IOwnable5owner
FN:131,_RNvXsb_NtNtCsa86sUp9HUqm_19openzeppelin_stylus6access7ownableNtB5_7OwnableNtB5_8IOwnable18transfer_ownership
FN:148,_RNvXsb_NtNtCsa86sUp9HUqm_19openzeppelin_stylus6access7ownableNtB5_7OwnableNtB5_8IOwnable18renounce_ownership
FN:123,_RNvMsd_NtNtCsa86sUp9HUqm_19openzeppelin_stylus6access7ownableNtB5_7Ownable23___stylus_allow_override
FN:123,_RNvMsd_NtNtCsa86sUp9HUqm_19openzeppelin_stylus6access7ownableNtB5_7Ownable25___stylus_assert_overrides
FN:123,_RNvXsc_NtNtCsa86sUp9HUqm_19openzeppelin_stylus6access7ownableNtB5_7OwnableINtNtCs8c3p7fi1c1U_10stylus_sdk3abi6RouterNtCs37bsBREJ4Le_15ownable_example14OwnableExampleE5routeB1S_
FN:166,_RNvMs_NtNtCs6vaqcEMrLsG_19openzeppelin_stylus6access7ownableNtB4_7Ownable10only_owner
FN:188,_RNvMs_NtNtCs6vaqcEMrLsG_19openzeppelin_stylus6access7ownableNtB4_7Ownable19__transfer_ownership
FN:65,_RNvXsa_NtNtCs6vaqcEMrLsG_19openzeppelin_stylus6access7ownableNtB5_7OwnableNtNtNtCs8c3p7fi1c1U_10stylus_sdk7storage6traits11StorageType3new
FN:127,_RNvXsb_NtNtCs6vaqcEMrLsG_19openzeppelin_stylus6access7ownableNtB5_7OwnableNtB5_8IOwnable5owner
FN:131,_RNvXsb_NtNtCs6vaqcEMrLsG_19openzeppelin_stylus6access7ownableNtB5_7OwnableNtB5_8IOwnable18transfer_ownership
FN:148,_RNvXsb_NtNtCs6vaqcEMrLsG_19openzeppelin_stylus6access7ownableNtB5_7OwnableNtB5_8IOwnable18renounce_ownership
FN:27,_RNvXs_NvNtNtCs6vaqcEMrLsG_19openzeppelin_stylus6access7ownable1__NtNtCs9yoxqfta9I2_16alloy_primitives3log7LogDataINtNtCshuVUGNokh5j_4core7convert4FromRNtB6_20OwnershipTransferredE4fromBa_
FN:20,_RNCNvXs_NvNtNtCs6vaqcEMrLsG_19openzeppelin_stylus6access7ownable1__NtNtCs9yoxqfta9I2_16alloy_primitives3log7LogDataINtNtCshuVUGNokh5j_4core7convert4FromRNtB8_20OwnershipTransferredE4from0Bc_
FN:29,_RNvNvNtNtCs6vaqcEMrLsG_19openzeppelin_stylus6access7ownables_1__15__type_assertion
FN:29,_RNvNvNtNtCs6vaqcEMrLsG_19openzeppelin_stylus6access7ownables0_1__15__type_assertion
FN:45,_RNvXs5_NtNtCs6vaqcEMrLsG_19openzeppelin_stylus6access7ownableNtB5_5ErrorINtNtCshuVUGNokh5j_4core7convert4FromNtB5_26OwnableUnauthorizedAccountE4from
FN:45,_RNvXs6_NtNtCs6vaqcEMrLsG_19openzeppelin_stylus6access7ownableNtB5_5ErrorINtNtCshuVUGNokh5j_4core7convert4FromNtB5_19OwnableInvalidOwnerE4from
FN:45,_RNvXs7_NtNtCs6vaqcEMrLsG_19openzeppelin_stylus6access7ownableINtNtCsdDMkpvQxPWz_5alloc3vec3VechEINtNtCshuVUGNokh5j_4core7convert4FromNtB5_5ErrorE4from
FN:54,_RNvXNtNtCs6vaqcEMrLsG_19openzeppelin_stylus6access7ownableNtB2_5ErrorNtNtNtCs8c3p7fi1c1U_10stylus_sdk4call5error11MethodError6encode
FN:65,_RNvMs9_NtNtCs6vaqcEMrLsG_19openzeppelin_stylus6access7ownableNtB5_7Ownable14required_slots
FN:59,_RNvXsa_NtNtCs6vaqcEMrLsG_19openzeppelin_stylus6access7ownableNtB5_7OwnableNtNtNtCs8c3p7fi1c1U_10stylus_sdk7storage6traits11StorageType4load
FN:59,_RNvXsa_NtNtCs6vaqcEMrLsG_19openzeppelin_stylus6access7ownableNtB5_7OwnableNtNtNtCs8c3p7fi1c1U_10stylus_sdk7storage6traits11StorageType8load_mut
FN:123,_RNvXININtNtCs6vaqcEMrLsG_19openzeppelin_stylus6access7ownablesc_0pENtB5_7OwnableINtNtCs8c3p7fi1c1U_10stylus_sdk3abi6RouterpE5routeB9_
FN:123,_RNvMsd_NtNtCs6vaqcEMrLsG_19openzeppelin_stylus6access7ownableNtB5_7Ownable23___stylus_allow_override
FN:123,_RNvMsd_NtNtCs6vaqcEMrLsG_19openzeppelin_stylus6access7ownableNtB5_7Ownable25___stylus_assert_overrides
FN:204,_RNvNtNtNtCs6vaqcEMrLsG_19openzeppelin_stylus6access7ownable5testss_11reads_owner
FN:211,_RNvNtNtNtCs6vaqcEMrLsG_19openzeppelin_stylus6access7ownable5testss_19transfers_ownership
FN:220,_RNvNtNtNtCs6vaqcEMrLsG_19openzeppelin_stylus6access7ownable5testss_37prevents_non_onwers_from_transferring
FN:231,_RNvNtNtNtCs6vaqcEMrLsG_19openzeppelin_stylus6access7ownable5testss_29prevents_reaching_stuck_state
FN:239,_RNvNtNtNtCs6vaqcEMrLsG_19openzeppelin_stylus6access7ownable5testss_32loses_ownership_after_renouncing
FN:248,_RNvNtNtNtCs6vaqcEMrLsG_19openzeppelin_stylus6access7ownable5testss_35prevents_non_owners_from_renouncing
FN:258,_RNvNtNtNtCs6vaqcEMrLsG_19openzeppelin_stylus6access7ownable5testss_39recovers_access_using_internal_transfer
FN:123,_RNvXsc_NtNtCsa86sUp9HUqm_19openzeppelin_stylus6access7ownableNtB5_7OwnableINtNtCs8c3p7fi1c1U_10stylus_sdk3abi6RouterNtCskkDasFjYffQ_15ownable_example14OwnableExampleE5routeB1S_
FNDA:0,_RNvXs7_NtNtCsa86sUp9HUqm_19openzeppelin_stylus6access7ownableINtNtCsdDMkpvQxPWz_5alloc3vec3VechEINtNtCshuVUGNokh5j_4core7convert4FromNtB5_5ErrorE4from
FNDA:0,_RNvXs_NvNtNtCsa86sUp9HUqm_19openzeppelin_stylus6access7ownable1__NtNtCs9yoxqfta9I2_16alloy_primitives3log7LogDataINtNtCshuVUGNokh5j_4core7convert4FromRNtB6_20OwnershipTransferredE4fromBa_
FNDA:0,_RNCNvXs_NvNtNtCsa86sUp9HUqm_19openzeppelin_stylus6access7ownable1__NtNtCs9yoxqfta9I2_16alloy_primitives3log7LogDataINtNtCshuVUGNokh5j_4core7convert4FromRNtB8_20OwnershipTransferredE4from0Bc_
FNDA:0,_RNvXININtNtCsa86sUp9HUqm_19openzeppelin_stylus6access7ownablesc_0pENtB5_7OwnableINtNtCs8c3p7fi1c1U_10stylus_sdk3abi6RouterpE5routeB9_
FNDA:0,_RNvXNtNtCsa86sUp9HUqm_19openzeppelin_stylus6access7ownableNtB2_5ErrorNtNtNtCs8c3p7fi1c1U_10stylus_sdk4call5error11MethodError6encode
FNDA:0,_RNvMs_NtNtCsa86sUp9HUqm_19openzeppelin_stylus6access7ownableNtB4_7Ownable10only_owner
FNDA:0,_RNvMs_NtNtCsa86sUp9HUqm_19openzeppelin_stylus6access7ownableNtB4_7Ownable19__transfer_ownership
FNDA:0,_RNvXs5_NtNtCsa86sUp9HUqm_19openzeppelin_stylus6access7ownableNtB5_5ErrorINtNtCshuVUGNokh5j_4core7convert4FromNtB5_26OwnableUnauthorizedAccountE4from
FNDA:0,_RNvXs6_NtNtCsa86sUp9HUqm_19openzeppelin_stylus6access7ownableNtB5_5ErrorINtNtCshuVUGNokh5j_4core7convert4FromNtB5_19OwnableInvalidOwnerE4from
FNDA:0,_RNvMs9_NtNtCsa86sUp9HUqm_19openzeppelin_stylus6access7ownableNtB5_7Ownable14required_slots
FNDA:0,_RNvXsa_NtNtCsa86sUp9HUqm_19openzeppelin_stylus6access7ownableNtB5_7OwnableNtNtNtCs8c3p7fi1c1U_10stylus_sdk7storage6traits11StorageType3new
FNDA:0,_RNvXsa_NtNtCsa86sUp9HUqm_19openzeppelin_stylus6access7ownableNtB5_7OwnableNtNtNtCs8c3p7fi1c1U_10stylus_sdk7storage6traits11StorageType4load
FNDA:0,_RNvXsa_NtNtCsa86sUp9HUqm_19openzeppelin_stylus6access7ownableNtB5_7OwnableNtNtNtCs8c3p7fi1c1U_10stylus_sdk7storage6traits11StorageType8load_mut
FNDA:0,_RNvXsb_NtNtCsa86sUp9HUqm_19openzeppelin_stylus6access7ownableNtB5_7OwnableNtB5_8IOwnable5owner
FNDA:0,_RNvXsb_NtNtCsa86sUp9HUqm_19openzeppelin_stylus6access7ownableNtB5_7OwnableNtB5_8IOwnable18transfer_ownership
FNDA:0,_RNvXsb_NtNtCsa86sUp9HUqm_19openzeppelin_stylus6access7ownableNtB5_7OwnableNtB5_8IOwnable18renounce_ownership
FNDA:0,_RNvMsd_NtNtCsa86sUp9HUqm_19openzeppelin_stylus6access7ownableNtB5_7Ownable23___stylus_allow_override
FNDA:0,_RNvMsd_NtNtCsa86sUp9HUqm_19openzeppelin_stylus6access7ownableNtB5_7Ownable25___stylus_assert_overrides
FNDA:0,_RNvXsc_NtNtCsa86sUp9HUqm_19openzeppelin_stylus6access7ownableNtB5_7OwnableINtNtCs8c3p7fi1c1U_10stylus_sdk3abi6RouterNtCs37bsBREJ4Le_15ownable_example14OwnableExampleE5routeB1S_
FNDA:14,_RNvMs_NtNtCs6vaqcEMrLsG_19openzeppelin_stylus6access7ownableNtB4_7Ownable10only_owner
FNDA:7,_RNvMs_NtNtCs6vaqcEMrLsG_19openzeppelin_stylus6access7ownableNtB4_7Ownable19__transfer_ownership
FNDA:27,_RNvXsa_NtNtCs6vaqcEMrLsG_19openzeppelin_stylus6access7ownableNtB5_7OwnableNtNtNtCs8c3p7fi1c1U_10stylus_sdk7storage6traits11StorageType3new
FNDA:28,_RNvXsb_NtNtCs6vaqcEMrLsG_19openzeppelin_stylus6access7ownableNtB5_7OwnableNtB5_8IOwnable5owner
FNDA:3,_RNvXsb_NtNtCs6vaqcEMrLsG_19openzeppelin_stylus6access7ownableNtB5_7OwnableNtB5_8IOwnable18transfer_ownership
FNDA:2,_RNvXsb_NtNtCs6vaqcEMrLsG_19openzeppelin_stylus6access7ownableNtB5_7OwnableNtB5_8IOwnable18renounce_ownership
FNDA:0,_RNvXs_NvNtNtCs6vaqcEMrLsG_19openzeppelin_stylus6access7ownable1__NtNtCs9yoxqfta9I2_16alloy_primitives3log7LogDataINtNtCshuVUGNokh5j_4core7convert4FromRNtB6_20OwnershipTransferredE4fromBa_
FNDA:0,_RNCNvXs_NvNtNtCs6vaqcEMrLsG_19openzeppelin_stylus6access7ownable1__NtNtCs9yoxqfta9I2_16alloy_primitives3log7LogDataINtNtCshuVUGNokh5j_4core7convert4FromRNtB8_20OwnershipTransferredE4from0Bc_
FNDA:0,_RNvNvNtNtCs6vaqcEMrLsG_19openzeppelin_stylus6access7ownables_1__15__type_assertion
FNDA:0,_RNvNvNtNtCs6vaqcEMrLsG_19openzeppelin_stylus6access7ownables0_1__15__type_assertion
FNDA:0,_RNvXs5_NtNtCs6vaqcEMrLsG_19openzeppelin_stylus6access7ownableNtB5_5ErrorINtNtCshuVUGNokh5j_4core7convert4FromNtB5_26OwnableUnauthorizedAccountE4from
FNDA:0,_RNvXs6_NtNtCs6vaqcEMrLsG_19openzeppelin_stylus6access7ownableNtB5_5ErrorINtNtCshuVUGNokh5j_4core7convert4FromNtB5_19OwnableInvalidOwnerE4from
FNDA:0,_RNvXs7_NtNtCs6vaqcEMrLsG_19openzeppelin_stylus6access7ownableINtNtCsdDMkpvQxPWz_5alloc3vec3VechEINtNtCshuVUGNokh5j_4core7convert4FromNtB5_5ErrorE4from
FNDA:0,_RNvXNtNtCs6vaqcEMrLsG_19openzeppelin_stylus6access7ownableNtB2_5ErrorNtNtNtCs8c3p7fi1c1U_10stylus_sdk4call5error11MethodError6encode
FNDA:0,_RNvMs9_NtNtCs6vaqcEMrLsG_19openzeppelin_stylus6access7ownableNtB5_7Ownable14required_slots
FNDA:0,_RNvXsa_NtNtCs6vaqcEMrLsG_19openzeppelin_stylus6access7ownableNtB5_7OwnableNtNtNtCs8c3p7fi1c1U_10stylus_sdk7storage6traits11StorageType4load
FNDA:0,_RNvXsa_NtNtCs6vaqcEMrLsG_19openzeppelin_stylus6access7ownableNtB5_7OwnableNtNtNtCs8c3p7fi1c1U_10stylus_sdk7storage6traits11StorageType8load_mut
FNDA:0,_RNvXININtNtCs6vaqcEMrLsG_19openzeppelin_stylus6access7ownablesc_0pENtB5_7OwnableINtNtCs8c3p7fi1c1U_10stylus_sdk3abi6RouterpE5routeB9_
FNDA:0,_RNvMsd_NtNtCs6vaqcEMrLsG_19openzeppelin_stylus6access7ownableNtB5_7Ownable23___stylus_allow_override
FNDA:0,_RNvMsd_NtNtCs6vaqcEMrLsG_19openzeppelin_stylus6access7ownableNtB5_7Ownable25___stylus_assert_overrides
FNDA:1,_RNvNtNtNtCs6vaqcEMrLsG_19openzeppelin_stylus6access7ownable5testss_11reads_owner
FNDA:1,_RNvNtNtNtCs6vaqcEMrLsG_19openzeppelin_stylus6access7ownable5testss_19transfers_ownership
FNDA:1,_RNvNtNtNtCs6vaqcEMrLsG_19openzeppelin_stylus6access7ownable5testss_37prevents_non_onwers_from_transferring
FNDA:1,_RNvNtNtNtCs6vaqcEMrLsG_19openzeppelin_stylus6access7ownable5testss_29prevents_reaching_stuck_state
FNDA:1,_RNvNtNtNtCs6vaqcEMrLsG_19openzeppelin_stylus6access7ownable5testss_32loses_ownership_after_renouncing
FNDA:1,_RNvNtNtNtCs6vaqcEMrLsG_19openzeppelin_stylus6access7ownable5testss_35prevents_non_owners_from_renouncing
FNDA:1,_RNvNtNtNtCs6vaqcEMrLsG_19openzeppelin_stylus6access7ownable5testss_39recovers_access_using_internal_transfer
FNDA:0,_RNvXsc_NtNtCsa86sUp9HUqm_19openzeppelin_stylus6access7ownableNtB5_7OwnableINtNtCs8c3p7fi1c1U_10stylus_sdk3abi6RouterNtCskkDasFjYffQ_15ownable_example14OwnableExampleE5routeB1S_
FNF:20
FNH:13
DA:20,0
DA:21,0
DA:22,0
DA:23,0
DA:24,0
DA:25,0
DA:26,0
DA:27,0
DA:29,0
DA:30,0
DA:31,0
DA:32,0
DA:33,0
DA:34,0
DA:35,0
DA:36,0
DA:37,0
DA:38,0
DA:39,0
DA:40,0
DA:41,0
DA:42,0
DA:45,0
DA:54,0
DA:55,0
DA:56,0
DA:59,0
DA:60,0
DA:61,0
DA:62,0
DA:63,0
DA:64,0
DA:65,27
DA:123,0
DA:127,28
DA:128,28
DA:129,28
DA:131,3
DA:132,3
DA:133,3
DA:134,3
DA:135,3
DA:137,2
DA:138,1
DA:139,1
DA:140,1
DA:141,1
DA:142,1
DA:143,1
DA:144,1
DA:145,1
DA:146,3
DA:148,2
DA:149,2
DA:150,1
DA:151,1
DA:152,2
DA:166,14
DA:167,14
DA:168,14
DA:169,4
DA:170,4
DA:171,4
DA:172,10
DA:173,10
DA:174,10
DA:175,14
DA:188,7
DA:189,7
DA:190,7
DA:191,7
DA:192,7
DA:204,1
DA:211,1
DA:220,1
DA:231,1
DA:239,1
DA:248,1
DA:258,1
BRF:0
BRH:0
LF:81
LH:46
end_of_record
SF:/home/nenad/repos/rust-contracts-stylus/contracts/src/access/ownable_two_step.rs
FN:45,_RNvXs1_NtNtCsa86sUp9HUqm_19openzeppelin_stylus6access16ownable_two_stepINtNtCsdDMkpvQxPWz_5alloc3vec3VechEINtNtCshuVUGNokh5j_4core7convert4FromNtB5_5ErrorE4from
FN:206,_RNvMNtNtCsa86sUp9HUqm_19openzeppelin_stylus6access16ownable_two_stepNtB2_12Ownable2Step19__transfer_ownership
FN:45,_RNvXs0_NtNtCsa86sUp9HUqm_19openzeppelin_stylus6access16ownable_two_stepNtB5_5ErrorINtNtCshuVUGNokh5j_4core7convert4FromNtNtB7_7ownable5ErrorE4from
FN:59,_RNvMs3_NtNtCsa86sUp9HUqm_19openzeppelin_stylus6access16ownable_two_stepNtB5_12Ownable2Step14required_slots
FN:59,_RNvXs4_NtNtCsa86sUp9HUqm_19openzeppelin_stylus6access16ownable_two_stepNtB5_12Ownable2StepNtNtNtCs8c3p7fi1c1U_10stylus_sdk7storage6traits11StorageType3new
FN:51,_RNvXs4_NtNtCsa86sUp9HUqm_19openzeppelin_stylus6access16ownable_two_stepNtB5_12Ownable2StepNtNtNtCs8c3p7fi1c1U_10stylus_sdk7storage6traits11StorageType4load
FN:51,_RNvXs4_NtNtCsa86sUp9HUqm_19openzeppelin_stylus6access16ownable_two_stepNtB5_12Ownable2StepNtNtNtCs8c3p7fi1c1U_10stylus_sdk7storage6traits11StorageType8load_mut
FN:147,_RNvXs5_NtNtCsa86sUp9HUqm_19openzeppelin_stylus6access16ownable_two_stepNtB5_12Ownable2StepNtB5_13IOwnable2Step5owner
FN:151,_RNvXs5_NtNtCsa86sUp9HUqm_19openzeppelin_stylus6access16ownable_two_stepNtB5_12Ownable2StepNtB5_13IOwnable2Step13pending_owner
FN:155,_RNvXs5_NtNtCsa86sUp9HUqm_19openzeppelin_stylus6access16ownable_two_stepNtB5_12Ownable2StepNtB5_13IOwnable2Step18transfer_ownership
FN:170,_RNvXs5_NtNtCsa86sUp9HUqm_19openzeppelin_stylus6access16ownable_two_stepNtB5_12Ownable2StepNtB5_13IOwnable2Step16accept_ownership
FN:183,_RNvXs5_NtNtCsa86sUp9HUqm_19openzeppelin_stylus6access16ownable_two_stepNtB5_12Ownable2StepNtB5_13IOwnable2Step18renounce_ownership
FN:143,_RNvMs7_NtNtCsa86sUp9HUqm_19openzeppelin_stylus6access16ownable_two_stepNtB5_12Ownable2Step23___stylus_allow_override
FN:143,_RNvMs7_NtNtCsa86sUp9HUqm_19openzeppelin_stylus6access16ownable_two_stepNtB5_12Ownable2Step25___stylus_assert_overrides
FN:41,_RNvXs_NvNtNtCsa86sUp9HUqm_19openzeppelin_stylus6access16ownable_two_step1__NtNtCs9yoxqfta9I2_16alloy_primitives3log7LogDataINtNtCshuVUGNokh5j_4core7convert4FromRNtB6_24OwnershipTransferStartedE4fromBa_
FN:30,_RNCNvXs_NvNtNtCsa86sUp9HUqm_19openzeppelin_stylus6access16ownable_two_step1__NtNtCs9yoxqfta9I2_16alloy_primitives3log7LogDataINtNtCshuVUGNokh5j_4core7convert4FromRNtB8_24OwnershipTransferStartedE4from0Bc_
FN:143,_RNvXININtNtCsa86sUp9HUqm_19openzeppelin_stylus6access16ownable_two_steps6_0pENtB5_12Ownable2StepINtNtCs8c3p7fi1c1U_10stylus_sdk3abi6RouterpE5routeB9_
FN:143,_RNvXs6_NtNtCsa86sUp9HUqm_19openzeppelin_stylus6access16ownable_two_stepNtB5_12Ownable2StepINtNtCs8c3p7fi1c1U_10stylus_sdk3abi6RouterNtCsjHHT2ck5caV_16ownable_two_step19Ownable2StepExampleE5routeB28_
FN:206,_RNvMNtNtCs6vaqcEMrLsG_19openzeppelin_stylus6access16ownable_two_stepNtB2_12Ownable2Step19__transfer_ownership
FN:45,_RNvXs0_NtNtCs6vaqcEMrLsG_19openzeppelin_stylus6access16ownable_two_stepNtB5_5ErrorINtNtCshuVUGNokh5j_4core7convert4FromNtNtB7_7ownable5ErrorE4from
FN:59,_RNvXs4_NtNtCs6vaqcEMrLsG_19openzeppelin_stylus6access16ownable_two_stepNtB5_12Ownable2StepNtNtNtCs8c3p7fi1c1U_10stylus_sdk7storage6traits11StorageType3new
FN:147,_RNvXs5_NtNtCs6vaqcEMrLsG_19openzeppelin_stylus6access16ownable_two_stepNtB5_12Ownable2StepNtB5_13IOwnable2Step5owner
FN:151,_RNvXs5_NtNtCs6vaqcEMrLsG_19openzeppelin_stylus6access16ownable_two_stepNtB5_12Ownable2StepNtB5_13IOwnable2Step13pending_owner
FN:155,_RNvXs5_NtNtCs6vaqcEMrLsG_19openzeppelin_stylus6access16ownable_two_stepNtB5_12Ownable2StepNtB5_13IOwnable2Step18transfer_ownership
FN:170,_RNvXs5_NtNtCs6vaqcEMrLsG_19openzeppelin_stylus6access16ownable_two_stepNtB5_12Ownable2StepNtB5_13IOwnable2Step16accept_ownership
FN:183,_RNvXs5_NtNtCs6vaqcEMrLsG_19openzeppelin_stylus6access16ownable_two_stepNtB5_12Ownable2StepNtB5_13IOwnable2Step18renounce_ownership
FN:41,_RNvXs_NvNtNtCs6vaqcEMrLsG_19openzeppelin_stylus6access16ownable_two_step1__NtNtCs9yoxqfta9I2_16alloy_primitives3log7LogDataINtNtCshuVUGNokh5j_4core7convert4FromRNtB6_24OwnershipTransferStartedE4fromBa_
FN:30,_RNCNvXs_NvNtNtCs6vaqcEMrLsG_19openzeppelin_stylus6access16ownable_two_step1__NtNtCs9yoxqfta9I2_16alloy_primitives3log7LogDataINtNtCshuVUGNokh5j_4core7convert4FromRNtB8_24OwnershipTransferStartedE4from0Bc_
FN:45,_RNvXs1_NtNtCs6vaqcEMrLsG_19openzeppelin_stylus6access16ownable_two_stepINtNtCsdDMkpvQxPWz_5alloc3vec3VechEINtNtCshuVUGNokh5j_4core7convert4FromNtB5_5ErrorE4from
FN:59,_RNvMs3_NtNtCs6vaqcEMrLsG_19openzeppelin_stylus6access16ownable_two_stepNtB5_12Ownable2Step14required_slots
FN:51,_RNvXs4_NtNtCs6vaqcEMrLsG_19openzeppelin_stylus6access16ownable_two_stepNtB5_12Ownable2StepNtNtNtCs8c3p7fi1c1U_10stylus_sdk7storage6traits11StorageType4load
FN:51,_RNvXs4_NtNtCs6vaqcEMrLsG_19openzeppelin_stylus6access16ownable_two_stepNtB5_12Ownable2StepNtNtNtCs8c3p7fi1c1U_10stylus_sdk7storage6traits11StorageType8load_mut
FN:143,_RNvXININtNtCs6vaqcEMrLsG_19openzeppelin_stylus6access16ownable_two_steps6_0pENtB5_12Ownable2StepINtNtCs8c3p7fi1c1U_10stylus_sdk3abi6RouterpE5routeB9_
FN:143,_RNvMs7_NtNtCs6vaqcEMrLsG_19openzeppelin_stylus6access16ownable_two_stepNtB5_12Ownable2Step23___stylus_allow_override
FN:143,_RNvMs7_NtNtCs6vaqcEMrLsG_19openzeppelin_stylus6access16ownable_two_stepNtB5_12Ownable2Step25___stylus_assert_overrides
FN:222,_RNvNtNtNtCs6vaqcEMrLsG_19openzeppelin_stylus6access16ownable_two_step5testss_11reads_owner
FN:229,_RNvNtNtNtCs6vaqcEMrLsG_19openzeppelin_stylus6access16ownable_two_step5testss_19reads_pending_owner
FN:236,_RNvNtNtNtCs6vaqcEMrLsG_19openzeppelin_stylus6access16ownable_two_step5testss_28initiates_ownership_transfer
FN:248,_RNvNtNtNtCs6vaqcEMrLsG_19openzeppelin_stylus6access16ownable_two_step5testss_44prevents_non_owners_from_initiating_transfer
FN:259,_RNvNtNtNtCs6vaqcEMrLsG_19openzeppelin_stylus6access16ownable_two_step5testss_17accepts_ownership
FN:269,_RNvNtNtNtCs6vaqcEMrLsG_19openzeppelin_stylus6access16ownable_two_step5testss_41prevents_non_pending_owner_from_accepting
FN:281,_RNvNtNtNtCs6vaqcEMrLsG_19openzeppelin_stylus6access16ownable_two_step5testss_37completes_two_step_ownership_transfer
FN:299,_RNvNtNtNtCs6vaqcEMrLsG_19openzeppelin_stylus6access16ownable_two_step5testss_19renounces_ownership
FN:307,_RNvNtNtNtCs6vaqcEMrLsG_19openzeppelin_stylus6access16ownable_two_step5testss_35prevents_non_owners_from_renouncing
FN:318,_RNvNtNtNtCs6vaqcEMrLsG_19openzeppelin_stylus6access16ownable_two_step5testss_28cancels_transfer_on_renounce
FN:328,_RNvNtNtNtCs6vaqcEMrLsG_19openzeppelin_stylus6access16ownable_two_step5testss_31allows_owner_to_cancel_transfer
FN:340,_RNvNtNtNtCs6vaqcEMrLsG_19openzeppelin_stylus6access16ownable_two_step5testss_34allows_owner_to_overwrite_transfer
FN:143,_RNvXs6_NtNtCsa86sUp9HUqm_19openzeppelin_stylus6access16ownable_two_stepNtB5_12Ownable2StepINtNtCs8c3p7fi1c1U_10stylus_sdk3abi6RouterNtCs2ub2KtBtvDF_16ownable_two_step19Ownable2StepExampleE5routeB28_
FNDA:0,_RNvXs1_NtNtCsa86sUp9HUqm_19openzeppelin_stylus6access16ownable_two_stepINtNtCsdDMkpvQxPWz_5alloc3vec3VechEINtNtCshuVUGNokh5j_4core7convert4FromNtB5_5ErrorE4from
FNDA:0,_RNvMNtNtCsa86sUp9HUqm_19openzeppelin_stylus6access16ownable_two_stepNtB2_12Ownable2Step19__transfer_ownership
FNDA:0,_RNvXs0_NtNtCsa86sUp9HUqm_19openzeppelin_stylus6access16ownable_two_stepNtB5_5ErrorINtNtCshuVUGNokh5j_4core7convert4FromNtNtB7_7ownable5ErrorE4from
FNDA:0,_RNvMs3_NtNtCsa86sUp9HUqm_19openzeppelin_stylus6access16ownable_two_stepNtB5_12Ownable2Step14required_slots
FNDA:0,_RNvXs4_NtNtCsa86sUp9HUqm_19openzeppelin_stylus6access16ownable_two_stepNtB5_12Ownable2StepNtNtNtCs8c3p7fi1c1U_10stylus_sdk7storage6traits11StorageType3new
FNDA:0,_RNvXs4_NtNtCsa86sUp9HUqm_19openzeppelin_stylus6access16ownable_two_stepNtB5_12Ownable2StepNtNtNtCs8c3p7fi1c1U_10stylus_sdk7storage6traits11StorageType4load
FNDA:0,_RNvXs4_NtNtCsa86sUp9HUqm_19openzeppelin_stylus6access16ownable_two_stepNtB5_12Ownable2StepNtNtNtCs8c3p7fi1c1U_10stylus_sdk7storage6traits11StorageType8load_mut
FNDA:0,_RNvXs5_NtNtCsa86sUp9HUqm_19openzeppelin_stylus6access16ownable_two_stepNtB5_12Ownable2StepNtB5_13IOwnable2Step5owner
FNDA:0,_RNvXs5_NtNtCsa86sUp9HUqm_19openzeppelin_stylus6access16ownable_two_stepNtB5_12Ownable2StepNtB5_13IOwnable2Step13pending_owner
FNDA:0,_RNvXs5_NtNtCsa86sUp9HUqm_19openzeppelin_stylus6access16ownable_two_stepNtB5_12Ownable2StepNtB5_13IOwnable2Step18transfer_ownership
FNDA:0,_RNvXs5_NtNtCsa86sUp9HUqm_19openzeppelin_stylus6access16ownable_two_stepNtB5_12Ownable2StepNtB5_13IOwnable2Step16accept_ownership
FNDA:0,_RNvXs5_NtNtCsa86sUp9HUqm_19openzeppelin_stylus6access16ownable_two_stepNtB5_12Ownable2StepNtB5_13IOwnable2Step18renounce_ownership
FNDA:0,_RNvMs7_NtNtCsa86sUp9HUqm_19openzeppelin_stylus6access16ownable_two_stepNtB5_12Ownable2Step23___stylus_allow_override
FNDA:0,_RNvMs7_NtNtCsa86sUp9HUqm_19openzeppelin_stylus6access16ownable_two_stepNtB5_12Ownable2Step25___stylus_assert_overrides
FNDA:0,_RNvXs_NvNtNtCsa86sUp9HUqm_19openzeppelin_stylus6access16ownable_two_step1__NtNtCs9yoxqfta9I2_16alloy_primitives3log7LogDataINtNtCshuVUGNokh5j_4core7convert4FromRNtB6_24OwnershipTransferStartedE4fromBa_
FNDA:0,_RNCNvXs_NvNtNtCsa86sUp9HUqm_19openzeppelin_stylus6access16ownable_two_step1__NtNtCs9yoxqfta9I2_16alloy_primitives3log7LogDataINtNtCshuVUGNokh5j_4core7convert4FromRNtB8_24OwnershipTransferStartedE4from0Bc_
FNDA:0,_RNvXININtNtCsa86sUp9HUqm_19openzeppelin_stylus6access16ownable_two_steps6_0pENtB5_12Ownable2StepINtNtCs8c3p7fi1c1U_10stylus_sdk3abi6RouterpE5routeB9_
FNDA:0,_RNvXs6_NtNtCsa86sUp9HUqm_19openzeppelin_stylus6access16ownable_two_stepNtB5_12Ownable2StepINtNtCs8c3p7fi1c1U_10stylus_sdk3abi6RouterNtCsjHHT2ck5caV_16ownable_two_step19Ownable2StepExampleE5routeB28_
FNDA:4,_RNvMNtNtCs6vaqcEMrLsG_19openzeppelin_stylus6access16ownable_two_stepNtB2_12Ownable2Step19__transfer_ownership
FNDA:3,_RNvXs0_NtNtCs6vaqcEMrLsG_19openzeppelin_stylus6access16ownable_two_stepNtB5_5ErrorINtNtCshuVUGNokh5j_4core7convert4FromNtNtB7_7ownable5ErrorE4from
FNDA:12,_RNvXs4_NtNtCs6vaqcEMrLsG_19openzeppelin_stylus6access16ownable_two_stepNtB5_12Ownable2StepNtNtNtCs8c3p7fi1c1U_10stylus_sdk7storage6traits11StorageType3new
FNDA:13,_RNvXs5_NtNtCs6vaqcEMrLsG_19openzeppelin_stylus6access16ownable_two_stepNtB5_12Ownable2StepNtB5_13IOwnable2Step5owner
FNDA:11,_RNvXs5_NtNtCs6vaqcEMrLsG_19openzeppelin_stylus6access16ownable_two_stepNtB5_12Ownable2StepNtB5_13IOwnable2Step13pending_owner
FNDA:6,_RNvXs5_NtNtCs6vaqcEMrLsG_19openzeppelin_stylus6access16ownable_two_stepNtB5_12Ownable2StepNtB5_13IOwnable2Step18transfer_ownership
FNDA:3,_RNvXs5_NtNtCs6vaqcEMrLsG_19openzeppelin_stylus6access16ownable_two_stepNtB5_12Ownable2StepNtB5_13IOwnable2Step16accept_ownership
FNDA:3,_RNvXs5_NtNtCs6vaqcEMrLsG_19openzeppelin_stylus6access16ownable_two_stepNtB5_12Ownable2StepNtB5_13IOwnable2Step18renounce_ownership
FNDA:0,_RNvXs_NvNtNtCs6vaqcEMrLsG_19openzeppelin_stylus6access16ownable_two_step1__NtNtCs9yoxqfta9I2_16alloy_primitives3log7LogDataINtNtCshuVUGNokh5j_4core7convert4FromRNtB6_24OwnershipTransferStartedE4fromBa_
FNDA:0,_RNCNvXs_NvNtNtCs6vaqcEMrLsG_19openzeppelin_stylus6access16ownable_two_step1__NtNtCs9yoxqfta9I2_16alloy_primitives3log7LogDataINtNtCshuVUGNokh5j_4core7convert4FromRNtB8_24OwnershipTransferStartedE4from0Bc_
FNDA:0,_RNvXs1_NtNtCs6vaqcEMrLsG_19openzeppelin_stylus6access16ownable_two_stepINtNtCsdDMkpvQxPWz_5alloc3vec3VechEINtNtCshuVUGNokh5j_4core7convert4FromNtB5_5ErrorE4from
FNDA:0,_RNvMs3_NtNtCs6vaqcEMrLsG_19openzeppelin_stylus6access16ownable_two_stepNtB5_12Ownable2Step14required_slots
FNDA:0,_RNvXs4_NtNtCs6vaqcEMrLsG_19openzeppelin_stylus6access16ownable_two_stepNtB5_12Ownable2StepNtNtNtCs8c3p7fi1c1U_10stylus_sdk7storage6traits11StorageType4load
FNDA:0,_RNvXs4_NtNtCs6vaqcEMrLsG_19openzeppelin_stylus6access16ownable_two_stepNtB5_12Ownable2StepNtNtNtCs8c3p7fi1c1U_10stylus_sdk7storage6traits11StorageType8load_mut
FNDA:0,_RNvXININtNtCs6vaqcEMrLsG_19openzeppelin_stylus6access16ownable_two_steps6_0pENtB5_12Ownable2StepINtNtCs8c3p7fi1c1U_10stylus_sdk3abi6RouterpE5routeB9_
FNDA:0,_RNvMs7_NtNtCs6vaqcEMrLsG_19openzeppelin_stylus6access16ownable_two_stepNtB5_12Ownable2Step23___stylus_allow_override
FNDA:0,_RNvMs7_NtNtCs6vaqcEMrLsG_19openzeppelin_stylus6access16ownable_two_stepNtB5_12Ownable2Step25___stylus_assert_overrides
FNDA:1,_RNvNtNtNtCs6vaqcEMrLsG_19openzeppelin_stylus6access16ownable_two_step5testss_11reads_owner
FNDA:1,_RNvNtNtNtCs6vaqcEMrLsG_19openzeppelin_stylus6access16ownable_two_step5testss_19reads_pending_owner
FNDA:1,_RNvNtNtNtCs6vaqcEMrLsG_19openzeppelin_stylus6access16ownable_two_step5testss_28initiates_ownership_transfer
FNDA:1,_RNvNtNtNtCs6vaqcEMrLsG_19openzeppelin_stylus6access16ownable_two_step5testss_44prevents_non_owners_from_initiating_transfer
FNDA:1,_RNvNtNtNtCs6vaqcEMrLsG_19openzeppelin_stylus6access16ownable_two_step5testss_17accepts_ownership
FNDA:1,_RNvNtNtNtCs6vaqcEMrLsG_19openzeppelin_stylus6access16ownable_two_step5testss_41prevents_non_pending_owner_from_accepting
FNDA:1,_RNvNtNtNtCs6vaqcEMrLsG_19openzeppelin_stylus6access16ownable_two_step5testss_37completes_two_step_ownership_transfer
FNDA:1,_RNvNtNtNtCs6vaqcEMrLsG_19openzeppelin_stylus6access16ownable_two_step5testss_19renounces_ownership
FNDA:1,_RNvNtNtNtCs6vaqcEMrLsG_19openzeppelin_stylus6access16ownable_two_step5testss_35prevents_non_owners_from_renouncing
FNDA:1,_RNvNtNtNtCs6vaqcEMrLsG_19openzeppelin_stylus6access16ownable_two_step5testss_28cancels_transfer_on_renounce
FNDA:1,_RNvNtNtNtCs6vaqcEMrLsG_19openzeppelin_stylus6access16ownable_two_step5testss_31allows_owner_to_cancel_transfer
FNDA:1,_RNvNtNtNtCs6vaqcEMrLsG_19openzeppelin_stylus6access16ownable_two_step5testss_34allows_owner_to_overwrite_transfer
FNDA:0,_RNvXs6_NtNtCsa86sUp9HUqm_19openzeppelin_stylus6access16ownable_two_stepNtB5_12Ownable2StepINtNtCs8c3p7fi1c1U_10stylus_sdk3abi6RouterNtCs2ub2KtBtvDF_16ownable_two_step19Ownable2StepExampleE5routeB28_
FNF:24
FNH:20
DA:30,0
DA:31,0
DA:32,0
DA:33,0
DA:34,0
DA:35,0
DA:36,0
DA:37,0
DA:38,0
DA:39,0
DA:40,0
DA:41,0
DA:45,3
DA:51,0
DA:52,0
DA:53,0
DA:54,0
DA:55,0
DA:56,0
DA:57,0
DA:58,0
DA:59,12
DA:143,0
DA:147,13
DA:148,13
DA:149,13
DA:151,11
DA:152,11
DA:153,11
DA:155,6
DA:156,6
DA:157,6
DA:158,6
DA:159,6
DA:160,5
DA:161,5
DA:162,5
DA:163,5
DA:164,5
DA:165,5
DA:166,5
DA:167,5
DA:168,6
DA:170,3
DA:171,3
DA:172,3
DA:173,3
DA:174,1
DA:175,1
DA:176,1
DA:177,1
DA:178,2
DA:179,2
DA:180,2
DA:181,3
DA:183,3
DA:184,3
DA:185,2
DA:186,2
DA:187,3
DA:206,4
DA:207,4
DA:208,4
DA:209,4
DA:222,1
DA:229,1
DA:236,1
DA:248,1
DA:259,1
DA:269,1
DA:281,1
DA:299,1
DA:307,1
DA:318,1
DA:328,1
DA:340,1
BRF:0
BRH:0
LF:78
LH:55
end_of_record
SF:/home/nenad/repos/rust-contracts-stylus/contracts/src/finance/vesting_wallet.rs
FN:123,_RNvXs1_NtNtNtCsa86sUp9HUqm_19openzeppelin_stylus7finance14vesting_wallet5tokenNtB5_6IErc20INtNtCslo5yAywcNl4_15alloy_sol_types7private12SolTypeValueB1e_E13stv_to_tokensBb_
FN:123,_RNvXs1_NtNtNtCsa86sUp9HUqm_19openzeppelin_stylus7finance14vesting_wallet5tokenNtB5_6IErc20INtNtCslo5yAywcNl4_15alloy_sol_types7private12SolTypeValueB1e_E20stv_abi_encoded_sizeBb_
FN:123,_RNvXs1_NtNtNtCsa86sUp9HUqm_19openzeppelin_stylus7finance14vesting_wallet5tokenNtB5_6IErc20INtNtCslo5yAywcNl4_15alloy_sol_types7private12SolTypeValueB1e_E20stv_eip712_data_wordBb_
FN:123,_RNvXs1_NtNtNtCsa86sUp9HUqm_19openzeppelin_stylus7finance14vesting_wallet5tokenNtB5_6IErc20INtNtCslo5yAywcNl4_15alloy_sol_types7private12SolTypeValueB1e_E24stv_abi_encode_packed_toBb_
FN:365,_RNvXININtNtCsa86sUp9HUqm_19openzeppelin_stylus7finance14vesting_wallets1_0pENtNtB5_8sol_defs13VestingWalletINtNtCs8c3p7fi1c1U_10stylus_sdk3abi6RouterpE5routeB9_
FN:507,_RNvMs_NtNtCsa86sUp9HUqm_19openzeppelin_stylus7finance14vesting_walletNtNtB4_8sol_defs13VestingWallet16vesting_schedule
FN:369,_RNvXs0_NtNtCsa86sUp9HUqm_19openzeppelin_stylus7finance14vesting_walletNtNtB5_8sol_defs13VestingWalletNtB5_14IVestingWallet5owner
FN:373,_RNvXs0_NtNtCsa86sUp9HUqm_19openzeppelin_stylus7finance14vesting_walletNtNtB5_8sol_defs13VestingWalletNtB5_14IVestingWallet18transfer_ownership
FN:380,_RNvXs0_NtNtCsa86sUp9HUqm_19openzeppelin_stylus7finance14vesting_walletNtNtB5_8sol_defs13VestingWalletNtB5_14IVestingWallet18renounce_ownership
FN:385,_RNvXs0_NtNtCsa86sUp9HUqm_19openzeppelin_stylus7finance14vesting_walletNtNtB5_8sol_defs13VestingWalletNtB5_14IVestingWallet13receive_ether
FN:387,_RNvXs0_NtNtCsa86sUp9HUqm_19openzeppelin_stylus7finance14vesting_walletNtNtB5_8sol_defs13VestingWalletNtB5_14IVestingWallet5start
FN:391,_RNvXs0_NtNtCsa86sUp9HUqm_19openzeppelin_stylus7finance14vesting_walletNtNtB5_8sol_defs13VestingWalletNtB5_14IVestingWallet8duration
FN:395,_RNvXs0_NtNtCsa86sUp9HUqm_19openzeppelin_stylus7finance14vesting_walletNtNtB5_8sol_defs13VestingWalletNtB5_14IVestingWallet3end
FN:402,_RNvXs0_NtNtCsa86sUp9HUqm_19openzeppelin_stylus7finance14vesting_walletNtNtB5_8sol_defs13VestingWalletNtB5_14IVestingWallet12released_eth
FN:407,_RNvXs0_NtNtCsa86sUp9HUqm_19openzeppelin_stylus7finance14vesting_walletNtNtB5_8sol_defs13VestingWalletNtB5_14IVestingWallet14released_erc20
FN:412,_RNvXs0_NtNtCsa86sUp9HUqm_19openzeppelin_stylus7finance14vesting_walletNtNtB5_8sol_defs13VestingWalletNtB5_14IVestingWallet14releasable_eth
FN:419,_RNvXs0_NtNtCsa86sUp9HUqm_19openzeppelin_stylus7finance14vesting_walletNtNtB5_8sol_defs13VestingWalletNtB5_14IVestingWallet16releasable_erc20
FN:427,_RNvXs0_NtNtCsa86sUp9HUqm_19openzeppelin_stylus7finance14vesting_walletNtNtB5_8sol_defs13VestingWalletNtB5_14IVestingWallet11release_eth
FN:447,_RNvXs0_NtNtCsa86sUp9HUqm_19openzeppelin_stylus7finance14vesting_walletNtNtB5_8sol_defs13VestingWalletNtB5_14IVestingWallet13release_erc20
FN:466,_RNvXs0_NtNtCsa86sUp9HUqm_19openzeppelin_stylus7finance14vesting_walletNtNtB5_8sol_defs13VestingWalletNtB5_14IVestingWallet17vested_amount_eth
FN:475,_RNvXs0_NtNtCsa86sUp9HUqm_19openzeppelin_stylus7finance14vesting_walletNtNtB5_8sol_defs13VestingWalletNtB5_14IVestingWallet19vested_amount_erc20
FN:365,_RNvMs2_NtNtCsa86sUp9HUqm_19openzeppelin_stylus7finance14vesting_walletNtNtB5_8sol_defs13VestingWallet23___stylus_allow_override
FN:365,_RNvMs2_NtNtCsa86sUp9HUqm_19openzeppelin_stylus7finance14vesting_walletNtNtB5_8sol_defs13VestingWallet25___stylus_assert_overrides
FN:123,_RNvMNtNtNtCsa86sUp9HUqm_19openzeppelin_stylus7finance14vesting_wallet5tokenNtB2_6IErc203new
FN:123,_RNvXs_NtNtNtCsa86sUp9HUqm_19openzeppelin_stylus7finance14vesting_wallet5tokenNtB4_6IErc20NtNtNtCshuVUGNokh5j_4core3ops5deref5Deref5deref
FN:123,_RNvXs2_NtNtNtCsa86sUp9HUqm_19openzeppelin_stylus7finance14vesting_wallet5tokenNtB5_6IErc20NtNtNtCslo5yAywcNl4_15alloy_sol_types5types2ty7SolType11valid_token
FN:123,_RNvXs2_NtNtNtCsa86sUp9HUqm_19openzeppelin_stylus7finance14vesting_wallet5tokenNtB5_6IErc20NtNtNtCslo5yAywcNl4_15alloy_sol_types5types2ty7SolType10detokenize
FN:128,_RINvMNtNtNtCsa86sUp9HUqm_19openzeppelin_stylus7finance14vesting_wallet5tokenNtB3_6IErc2010balance_ofINtNtNtCs8c3p7fi1c1U_10stylus_sdk4call7context4CalluEEB9_
FN:483,_RNCNvXs0_NtNtCsa86sUp9HUqm_19openzeppelin_stylus7finance14vesting_walletNtNtB7_8sol_defs13VestingWalletNtB7_14IVestingWallet19vested_amount_erc200Bb_
FN:365,_RNvXs1_NtNtCsa86sUp9HUqm_19openzeppelin_stylus7finance14vesting_walletNtNtB5_8sol_defs13VestingWalletINtNtCs8c3p7fi1c1U_10stylus_sdk3abi6RouterNtCs6L1atajhRRH_22vesting_wallet_example20VestingWalletExampleE5routeB2j_
FN:541,_RNvNtNtNtCs6vaqcEMrLsG_19openzeppelin_stylus7finance14vesting_wallet5tests5start
FN:545,_RNvNtNtNtCs6vaqcEMrLsG_19openzeppelin_stylus7finance14vesting_wallet5tests4init
FN:557,_RNvNtNtNtCs6vaqcEMrLsG_19openzeppelin_stylus7finance14vesting_wallet5testss_11reads_start
FN:563,_RNvNtNtNtCs6vaqcEMrLsG_19openzeppelin_stylus7finance14vesting_wallet5testss_14reads_duration
FN:569,_RNvNtNtNtCs6vaqcEMrLsG_19openzeppelin_stylus7finance14vesting_wallet5testss_9reads_end
FN:575,_RNvNtNtNtCs6vaqcEMrLsG_19openzeppelin_stylus7finance14vesting_wallet5testss_13reads_max_end
FN:581,_RNvNtNtNtCs6vaqcEMrLsG_19openzeppelin_stylus7finance14vesting_wallet5testss_18reads_released_eth
FN:588,_RNvNtNtNtCs6vaqcEMrLsG_19openzeppelin_stylus7finance14vesting_wallet5testss_20reads_released_erc20
FN:595,_RNvNtNtNtCs6vaqcEMrLsG_19openzeppelin_stylus7finance14vesting_wallet5testss_21gets_vesting_schedule
FN:617,_RNvNtNtNtCs6vaqcEMrLsG_19openzeppelin_stylus7finance14vesting_wallet5testss_35gets_vesting_schedule_zero_duration
FN:507,_RNvMs_NtNtCs6vaqcEMrLsG_19openzeppelin_stylus7finance14vesting_walletNtNtB4_8sol_defs13VestingWallet16vesting_schedule
FN:387,_RNvXs0_NtNtCs6vaqcEMrLsG_19openzeppelin_stylus7finance14vesting_walletNtNtB5_8sol_defs13VestingWalletNtB5_14IVestingWallet5start
FN:391,_RNvXs0_NtNtCs6vaqcEMrLsG_19openzeppelin_stylus7finance14vesting_walletNtNtB5_8sol_defs13VestingWalletNtB5_14IVestingWallet8duration
FN:395,_RNvXs0_NtNtCs6vaqcEMrLsG_19openzeppelin_stylus7finance14vesting_walletNtNtB5_8sol_defs13VestingWalletNtB5_14IVestingWallet3end
FN:402,_RNvXs0_NtNtCs6vaqcEMrLsG_19openzeppelin_stylus7finance14vesting_walletNtNtB5_8sol_defs13VestingWalletNtB5_14IVestingWallet12released_eth
FN:407,_RNvXs0_NtNtCs6vaqcEMrLsG_19openzeppelin_stylus7finance14vesting_walletNtNtB5_8sol_defs13VestingWalletNtB5_14IVestingWallet14released_erc20
FN:123,_RNvMNtNtNtCs6vaqcEMrLsG_19openzeppelin_stylus7finance14vesting_wallet5tokenNtB2_6IErc203new
FN:128,_RINvMNtNtNtCs6vaqcEMrLsG_19openzeppelin_stylus7finance14vesting_wallet5tokenNtB3_6IErc2010balance_ofpEB9_
FN:123,_RNvXs_NtNtNtCs6vaqcEMrLsG_19openzeppelin_stylus7finance14vesting_wallet5tokenNtB4_6IErc20NtNtNtCshuVUGNokh5j_4core3ops5deref5Deref5deref
FN:123,_RNvXs1_NtNtNtCs6vaqcEMrLsG_19openzeppelin_stylus7finance14vesting_wallet5tokenNtB5_6IErc20INtNtCslo5yAywcNl4_15alloy_sol_types7private12SolTypeValueB1e_E13stv_to_tokensBb_
FN:123,_RNvXs1_NtNtNtCs6vaqcEMrLsG_19openzeppelin_stylus7finance14vesting_wallet5tokenNtB5_6IErc20INtNtCslo5yAywcNl4_15alloy_sol_types7private12SolTypeValueB1e_E20stv_abi_encoded_sizeBb_
FN:123,_RNvXs1_NtNtNtCs6vaqcEMrLsG_19openzeppelin_stylus7finance14vesting_wallet5tokenNtB5_6IErc20INtNtCslo5yAywcNl4_15alloy_sol_types7private12SolTypeValueB1e_E20stv_eip712_data_wordBb_
FN:123,_RNvXs1_NtNtNtCs6vaqcEMrLsG_19openzeppelin_stylus7finance14vesting_wallet5tokenNtB5_6IErc20INtNtCslo5yAywcNl4_15alloy_sol_types7private12SolTypeValueB1e_E24stv_abi_encode_packed_toBb_
FN:123,_RNvXs2_NtNtNtCs6vaqcEMrLsG_19openzeppelin_stylus7finance14vesting_wallet5tokenNtB5_6IErc20NtNtNtCslo5yAywcNl4_15alloy_sol_types5types2ty7SolType11valid_token
FN:123,_RNvXs2_NtNtNtCs6vaqcEMrLsG_19openzeppelin_stylus7finance14vesting_wallet5tokenNtB5_6IErc20NtNtNtCslo5yAywcNl4_15alloy_sol_types5types2ty7SolType10detokenize
FN:369,_RNvXs0_NtNtCs6vaqcEMrLsG_19openzeppelin_stylus7finance14vesting_walletNtNtB5_8sol_defs13VestingWalletNtB5_14IVestingWallet5owner
FN:373,_RNvXs0_NtNtCs6vaqcEMrLsG_19openzeppelin_stylus7finance14vesting_walletNtNtB5_8sol_defs13VestingWalletNtB5_14IVestingWallet18transfer_ownership
FN:380,_RNvXs0_NtNtCs6vaqcEMrLsG_19openzeppelin_stylus7finance14vesting_walletNtNtB5_8sol_defs13VestingWalletNtB5_14IVestingWallet18renounce_ownership
FN:385,_RNvXs0_NtNtCs6vaqcEMrLsG_19openzeppelin_stylus7finance14vesting_walletNtNtB5_8sol_defs13VestingWalletNtB5_14IVestingWallet13receive_ether
FN:412,_RNvXs0_NtNtCs6vaqcEMrLsG_19openzeppelin_stylus7finance14vesting_walletNtNtB5_8sol_defs13VestingWalletNtB5_14IVestingWallet14releasable_eth
FN:419,_RNvXs0_NtNtCs6vaqcEMrLsG_19openzeppelin_stylus7finance14vesting_walletNtNtB5_8sol_defs13VestingWalletNtB5_14IVestingWallet16releasable_erc20
FN:427,_RNvXs0_NtNtCs6vaqcEMrLsG_19openzeppelin_stylus7finance14vesting_walletNtNtB5_8sol_defs13VestingWalletNtB5_14IVestingWallet11release_eth
FN:447,_RNvXs0_NtNtCs6vaqcEMrLsG_19openzeppelin_stylus7finance14vesting_walletNtNtB5_8sol_defs13VestingWalletNtB5_14IVestingWallet13release_erc20
FN:466,_RNvXs0_NtNtCs6vaqcEMrLsG_19openzeppelin_stylus7finance14vesting_walletNtNtB5_8sol_defs13VestingWalletNtB5_14IVestingWallet17vested_amount_eth
FN:475,_RNvXs0_NtNtCs6vaqcEMrLsG_19openzeppelin_stylus7finance14vesting_walletNtNtB5_8sol_defs13VestingWalletNtB5_14IVestingWallet19vested_amount_erc20
FN:483,_RNCNvXs0_NtNtCs6vaqcEMrLsG_19openzeppelin_stylus7finance14vesting_walletNtNtB7_8sol_defs13VestingWalletNtB7_14IVestingWallet19vested_amount_erc200Bb_
FN:365,_RNvXININtNtCs6vaqcEMrLsG_19openzeppelin_stylus7finance14vesting_wallets1_0pENtNtB5_8sol_defs13VestingWalletINtNtCs8c3p7fi1c1U_10stylus_sdk3abi6RouterpE5routeB9_
FN:365,_RNvMs2_NtNtCs6vaqcEMrLsG_19openzeppelin_stylus7finance14vesting_walletNtNtB5_8sol_defs13VestingWallet23___stylus_allow_override
FN:365,_RNvMs2_NtNtCs6vaqcEMrLsG_19openzeppelin_stylus7finance14vesting_walletNtNtB5_8sol_defs13VestingWallet25___stylus_assert_overrides
FN:365,_RNvXs1_NtNtCsa86sUp9HUqm_19openzeppelin_stylus7finance14vesting_walletNtNtB5_8sol_defs13VestingWalletINtNtCs8c3p7fi1c1U_10stylus_sdk3abi6RouterNtCse3mhV74reBx_22vesting_wallet_example20VestingWalletExampleE5routeB2j_
FNDA:0,_RNvXs1_NtNtNtCsa86sUp9HUqm_19openzeppelin_stylus7finance14vesting_wallet5tokenNtB5_6IErc20INtNtCslo5yAywcNl4_15alloy_sol_types7private12SolTypeValueB1e_E13stv_to_tokensBb_
FNDA:0,_RNvXs1_NtNtNtCsa86sUp9HUqm_19openzeppelin_stylus7finance14vesting_wallet5tokenNtB5_6IErc20INtNtCslo5yAywcNl4_15alloy_sol_types7private12SolTypeValueB1e_E20stv_abi_encoded_sizeBb_
FNDA:0,_RNvXs1_NtNtNtCsa86sUp9HUqm_19openzeppelin_stylus7finance14vesting_wallet5tokenNtB5_6IErc20INtNtCslo5yAywcNl4_15alloy_sol_types7private12SolTypeValueB1e_E20stv_eip712_data_wordBb_
FNDA:0,_RNvXs1_NtNtNtCsa86sUp9HUqm_19openzeppelin_stylus7finance14vesting_wallet5tokenNtB5_6IErc20INtNtCslo5yAywcNl4_15alloy_sol_types7private12SolTypeValueB1e_E24stv_abi_encode_packed_toBb_
FNDA:0,_RNvXININtNtCsa86sUp9HUqm_19openzeppelin_stylus7finance14vesting_wallets1_0pENtNtB5_8sol_defs13VestingWalletINtNtCs8c3p7fi1c1U_10stylus_sdk3abi6RouterpE5routeB9_
FNDA:0,_RNvMs_NtNtCsa86sUp9HUqm_19openzeppelin_stylus7finance14vesting_walletNtNtB4_8sol_defs13VestingWallet16vesting_schedule
FNDA:0,_RNvXs0_NtNtCsa86sUp9HUqm_19openzeppelin_stylus7finance14vesting_walletNtNtB5_8sol_defs13VestingWalletNtB5_14IVestingWallet5owner
FNDA:0,_RNvXs0_NtNtCsa86sUp9HUqm_19openzeppelin_stylus7finance14vesting_walletNtNtB5_8sol_defs13VestingWalletNtB5_14IVestingWallet18transfer_ownership
FNDA:0,_RNvXs0_NtNtCsa86sUp9HUqm_19openzeppelin_stylus7finance14vesting_walletNtNtB5_8sol_defs13VestingWalletNtB5_14IVestingWallet18renounce_ownership
FNDA:0,_RNvXs0_NtNtCsa86sUp9HUqm_19openzeppelin_stylus7finance14vesting_walletNtNtB5_8sol_defs13VestingWalletNtB5_14IVestingWallet13receive_ether
FNDA:0,_RNvXs0_NtNtCsa86sUp9HUqm_19openzeppelin_stylus7finance14vesting_walletNtNtB5_8sol_defs13VestingWalletNtB5_14IVestingWallet5start
FNDA:0,_RNvXs0_NtNtCsa86sUp9HUqm_19openzeppelin_stylus7finance14vesting_walletNtNtB5_8sol_defs13VestingWalletNtB5_14IVestingWallet8duration
FNDA:0,_RNvXs0_NtNtCsa86sUp9HUqm_19openzeppelin_stylus7finance14vesting_walletNtNtB5_8sol_defs13VestingWalletNtB5_14IVestingWallet3end
FNDA:0,_RNvXs0_NtNtCsa86sUp9HUqm_19openzeppelin_stylus7finance14vesting_walletNtNtB5_8sol_defs13VestingWalletNtB5_14IVestingWallet12released_eth
FNDA:0,_RNvXs0_NtNtCsa86sUp9HUqm_19openzeppelin_stylus7finance14vesting_walletNtNtB5_8sol_defs13VestingWalletNtB5_14IVestingWallet14released_erc20
FNDA:0,_RNvXs0_NtNtCsa86sUp9HUqm_19openzeppelin_stylus7finance14vesting_walletNtNtB5_8sol_defs13VestingWalletNtB5_14IVestingWallet14releasable_eth
FNDA:0,_RNvXs0_NtNtCsa86sUp9HUqm_19openzeppelin_stylus7finance14vesting_walletNtNtB5_8sol_defs13VestingWalletNtB5_14IVestingWallet16releasable_erc20
FNDA:0,_RNvXs0_NtNtCsa86sUp9HUqm_19openzeppelin_stylus7finance14vesting_walletNtNtB5_8sol_defs13VestingWalletNtB5_14IVestingWallet11release_eth
FNDA:0,_RNvXs0_NtNtCsa86sUp9HUqm_19openzeppelin_stylus7finance14vesting_walletNtNtB5_8sol_defs13VestingWalletNtB5_14IVestingWallet13release_erc20
FNDA:0,_RNvXs0_NtNtCsa86sUp9HUqm_19openzeppelin_stylus7finance14vesting_walletNtNtB5_8sol_defs13VestingWalletNtB5_14IVestingWallet17vested_amount_eth
FNDA:0,_RNvXs0_NtNtCsa86sUp9HUqm_19openzeppelin_stylus7finance14vesting_walletNtNtB5_8sol_defs13VestingWalletNtB5_14IVestingWallet19vested_amount_erc20
FNDA:0,_RNvMs2_NtNtCsa86sUp9HUqm_19openzeppelin_stylus7finance14vesting_walletNtNtB5_8sol_defs13VestingWallet23___stylus_allow_override
FNDA:0,_RNvMs2_NtNtCsa86sUp9HUqm_19openzeppelin_stylus7finance14vesting_walletNtNtB5_8sol_defs13VestingWallet25___stylus_assert_overrides
FNDA:0,_RNvMNtNtNtCsa86sUp9HUqm_19openzeppelin_stylus7finance14vesting_wallet5tokenNtB2_6IErc203new
FNDA:0,_RNvXs_NtNtNtCsa86sUp9HUqm_19openzeppelin_stylus7finance14vesting_wallet5tokenNtB4_6IErc20NtNtNtCshuVUGNokh5j_4core3ops5deref5Deref5deref
FNDA:0,_RNvXs2_NtNtNtCsa86sUp9HUqm_19openzeppelin_stylus7finance14vesting_wallet5tokenNtB5_6IErc20NtNtNtCslo5yAywcNl4_15alloy_sol_types5types2ty7SolType11valid_token
FNDA:0,_RNvXs2_NtNtNtCsa86sUp9HUqm_19openzeppelin_stylus7finance14vesting_wallet5tokenNtB5_6IErc20NtNtNtCslo5yAywcNl4_15alloy_sol_types5types2ty7SolType10detokenize
FNDA:0,_RINvMNtNtNtCsa86sUp9HUqm_19openzeppelin_stylus7finance14vesting_wallet5tokenNtB3_6IErc2010balance_ofINtNtNtCs8c3p7fi1c1U_10stylus_sdk4call7context4CalluEEB9_
FNDA:0,_RNCNvXs0_NtNtCsa86sUp9HUqm_19openzeppelin_stylus7finance14vesting_walletNtNtB7_8sol_defs13VestingWalletNtB7_14IVestingWallet19vested_amount_erc200Bb_
FNDA:0,_RNvXs1_NtNtCsa86sUp9HUqm_19openzeppelin_stylus7finance14vesting_walletNtNtB5_8sol_defs13VestingWalletINtNtCs8c3p7fi1c1U_10stylus_sdk3abi6RouterNtCs6L1atajhRRH_22vesting_wallet_example20VestingWalletExampleE5routeB2j_
FNDA:4,_RNvNtNtNtCs6vaqcEMrLsG_19openzeppelin_stylus7finance14vesting_wallet5tests5start
FNDA:6,_RNvNtNtNtCs6vaqcEMrLsG_19openzeppelin_stylus7finance14vesting_wallet5tests4init
FNDA:1,_RNvNtNtNtCs6vaqcEMrLsG_19openzeppelin_stylus7finance14vesting_wallet5testss_11reads_start
FNDA:1,_RNvNtNtNtCs6vaqcEMrLsG_19openzeppelin_stylus7finance14vesting_wallet5testss_14reads_duration
FNDA:1,_RNvNtNtNtCs6vaqcEMrLsG_19openzeppelin_stylus7finance14vesting_wallet5testss_9reads_end
FNDA:1,_RNvNtNtNtCs6vaqcEMrLsG_19openzeppelin_stylus7finance14vesting_wallet5testss_13reads_max_end
FNDA:1,_RNvNtNtNtCs6vaqcEMrLsG_19openzeppelin_stylus7finance14vesting_wallet5testss_18reads_released_eth
FNDA:1,_RNvNtNtNtCs6vaqcEMrLsG_19openzeppelin_stylus7finance14vesting_wallet5testss_20reads_released_erc20
FNDA:1,_RNvNtNtNtCs6vaqcEMrLsG_19openzeppelin_stylus7finance14vesting_wallet5testss_21gets_vesting_schedule
FNDA:1,_RNvNtNtNtCs6vaqcEMrLsG_19openzeppelin_stylus7finance14vesting_wallet5testss_35gets_vesting_schedule_zero_duration
FNDA:7,_RNvMs_NtNtCs6vaqcEMrLsG_19openzeppelin_stylus7finance14vesting_walletNtNtB4_8sol_defs13VestingWallet16vesting_schedule
FNDA:16,_RNvXs0_NtNtCs6vaqcEMrLsG_19openzeppelin_stylus7finance14vesting_walletNtNtB5_8sol_defs13VestingWalletNtB5_14IVestingWallet5start
FNDA:9,_RNvXs0_NtNtCs6vaqcEMrLsG_19openzeppelin_stylus7finance14vesting_walletNtNtB5_8sol_defs13VestingWalletNtB5_14IVestingWallet8duration
FNDA:7,_RNvXs0_NtNtCs6vaqcEMrLsG_19openzeppelin_stylus7finance14vesting_walletNtNtB5_8sol_defs13VestingWalletNtB5_14IVestingWallet3end
FNDA:1,_RNvXs0_NtNtCs6vaqcEMrLsG_19openzeppelin_stylus7finance14vesting_walletNtNtB5_8sol_defs13VestingWalletNtB5_14IVestingWallet12released_eth
FNDA:1,_RNvXs0_NtNtCs6vaqcEMrLsG_19openzeppelin_stylus7finance14vesting_walletNtNtB5_8sol_defs13VestingWalletNtB5_14IVestingWallet14released_erc20
FNDA:0,_RNvMNtNtNtCs6vaqcEMrLsG_19openzeppelin_stylus7finance14vesting_wallet5tokenNtB2_6IErc203new
FNDA:0,_RINvMNtNtNtCs6vaqcEMrLsG_19openzeppelin_stylus7finance14vesting_wallet5tokenNtB3_6IErc2010balance_ofpEB9_
FNDA:0,_RNvXs_NtNtNtCs6vaqcEMrLsG_19openzeppelin_stylus7finance14vesting_wallet5tokenNtB4_6IErc20NtNtNtCshuVUGNokh5j_4core3ops5deref5Deref5deref
FNDA:0,_RNvXs1_NtNtNtCs6vaqcEMrLsG_19openzeppelin_stylus7finance14vesting_wallet5tokenNtB5_6IErc20INtNtCslo5yAywcNl4_15alloy_sol_types7private12SolTypeValueB1e_E13stv_to_tokensBb_
FNDA:0,_RNvXs1_NtNtNtCs6vaqcEMrLsG_19openzeppelin_stylus7finance14vesting_wallet5tokenNtB5_6IErc20INtNtCslo5yAywcNl4_15alloy_sol_types7private12SolTypeValueB1e_E20stv_abi_encoded_sizeBb_
FNDA:0,_RNvXs1_NtNtNtCs6vaqcEMrLsG_19openzeppelin_stylus7finance14vesting_wallet5tokenNtB5_6IErc20INtNtCslo5yAywcNl4_15alloy_sol_types7private12SolTypeValueB1e_E20stv_eip712_data_wordBb_
FNDA:0,_RNvXs1_NtNtNtCs6vaqcEMrLsG_19openzeppelin_stylus7finance14vesting_wallet5tokenNtB5_6IErc20INtNtCslo5yAywcNl4_15alloy_sol_types7private12SolTypeValueB1e_E24stv_abi_encode_packed_toBb_
FNDA:0,_RNvXs2_NtNtNtCs6vaqcEMrLsG_19openzeppelin_stylus7finance14vesting_wallet5tokenNtB5_6IErc20NtNtNtCslo5yAywcNl4_15alloy_sol_types5types2ty7SolType11valid_token
FNDA:0,_RNvXs2_NtNtNtCs6vaqcEMrLsG_19openzeppelin_stylus7finance14vesting_wallet5tokenNtB5_6IErc20NtNtNtCslo5yAywcNl4_15alloy_sol_types5types2ty7SolType10detokenize
FNDA:0,_RNvXs0_NtNtCs6vaqcEMrLsG_19openzeppelin_stylus7finance14vesting_walletNtNtB5_8sol_defs13VestingWalletNtB5_14IVestingWallet5owner
FNDA:0,_RNvXs0_NtNtCs6vaqcEMrLsG_19openzeppelin_stylus7finance14vesting_walletNtNtB5_8sol_defs13VestingWalletNtB5_14IVestingWallet18transfer_ownership
FNDA:0,_RNvXs0_NtNtCs6vaqcEMrLsG_19openzeppelin_stylus7finance14vesting_walletNtNtB5_8sol_defs13VestingWalletNtB5_14IVestingWallet18renounce_ownership
FNDA:0,_RNvXs0_NtNtCs6vaqcEMrLsG_19openzeppelin_stylus7finance14vesting_walletNtNtB5_8sol_defs13VestingWalletNtB5_14IVestingWallet13receive_ether
FNDA:0,_RNvXs0_NtNtCs6vaqcEMrLsG_19openzeppelin_stylus7finance14vesting_walletNtNtB5_8sol_defs13VestingWalletNtB5_14IVestingWallet14releasable_eth
FNDA:0,_RNvXs0_NtNtCs6vaqcEMrLsG_19openzeppelin_stylus7finance14vesting_walletNtNtB5_8sol_defs13VestingWalletNtB5_14IVestingWallet16releasable_erc20
FNDA:0,_RNvXs0_NtNtCs6vaqcEMrLsG_19openzeppelin_stylus7finance14vesting_walletNtNtB5_8sol_defs13VestingWalletNtB5_14IVestingWallet11release_eth
FNDA:0,_RNvXs0_NtNtCs6vaqcEMrLsG_19openzeppelin_stylus7finance14vesting_walletNtNtB5_8sol_defs13VestingWalletNtB5_14IVestingWallet13release_erc20
FNDA:0,_RNvXs0_NtNtCs6vaqcEMrLsG_19openzeppelin_stylus7finance14vesting_walletNtNtB5_8sol_defs13VestingWalletNtB5_14IVestingWallet17vested_amount_eth
FNDA:0,_RNvXs0_NtNtCs6vaqcEMrLsG_19openzeppelin_stylus7finance14vesting_walletNtNtB5_8sol_defs13VestingWalletNtB5_14IVestingWallet19vested_amount_erc20
FNDA:0,_RNCNvXs0_NtNtCs6vaqcEMrLsG_19openzeppelin_stylus7finance14vesting_walletNtNtB7_8sol_defs13VestingWalletNtB7_14IVestingWallet19vested_amount_erc200Bb_
FNDA:0,_RNvXININtNtCs6vaqcEMrLsG_19openzeppelin_stylus7finance14vesting_wallets1_0pENtNtB5_8sol_defs13VestingWalletINtNtCs8c3p7fi1c1U_10stylus_sdk3abi6RouterpE5routeB9_
FNDA:0,_RNvMs2_NtNtCs6vaqcEMrLsG_19openzeppelin_stylus7finance14vesting_walletNtNtB5_8sol_defs13VestingWallet23___stylus_allow_override
FNDA:0,_RNvMs2_NtNtCs6vaqcEMrLsG_19openzeppelin_stylus7finance14vesting_walletNtNtB5_8sol_defs13VestingWallet25___stylus_assert_overrides
FNDA:0,_RNvXs1_NtNtCsa86sUp9HUqm_19openzeppelin_stylus7finance14vesting_walletNtNtB5_8sol_defs13VestingWalletINtNtCs8c3p7fi1c1U_10stylus_sdk3abi6RouterNtCse3mhV74reBx_22vesting_wallet_example20VestingWalletExampleE5routeB2j_
FNF:30
FNH:16
DA:123,0
DA:124,0
DA:125,0
DA:126,0
DA:127,0
DA:128,0
DA:365,0
DA:369,0
DA:370,0
DA:371,0
DA:373,0
DA:374,0
DA:375,0
DA:376,0
DA:377,0
DA:378,0
DA:380,0
DA:381,0
DA:382,0
DA:385,0
DA:387,16
DA:388,16
DA:389,16
DA:391,9
DA:392,9
DA:393,9
DA:395,7
DA:396,7
DA:397,7
DA:398,7
DA:399,7
DA:402,1
DA:403,1
DA:404,1
DA:407,1
DA:408,1
DA:409,1
DA:412,0
DA:413,0
DA:414,0
DA:415,0
DA:416,0
DA:419,0
DA:420,0
DA:423,0
DA:424,0
DA:427,0
DA:428,0
DA:429,0
DA:430,0
DA:431,0
DA:432,0
DA:433,0
DA:434,0
DA:435,0
DA:436,0
DA:437,0
DA:438,0
DA:439,0
DA:441,0
DA:442,0
DA:443,0
DA:444,0
DA:447,0
DA:448,0
DA:449,0
DA:450,0
DA:451,0
DA:452,0
DA:453,0
DA:454,0
DA:455,0
DA:456,0
DA:457,0
DA:458,0
DA:460,0
DA:461,0
DA:462,0
DA:463,0
DA:466,0
DA:467,0
DA:468,0
DA:469,0
DA:470,0
DA:471,0
DA:472,0
DA:475,0
DA:476,0
DA:477,0
DA:478,0
DA:479,0
DA:480,0
DA:481,0
DA:482,0
DA:483,0
DA:485,0
DA:486,0
DA:487,0
DA:488,0
DA:489,0
DA:490,0
DA:507,7
DA:508,7
DA:509,7
DA:510,7
DA:511,2
DA:512,5
DA:513,4
DA:517,1
DA:518,1
DA:519,1
DA:520,1
DA:521,1
DA:522,1
DA:523,1
DA:524,1
DA:525,1
DA:526,1
DA:528,7
DA:541,4
DA:542,4
DA:543,4
DA:545,6
DA:546,6
DA:547,6
DA:548,6
DA:549,6
DA:550,6
DA:551,6
DA:552,6
DA:553,6
DA:554,6
DA:555,6
DA:557,1
DA:563,1
DA:569,1
DA:575,1
DA:581,1
DA:588,1
DA:595,1
DA:617,1
BRF:0
BRH:0
LF:143
LH:57
end_of_record
SF:/home/nenad/repos/rust-contracts-stylus/contracts/src/token/erc1155/extensions/burnable.rs
FN:75,_RNvXNtNtNtNtCsa86sUp9HUqm_19openzeppelin_stylus5token7erc115510extensions8burnableNtB6_7Erc1155NtB2_16IErc1155Burnable4burn
FN:85,_RNvXNtNtNtNtCsa86sUp9HUqm_19openzeppelin_stylus5token7erc115510extensions8burnableNtB6_7Erc1155NtB2_16IErc1155Burnable10burn_batch
FN:97,_RNvMs_NtNtNtNtCsa86sUp9HUqm_19openzeppelin_stylus5token7erc115510extensions8burnableNtB8_7Erc115524ensure_approved_or_owner
FN:335,_RNCNvNtNtNtNtNtCs6vaqcEMrLsG_19openzeppelin_stylus5token7erc115510extensions8burnable5testss_42error_when_insufficient_balance_burn_batch0Bd_
FN:125,_RNvNtNtNtNtNtCs6vaqcEMrLsG_19openzeppelin_stylus5token7erc115510extensions8burnable5tests4init
FN:144,_RNvNtNtNtNtNtCs6vaqcEMrLsG_19openzeppelin_stylus5token7erc115510extensions8burnable5testss_5burns
FN:160,_RNvNtNtNtNtNtCs6vaqcEMrLsG_19openzeppelin_stylus5token7erc115510extensions8burnable5testss_19burns_with_approval
FN:178,_RNvNtNtNtNtNtCs6vaqcEMrLsG_19openzeppelin_stylus5token7erc115510extensions8burnable5testss_33error_when_missing_approval_burns
FN:196,_RNvNtNtNtNtNtCs6vaqcEMrLsG_19openzeppelin_stylus5token7erc115510extensions8burnable5testss_31error_when_invalid_sender_burns
FN:220,_RNvNtNtNtNtNtCs6vaqcEMrLsG_19openzeppelin_stylus5token7erc115510extensions8burnable5testss_36error_when_insufficient_balance_burn
FN:244,_RNvNtNtNtNtNtCs6vaqcEMrLsG_19openzeppelin_stylus5token7erc115510extensions8burnable5testss_11burns_batch
FN:264,_RNvNtNtNtNtNtCs6vaqcEMrLsG_19openzeppelin_stylus5token7erc115510extensions8burnable5testss_25burns_batch_with_approval
FN:286,_RNvNtNtNtNtNtCs6vaqcEMrLsG_19openzeppelin_stylus5token7erc115510extensions8burnable5testss_38error_when_missing_approval_burn_batch
FN:304,_RNvNtNtNtNtNtCs6vaqcEMrLsG_19openzeppelin_stylus5token7erc115510extensions8burnable5testss_36error_when_invalid_sender_burn_batch
FN:330,_RNvNtNtNtNtNtCs6vaqcEMrLsG_19openzeppelin_stylus5token7erc115510extensions8burnable5testss_42error_when_insufficient_balance_burn_batch
FN:75,_RNvXNtNtNtNtCs6vaqcEMrLsG_19openzeppelin_stylus5token7erc115510extensions8burnableNtB6_7Erc1155NtB2_16IErc1155Burnable4burn
FN:85,_RNvXNtNtNtNtCs6vaqcEMrLsG_19openzeppelin_stylus5token7erc115510extensions8burnableNtB6_7Erc1155NtB2_16IErc1155Burnable10burn_batch
FN:97,_RNvMs_NtNtNtNtCs6vaqcEMrLsG_19openzeppelin_stylus5token7erc115510extensions8burnableNtB8_7Erc115524ensure_approved_or_owner
FNDA:0,_RNvXNtNtNtNtCsa86sUp9HUqm_19openzeppelin_stylus5token7erc115510extensions8burnableNtB6_7Erc1155NtB2_16IErc1155Burnable4burn
FNDA:0,_RNvXNtNtNtNtCsa86sUp9HUqm_19openzeppelin_stylus5token7erc115510extensions8burnableNtB6_7Erc1155NtB2_16IErc1155Burnable10burn_batch
FNDA:0,_RNvMs_NtNtNtNtCsa86sUp9HUqm_19openzeppelin_stylus5token7erc115510extensions8burnableNtB8_7Erc115524ensure_approved_or_owner
FNDA:5,_RNCNvNtNtNtNtNtCs6vaqcEMrLsG_19openzeppelin_stylus5token7erc115510extensions8burnable5testss_42error_when_insufficient_balance_burn_batch0Bd_
FNDA:10,_RNvNtNtNtNtNtCs6vaqcEMrLsG_19openzeppelin_stylus5token7erc115510extensions8burnable5tests4init
[...]
FN:33,_RNvMNtCs4DiXaPGaC9_3e2e7accountNtB2_7Account3new
FN:33,_RNCNvMNtCs4DiXaPGaC9_3e2e7accountNtB4_7Account3new0B6_
FN:39,_RNvMNtCs4DiXaPGaC9_3e2e7accountNtB2_7Account2pk
FN:45,_RNvMNtCs4DiXaPGaC9_3e2e7accountNtB2_7Account7address
FN:51,_RNvMNtCs4DiXaPGaC9_3e2e7accountNtB2_7Account3url
FN:61,_RNvMNtCs4DiXaPGaC9_3e2e7accountNtB2_7Account9sign_hash
FN:61,_RNCNvMNtCs4DiXaPGaC9_3e2e7accountNtB4_7Account9sign_hash0B6_
FN:71,_RNvMNtCs4DiXaPGaC9_3e2e7accountNtB2_7Account12sign_message
FN:71,_RNCNvMNtCs4DiXaPGaC9_3e2e7accountNtB4_7Account12sign_message0B6_
FN:76,_RNvMNtCs4DiXaPGaC9_3e2e7accountNtB2_7Account11as_deployer
FN:87,_RNvMs_NtCs4DiXaPGaC9_3e2e7accountNtB4_14AccountFactory4lock
FN:87,_RNCNvMs_NtCs4DiXaPGaC9_3e2e7accountNtB6_14AccountFactory4lock0B8_
FN:103,_RNvMs_NtCs4DiXaPGaC9_3e2e7accountNtB4_14AccountFactory6create
FN:103,_RNCNvMs_NtCs4DiXaPGaC9_3e2e7accountNtB6_14AccountFactory6create0B8_
FNDA:0,_RNCNvNCNvMs_NtCs4DiXaPGaC9_3e2e7accountNtBa_14AccountFactory4lock020SYNC_ACCOUNT_FACTORY0Bc_
FNDA:0,_RNvMNtCs4DiXaPGaC9_3e2e7accountNtB2_7Account3new
FNDA:0,_RNCNvMNtCs4DiXaPGaC9_3e2e7accountNtB4_7Account3new0B6_
FNDA:0,_RNvMNtCs4DiXaPGaC9_3e2e7accountNtB2_7Account2pk
FNDA:0,_RNvMNtCs4DiXaPGaC9_3e2e7accountNtB2_7Account7address
FNDA:0,_RNvMNtCs4DiXaPGaC9_3e2e7accountNtB2_7Account3url
FNDA:0,_RNvMNtCs4DiXaPGaC9_3e2e7accountNtB2_7Account9sign_hash
FNDA:0,_RNCNvMNtCs4DiXaPGaC9_3e2e7accountNtB4_7Account9sign_hash0B6_
FNDA:0,_RNvMNtCs4DiXaPGaC9_3e2e7accountNtB2_7Account12sign_message
FNDA:0,_RNCNvMNtCs4DiXaPGaC9_3e2e7accountNtB4_7Account12sign_message0B6_
FNDA:0,_RNvMNtCs4DiXaPGaC9_3e2e7accountNtB2_7Account11as_deployer
FNDA:0,_RNvMs_NtCs4DiXaPGaC9_3e2e7accountNtB4_14AccountFactory4lock
FNDA:0,_RNCNvMs_NtCs4DiXaPGaC9_3e2e7accountNtB6_14AccountFactory4lock0B8_
FNDA:0,_RNvMs_NtCs4DiXaPGaC9_3e2e7accountNtB4_14AccountFactory6create
FNDA:0,_RNCNvMs_NtCs4DiXaPGaC9_3e2e7accountNtB6_14AccountFactory6create0B8_
FNF:15
FNH:0
DA:33,0
DA:34,0
DA:35,0
DA:39,0
DA:40,0
DA:41,0
DA:45,0
DA:46,0
DA:47,0
DA:51,0
DA:52,0
DA:53,0
DA:61,0
DA:62,0
DA:63,0
DA:71,0
DA:72,0
DA:73,0
DA:76,0
DA:77,0
DA:78,0
DA:87,0
DA:92,0
DA:94,0
DA:95,0
DA:103,0
DA:104,0
DA:106,0
DA:107,0
DA:108,0
DA:110,0
DA:111,0
DA:112,0
DA:113,0
DA:114,0
DA:115,0
DA:116,0
DA:117,0
DA:118,0
DA:119,0
DA:120,0
BRF:0
BRH:0
LF:46
LH:0
end_of_record
SF:/home/nenad/repos/rust-contracts-stylus/lib/e2e/src/deploy.rs
FN:16,_RNvMNtCs4DiXaPGaC9_3e2e6deployNtB2_8Deployer3new
FN:21,_RINvMNtCs4DiXaPGaC9_3e2e6deployNtB3_8Deployer16with_constructorpEB5_
FN:30,_RINvMNtCs4DiXaPGaC9_3e2e6deployNtB3_8Deployer24with_default_constructorpEB5_
FN:46,_RNvMNtCs4DiXaPGaC9_3e2e6deployNtB2_8Deployer6deploy
FN:46,_RNCNvMNtCs4DiXaPGaC9_3e2e6deployNtB4_8Deployer6deploy0B6_
FNDA:0,_RNvMNtCs4DiXaPGaC9_3e2e6deployNtB2_8Deployer3new
FNDA:0,_RINvMNtCs4DiXaPGaC9_3e2e6deployNtB3_8Deployer16with_constructorpEB5_
FNDA:0,_RINvMNtCs4DiXaPGaC9_3e2e6deployNtB3_8Deployer24with_default_constructorpEB5_
FNDA:0,_RNvMNtCs4DiXaPGaC9_3e2e6deployNtB2_8Deployer6deploy
FNDA:0,_RNCNvMNtCs4DiXaPGaC9_3e2e6deployNtB4_8Deployer6deploy0B6_
FNF:5
FNH:0
DA:16,0
DA:17,0
DA:18,0
DA:21,0
DA:22,0
DA:23,0
DA:24,0
DA:25,0
DA:26,0
DA:27,0
DA:30,0
DA:31,0
DA:32,0
DA:33,0
DA:34,0
DA:46,0
DA:47,0
DA:48,0
DA:49,0
DA:50,0
DA:51,0
DA:53,0
DA:54,0
DA:55,0
DA:56,0
DA:57,0
DA:58,0
DA:59,0
DA:60,0
DA:61,0
DA:62,0
DA:63,0
DA:64,0
DA:65,0
DA:66,0
DA:67,0
DA:68,0
DA:69,0
DA:70,0
DA:71,0
BRF:0
BRH:0
LF:41
LH:0
end_of_record
SF:/home/nenad/repos/rust-contracts-stylus/lib/e2e/src/environment.rs
FN:6,_RNvNtCs4DiXaPGaC9_3e2e11environment13get_node_path
FN:16,_RNvNtCs4DiXaPGaC9_3e2e11environment18get_workspace_root
FNDA:0,_RNvNtCs4DiXaPGaC9_3e2e11environment13get_node_path
FNDA:0,_RNvNtCs4DiXaPGaC9_3e2e11environment18get_workspace_root
FNF:2
FNH:0
DA:6,0
DA:7,0
DA:8,0
DA:9,0
DA:16,0
DA:17,0
DA:18,0
DA:19,0
DA:20,0
DA:21,0
DA:22,0
DA:23,0
DA:25,0
DA:26,0
DA:27,0
DA:28,0
DA:29,0
DA:31,0
DA:32,0
DA:33,0
DA:34,0
DA:35,0
DA:36,0
DA:37,0
BRF:0
BRH:0
LF:24
LH:0
end_of_record
SF:/home/nenad/repos/rust-contracts-stylus/lib/e2e/src/error.rs
FN:24,_RNvXNtCs4DiXaPGaC9_3e2e5errorNtB2_9PanicCodeNtNtCshuVUGNokh5j_4core3fmt7Display3fmt
FN:64,_RNvXs_NtCs4DiXaPGaC9_3e2e5errorNtNtCskcbttf40cu_14alloy_contract5error5ErrorNtB4_5Panic13panicked_with
FN:84,_RNvXININtCs4DiXaPGaC9_3e2e5errors0_0pENtNtCskcbttf40cu_14alloy_contract5error5ErrorINtB5_6RevertpE13reverted_withB7_
FN:91,_RNCNvXININtCs4DiXaPGaC9_3e2e5errors0_0pENtNtCskcbttf40cu_14alloy_contract5error5ErrorINtB7_6RevertpE13reverted_with0B9_
FN:100,_RNvXININtCs4DiXaPGaC9_3e2e5errors1_0pENtCsjJ5NHceDgbR_4eyre6ReportINtB5_6RevertpE13reverted_withB7_
FN:103,_RNCNvXININtCs4DiXaPGaC9_3e2e5errors1_0pENtCsjJ5NHceDgbR_4eyre6ReportINtB7_6RevertpE13reverted_with0B9_
FNDA:0,_RNvXNtCs4DiXaPGaC9_3e2e5errorNtB2_9PanicCodeNtNtCshuVUGNokh5j_4core3fmt7Display3fmt
FNDA:0,_RNvXs_NtCs4DiXaPGaC9_3e2e5errorNtNtCskcbttf40cu_14alloy_contract5error5ErrorNtB4_5Panic13panicked_with
FNDA:0,_RNvXININtCs4DiXaPGaC9_3e2e5errors0_0pENtNtCskcbttf40cu_14alloy_contract5error5ErrorINtB5_6RevertpE13reverted_withB7_
FNDA:0,_RNCNvXININtCs4DiXaPGaC9_3e2e5errors0_0pENtNtCskcbttf40cu_14alloy_contract5error5ErrorINtB7_6RevertpE13reverted_with0B9_
FNDA:0,_RNvXININtCs4DiXaPGaC9_3e2e5errors1_0pENtCsjJ5NHceDgbR_4eyre6ReportINtB5_6RevertpE13reverted_withB7_
FNDA:0,_RNCNvXININtCs4DiXaPGaC9_3e2e5errors1_0pENtCsjJ5NHceDgbR_4eyre6ReportINtB7_6RevertpE13reverted_with0B9_
FNF:6
FNH:0
DA:24,0
DA:25,0
DA:27,0
DA:29,0
DA:31,0
DA:33,0
DA:35,0
DA:37,0
DA:39,0
DA:41,0
DA:43,0
DA:46,0
DA:47,0
DA:64,0
DA:65,0
DA:66,0
DA:78,0
DA:79,0
DA:80,0
DA:84,0
DA:85,0
DA:86,0
DA:89,0
DA:90,0
DA:91,0
DA:92,0
DA:93,0
DA:94,0
DA:95,0
DA:96,0
DA:100,0
DA:101,0
DA:102,0
DA:103,0
DA:105,0
DA:107,0
DA:108,0
DA:110,0
DA:111,0
DA:113,0
DA:114,0
DA:115,0
BRF:0
BRH:0
LF:44
LH:0
end_of_record
SF:/home/nenad/repos/rust-contracts-stylus/lib/e2e/src/event.rs
FN:14,_RNvXININtCs4DiXaPGaC9_3e2e5event0pENtNtNtCs348oqBMJ2l2_19alloy_rpc_types_eth11transaction7receipt18TransactionReceiptINtB5_8EventExtpE5emitsB7_
FN:19,_RNCNvXININtCs4DiXaPGaC9_3e2e5event0pENtNtNtCs348oqBMJ2l2_19alloy_rpc_types_eth11transaction7receipt18TransactionReceiptINtB7_8EventExtpE5emits0B9_
FN:20,_RNCNvXININtCs4DiXaPGaC9_3e2e5event0pENtNtNtCs348oqBMJ2l2_19alloy_rpc_types_eth11transaction7receipt18TransactionReceiptINtB7_8EventExtpE5emitss_0B9_
FN:21,_RNCNvXININtCs4DiXaPGaC9_3e2e5event0pENtNtNtCs348oqBMJ2l2_19alloy_rpc_types_eth11transaction7receipt18TransactionReceiptINtB7_8EventExtpE5emitss0_0B9_
FNDA:0,_RNvXININtCs4DiXaPGaC9_3e2e5event0pENtNtNtCs348oqBMJ2l2_19alloy_rpc_types_eth11transaction7receipt18TransactionReceiptINtB5_8EventExtpE5emitsB7_
FNDA:0,_RNCNvXININtCs4DiXaPGaC9_3e2e5event0pENtNtNtCs348oqBMJ2l2_19alloy_rpc_types_eth11transaction7receipt18TransactionReceiptINtB7_8EventExtpE5emits0B9_
FNDA:0,_RNCNvXININtCs4DiXaPGaC9_3e2e5event0pENtNtNtCs348oqBMJ2l2_19alloy_rpc_types_eth11transaction7receipt18TransactionReceiptINtB7_8EventExtpE5emitss_0B9_
FNDA:0,_RNCNvXININtCs4DiXaPGaC9_3e2e5event0pENtNtNtCs348oqBMJ2l2_19alloy_rpc_types_eth11transaction7receipt18TransactionReceiptINtB7_8EventExtpE5emitss0_0B9_
FNF:4
FNH:0
DA:14,0
DA:15,0
DA:16,0
DA:17,0
DA:18,0
DA:19,0
DA:20,0
DA:21,0
DA:22,0
BRF:0
BRH:0
LF:12
LH:0
end_of_record
SF:/home/nenad/repos/rust-contracts-stylus/lib/e2e/src/project.rs
FN:30,_RNvMNtCs4DiXaPGaC9_3e2e7projectNtB2_5Crate3new
FN:47,_RINvNtCs4DiXaPGaC9_3e2e7project13read_pkg_namepEB4_
FN:73,_RNvNtCs4DiXaPGaC9_3e2e7project8get_wasm
FNDA:0,_RNvMNtCs4DiXaPGaC9_3e2e7projectNtB2_5Crate3new
FNDA:0,_RINvNtCs4DiXaPGaC9_3e2e7project13read_pkg_namepEB4_
FNDA:0,_RNvNtCs4DiXaPGaC9_3e2e7project8get_wasm
FNF:3
FNH:0
DA:30,0
DA:31,0
DA:32,0
DA:33,0
DA:35,0
DA:36,0
DA:47,0
DA:48,0
DA:50,0
DA:51,0
DA:52,0
DA:54,0
DA:55,0
DA:56,0
DA:57,0
DA:58,0
DA:59,0
DA:61,0
DA:73,0
DA:74,0
DA:77,0
DA:81,0
DA:83,0
DA:86,0
DA:87,0
DA:91,0
DA:94,0
DA:95,0
DA:96,0
DA:99,0
DA:100,0
DA:101,0
DA:102,0
DA:103,0
DA:104,0
DA:105,0
BRF:0
BRH:0
LF:36
LH:0
end_of_record
SF:/home/nenad/repos/rust-contracts-stylus/lib/e2e/src/receipt.rs
FN:14,_RNvXNtCs4DiXaPGaC9_3e2e7receiptNtNtNtCs348oqBMJ2l2_19alloy_rpc_types_eth11transaction7receipt18TransactionReceiptNtB2_10ReceiptExt7address
FNDA:0,_RNvXNtCs4DiXaPGaC9_3e2e7receiptNtNtNtCs348oqBMJ2l2_19alloy_rpc_types_eth11transaction7receipt18TransactionReceiptNtB2_10ReceiptExt7address
FNF:1
FNH:0
DA:14,0
DA:15,0
DA:16,0
BRF:0
BRH:0
LF:3
LH:0
end_of_record
SF:/home/nenad/repos/rust-contracts-stylus/lib/e2e/src/system.rs
FN:45,_RNvNtCs4DiXaPGaC9_3e2e6system3env
FN:55,_RNvNtCs4DiXaPGaC9_3e2e6system8provider
FN:64,_RNvNtCs4DiXaPGaC9_3e2e6system12fund_account
FNDA:0,_RNvNtCs4DiXaPGaC9_3e2e6system3env
FNDA:0,_RNvNtCs4DiXaPGaC9_3e2e6system8provider
FNDA:0,_RNvNtCs4DiXaPGaC9_3e2e6system12fund_account
FNF:3
FNH:0
DA:45,0
DA:46,0
DA:47,0
DA:55,0
DA:56,0
DA:57,0
DA:58,0
DA:59,0
DA:60,0
DA:61,0
DA:64,0
DA:65,0
DA:66,0
DA:67,0
DA:68,0
DA:70,0
DA:71,0
DA:72,0
DA:73,0
DA:74,0
DA:75,0
DA:76,0
DA:77,0
DA:79,0
DA:80,0
DA:81,0
DA:82,0
DA:83,0
DA:84,0
DA:85,0
BRF:0
BRH:0
LF:30
LH:0
end_of_record
SF:/home/nenad/repos/rust-contracts-stylus/lib/motsu-proc/src/lib.rs
FN:55,_RNvCs7aySiyboTyS_10motsu_proc4test
FN:55,_RNvCsgsPfwjexUC5_10motsu_proc4test
FNDA:267,_RNvCs7aySiyboTyS_10motsu_proc4test
FNDA:0,_RNvCsgsPfwjexUC5_10motsu_proc4test
FNF:1
FNH:1
DA:55,267
DA:56,267
DA:57,267
BRF:0
BRH:0
LF:3
LH:3
end_of_record
SF:/home/nenad/repos/rust-contracts-stylus/lib/motsu-proc/src/test.rs
FN:9,_RNvNtCs7aySiyboTyS_10motsu_proc4test4test
FN:24,_RNCNvNtCs7aySiyboTyS_10motsu_proc4test4test0B5_
FN:9,_RNvNtCsgsPfwjexUC5_10motsu_proc4test4test
FN:24,_RNCNvNtCsgsPfwjexUC5_10motsu_proc4test4test0B5_
FNDA:267,_RNvNtCs7aySiyboTyS_10motsu_proc4test4test
FNDA:258,_RNCNvNtCs7aySiyboTyS_10motsu_proc4test4test0B5_
FNDA:0,_RNvNtCsgsPfwjexUC5_10motsu_proc4test4test
FNDA:0,_RNCNvNtCsgsPfwjexUC5_10motsu_proc4test4test0B5_
FNF:2
FNH:2
DA:9,267
DA:10,267
DA:11,267
DA:12,267
DA:13,267
DA:14,267
DA:15,267
DA:16,267
DA:17,267
DA:18,267
DA:19,267
DA:20,0
DA:21,267
DA:22,267
DA:23,267
DA:24,267
DA:25,258
DA:26,0
DA:28,258
DA:29,258
DA:30,258
DA:31,258
DA:32,258
DA:33,258
DA:34,258
DA:35,258
DA:36,258
DA:37,267
DA:38,267
DA:39,267
DA:40,267
DA:41,267
DA:42,267
DA:43,267
DA:44,267
DA:45,267
DA:46,267
DA:47,267
DA:48,267
DA:49,267
DA:50,267
DA:51,267
DA:52,267
DA:53,267
DA:54,267
BRF:0
BRH:0
LF:47
LH:45
end_of_record
SF:/home/nenad/repos/rust-contracts-stylus/lib/motsu/src/context.rs
FN:20,_RNvMNtCs4DHrKNHld1W_5motsu7contextNtB2_7Context7current
FN:25,_RNvMNtCs4DHrKNHld1W_5motsu7contextNtB2_7Context9get_bytes
FN:31,_RNvMNtCs4DHrKNHld1W_5motsu7contextNtB2_7Context13get_bytes_raw
FN:38,_RNvMNtCs4DHrKNHld1W_5motsu7contextNtB2_7Context9set_bytes
FN:44,_RNvMNtCs4DHrKNHld1W_5motsu7contextNtB2_7Context13set_bytes_raw
FN:70,_RNvMs_NtCs4DHrKNHld1W_5motsu7contextNtB4_10ThreadName7current
FN:87,_RNvNtCs4DHrKNHld1W_5motsu7context12read_bytes32
FN:94,_RNvNtCs4DHrKNHld1W_5motsu7context13write_bytes32
FN:51,_RNvMNtCs4DHrKNHld1W_5motsu7contextNtB2_7Context13reset_storage
FN:104,_RNvYpNtNtCs4DHrKNHld1W_5motsu7context14DefaultStorage7defaultB7_
FN:104,_RNvYNtNtNtCs6vaqcEMrLsG_19openzeppelin_stylus6access7control13AccessControlNtNtCs823hzHEIBG1_5motsu7context14DefaultStorage7defaultB8_
FN:104,_RNvYNtNtNtNtNtNtCs6vaqcEMrLsG_19openzeppelin_stylus5token6erc72110extensions11uri_storage5tests21Erc721MetadataExampleNtNtCs823hzHEIBG1_5motsu7context14DefaultStorage7defaultBe_
FN:104,_RNvYNtNtNtNtCs6vaqcEMrLsG_19openzeppelin_stylus7finance14vesting_wallet8sol_defs13VestingWalletNtNtCs823hzHEIBG1_5motsu7context14DefaultStorage7defaultBa_
FN:104,_RNvYNtNtNtCs6vaqcEMrLsG_19openzeppelin_stylus6access16ownable_two_step12Ownable2StepNtNtCs823hzHEIBG1_5motsu7context14DefaultStorage7defaultB8_
FN:104,_RNvYNtNtNtNtNtCs6vaqcEMrLsG_19openzeppelin_stylus5token6erc72110extensions10enumerable16Erc721EnumerableNtNtCs823hzHEIBG1_5motsu7context14DefaultStorage7defaultBc_
FN:104,_RNvYNtNtNtCs6vaqcEMrLsG_19openzeppelin_stylus5token6erc7216Erc721NtNtCs823hzHEIBG1_5motsu7context14DefaultStorage7defaultB8_
FN:104,_RNvYNtNtNtCs6vaqcEMrLsG_19openzeppelin_stylus6access7ownable7OwnableNtNtCs823hzHEIBG1_5motsu7context14DefaultStorage7defaultB8_
FN:104,_RNvYNtNtNtCs6vaqcEMrLsG_19openzeppelin_stylus5token7erc11557Erc1155NtNtCs823hzHEIBG1_5motsu7context14DefaultStorage7defaultB8_
FN:104,_RNvYINtNtNtNtCs6vaqcEMrLsG_19openzeppelin_stylus5utils7structs11checkpoints5TraceNtNtB5_12generic_size4S160ENtNtCs823hzHEIBG1_5motsu7context14DefaultStorage7defaultBb_
FN:104,_RNvYNtNtNtNtCs6vaqcEMrLsG_19openzeppelin_stylus5utils7structs6bitmap6BitMapNtNtCs823hzHEIBG1_5motsu7context14DefaultStorage7defaultBa_
FN:104,_RNvYNtNtNtCs6vaqcEMrLsG_19openzeppelin_stylus5utils6nonces6NoncesNtNtCs823hzHEIBG1_5motsu7context14DefaultStorage7defaultB8_
FN:104,_RNvYNtNtNtCs6vaqcEMrLsG_19openzeppelin_stylus5token5erc205Erc20NtNtCs823hzHEIBG1_5motsu7context14DefaultStorage7defaultB8_
FN:104,_RNvYNtNtNtNtNtCs6vaqcEMrLsG_19openzeppelin_stylus5token5erc2010extensions6capped6CappedNtNtCs823hzHEIBG1_5motsu7context14DefaultStorage7defaultBc_
FN:104,_RNvYNtNtNtNtNtCs6vaqcEMrLsG_19openzeppelin_stylus5token6erc72110extensions11consecutive17Erc721ConsecutiveNtNtCs823hzHEIBG1_5motsu7context14DefaultStorage7defaultBc_
FN:104,_RNvYNtNtNtCs6vaqcEMrLsG_19openzeppelin_stylus5utils8pausable8PausableNtNtCs823hzHEIBG1_5motsu7context14DefaultStorage7defaultB8_
FN:20,_RNvMNtCs823hzHEIBG1_5motsu7contextNtB2_7Context7current
FN:25,_RNvMNtCs823hzHEIBG1_5motsu7contextNtB2_7Context9get_bytes
FN:31,_RNvMNtCs823hzHEIBG1_5motsu7contextNtB2_7Context13get_bytes_raw
FN:38,_RNvMNtCs823hzHEIBG1_5motsu7contextNtB2_7Context9set_bytes
FN:44,_RNvMNtCs823hzHEIBG1_5motsu7contextNtB2_7Context13set_bytes_raw
FN:51,_RNvMNtCs823hzHEIBG1_5motsu7contextNtB2_7Context13reset_storage
FN:70,_RNvMs_NtCs823hzHEIBG1_5motsu7contextNtB4_10ThreadName7current
FN:87,_RNvNtCs823hzHEIBG1_5motsu7context12read_bytes32
FN:94,_RNvNtCs823hzHEIBG1_5motsu7context13write_bytes32
FNDA:0,_RNvMNtCs4DHrKNHld1W_5motsu7contextNtB2_7Context7current
FNDA:0,_RNvMNtCs4DHrKNHld1W_5motsu7contextNtB2_7Context9get_bytes
FNDA:0,_RNvMNtCs4DHrKNHld1W_5motsu7contextNtB2_7Context13get_bytes_raw
FNDA:0,_RNvMNtCs4DHrKNHld1W_5motsu7contextNtB2_7Context9set_bytes
FNDA:0,_RNvMNtCs4DHrKNHld1W_5motsu7contextNtB2_7Context13set_bytes_raw
FNDA:0,_RNvMs_NtCs4DHrKNHld1W_5motsu7contextNtB4_10ThreadName7current
FNDA:0,_RNvNtCs4DHrKNHld1W_5motsu7context12read_bytes32
FNDA:0,_RNvNtCs4DHrKNHld1W_5motsu7context13write_bytes32
FNDA:0,_RNvMNtCs4DHrKNHld1W_5motsu7contextNtB2_7Context13reset_storage
FNDA:0,_RNvYpNtNtCs4DHrKNHld1W_5motsu7context14DefaultStorage7defaultB7_
FNDA:22,_RNvYNtNtNtCs6vaqcEMrLsG_19openzeppelin_stylus6access7control13AccessControlNtNtCs823hzHEIBG1_5motsu7context14DefaultStorage7defaultB8_
FNDA:2,_RNvYNtNtNtNtNtNtCs6vaqcEMrLsG_19openzeppelin_stylus5token6erc72110extensions11uri_storage5tests21Erc721MetadataExampleNtNtCs823hzHEIBG1_5motsu7context14DefaultStorage7defaultBe_
FNDA:8,_RNvYNtNtNtNtCs6vaqcEMrLsG_19openzeppelin_stylus7finance14vesting_wallet8sol_defs13VestingWalletNtNtCs823hzHEIBG1_5motsu7context14DefaultStorage7defaultBa_
FNDA:12,_RNvYNtNtNtCs6vaqcEMrLsG_19openzeppelin_stylus6access16ownable_two_step12Ownable2StepNtNtCs823hzHEIBG1_5motsu7context14DefaultStorage7defaultB8_
FNDA:8,_RNvYNtNtNtNtNtCs6vaqcEMrLsG_19openzeppelin_stylus5token6erc72110extensions10enumerable16Erc721EnumerableNtNtCs823hzHEIBG1_5motsu7context14DefaultStorage7defaultBc_
FNDA:84,_RNvYNtNtNtCs6vaqcEMrLsG_19openzeppelin_stylus5token6erc7216Erc721NtNtCs823hzHEIBG1_5motsu7context14DefaultStorage7defaultB8_
FNDA:7,_RNvYNtNtNtCs6vaqcEMrLsG_19openzeppelin_stylus6access7ownable7OwnableNtNtCs823hzHEIBG1_5motsu7context14DefaultStorage7defaultB8_
FNDA:51,_RNvYNtNtNtCs6vaqcEMrLsG_19openzeppelin_stylus5token7erc11557Erc1155NtNtCs823hzHEIBG1_5motsu7context14DefaultStorage7defaultB8_
FNDA:8,_RNvYINtNtNtNtCs6vaqcEMrLsG_19openzeppelin_stylus5utils7structs11checkpoints5TraceNtNtB5_12generic_size4S160ENtNtCs823hzHEIBG1_5motsu7context14DefaultStorage7defaultBb_
FNDA:768,_RNvYNtNtNtNtCs6vaqcEMrLsG_19openzeppelin_stylus5utils7structs6bitmap6BitMapNtNtCs823hzHEIBG1_5motsu7context14DefaultStorage7defaultBa_
FNDA:4,_RNvYNtNtNtCs6vaqcEMrLsG_19openzeppelin_stylus5utils6nonces6NoncesNtNtCs823hzHEIBG1_5motsu7context14DefaultStorage7defaultB8_
FNDA:25,_RNvYNtNtNtCs6vaqcEMrLsG_19openzeppelin_stylus5token5erc205Erc20NtNtCs823hzHEIBG1_5motsu7context14DefaultStorage7defaultB8_
FNDA:1,_RNvYNtNtNtNtNtCs6vaqcEMrLsG_19openzeppelin_stylus5token5erc2010extensions6capped6CappedNtNtCs823hzHEIBG1_5motsu7context14DefaultStorage7defaultBc_
FNDA:21,_RNvYNtNtNtNtNtCs6vaqcEMrLsG_19openzeppelin_stylus5token6erc72110extensions11consecutive17Erc721ConsecutiveNtNtCs823hzHEIBG1_5motsu7context14DefaultStorage7defaultBc_
FNDA:9,_RNvYNtNtNtCs6vaqcEMrLsG_19openzeppelin_stylus5utils8pausable8PausableNtNtCs823hzHEIBG1_5motsu7context14DefaultStorage7defaultB8_
FNDA:7860,_RNvMNtCs823hzHEIBG1_5motsu7contextNtB2_7Context7current
FNDA:5128,_RNvMNtCs823hzHEIBG1_5motsu7contextNtB2_7Context9get_bytes
FNDA:5128,_RNvMNtCs823hzHEIBG1_5motsu7contextNtB2_7Context13get_bytes_raw
FNDA:2467,_RNvMNtCs823hzHEIBG1_5motsu7contextNtB2_7Context9set_bytes
FNDA:2467,_RNvMNtCs823hzHEIBG1_5motsu7contextNtB2_7Context13set_bytes_raw
FNDA:265,_RNvMNtCs823hzHEIBG1_5motsu7contextNtB2_7Context13reset_storage
FNDA:7860,_RNvMs_NtCs823hzHEIBG1_5motsu7contextNtB4_10ThreadName7current
FNDA:10062,_RNvNtCs823hzHEIBG1_5motsu7context12read_bytes32
FNDA:5128,_RNvNtCs823hzHEIBG1_5motsu7context13write_bytes32
FNF:10
FNH:10
DA:20,7860
DA:21,7860
DA:22,7860
DA:25,5128
DA:26,5128
DA:27,5128
DA:28,5128
DA:31,5128
DA:32,5128
DA:33,5128
DA:34,5128
DA:35,5128
DA:38,2467
DA:39,2467
DA:40,2467
DA:41,2467
DA:44,2467
DA:45,2467
DA:46,2467
DA:47,2467
DA:51,265
DA:52,265
DA:53,265
DA:70,7860
DA:71,7860
DA:72,7860
DA:73,7860
DA:74,7860
DA:75,7860
DA:76,7860
DA:87,10062
DA:88,10062
DA:89,10062
DA:90,10062
DA:91,10062
DA:94,5128
DA:95,5128
DA:96,5128
DA:104,1030
DA:105,1030
DA:106,1030
BRF:0
BRH:0
LF:41
LH:41
end_of_record
SF:/home/nenad/repos/rust-contracts-stylus/lib/motsu/src/shims.rs
FN:113,_RNvNtCs4DHrKNHld1W_5motsu5shims19storage_flush_cache
FN:56,native_keccak256
FN:161,contract_address
FN:172,chainid
FN:188,emit_log
FN:217,return_data_size
FN:233,read_return_data
FN:259,call_contract
FN:288,static_call_contract
FN:316,delegate_call_contract
FN:82,storage_load_bytes32
FN:101,storage_cache_bytes32
FN:113,_RNvNtCs823hzHEIBG1_5motsu5shims19storage_flush_cache
FN:147,msg_sender
FN:204,account_codehash
FN:335,block_timestamp
FNDA:0,_RNvNtCs4DHrKNHld1W_5motsu5shims19storage_flush_cache
FNDA:0,native_keccak256
FNDA:0,contract_address
FNDA:0,chainid
FNDA:0,emit_log
FNDA:0,return_data_size
FNDA:0,read_return_data
FNDA:0,call_contract
FNDA:0,static_call_contract
FNDA:0,delegate_call_contract
FNDA:5128,storage_load_bytes32
FNDA:2467,storage_cache_bytes32
FNDA:0,_RNvNtCs823hzHEIBG1_5motsu5shims19storage_flush_cache
FNDA:2,msg_sender
FNDA:62,account_codehash
FNDA:1,block_timestamp
FNF:15
FNH:5
DA:56,0
DA:57,0
DA:58,0
DA:59,0
DA:60,0
DA:61,0
DA:62,0
DA:63,0
DA:64,0
DA:65,0
DA:66,0
DA:67,0
DA:68,0
DA:82,5128
DA:83,5128
DA:84,5128
DA:101,2467
DA:102,2467
DA:103,2467
DA:104,2467
DA:105,2467
DA:106,2467
DA:113,0
DA:114,0
DA:115,0
DA:147,2
DA:148,2
DA:149,2
DA:150,2
DA:161,0
DA:162,0
DA:163,0
DA:164,0
DA:165,0
DA:172,0
DA:173,0
DA:174,0
DA:188,0
DA:189,0
DA:190,0
DA:204,62
DA:205,62
DA:206,62
DA:207,62
DA:208,62
DA:209,62
DA:217,0
DA:218,0
DA:219,0
DA:220,0
DA:221,0
DA:222,0
DA:233,0
DA:234,0
DA:235,0
DA:236,0
DA:237,0
DA:238,0
DA:239,0
DA:240,0
DA:241,0
DA:242,0
DA:259,0
DA:260,0
DA:261,0
DA:262,0
DA:263,0
DA:264,0
DA:265,0
DA:266,0
DA:267,0
DA:268,0
DA:269,0
DA:270,0
DA:271,0
DA:288,0
DA:289,0
DA:290,0
DA:291,0
DA:292,0
DA:293,0
DA:294,0
DA:295,0
DA:296,0
DA:297,0
DA:298,0
DA:299,0
DA:316,0
DA:317,0
DA:318,0
DA:319,0
DA:320,0
DA:321,0
DA:322,0
DA:323,0
DA:324,0
DA:325,0
DA:326,0
DA:327,0
DA:335,1
DA:336,1
DA:337,1
DA:338,1
BRF:0
BRH:0
LF:103
LH:23
end_of_record