SF:/home/nenad/repos/rust-contracts-stylus/contracts-proc/src/interface_id.rs
FN:15,_RNvNtCskY0rsraHDlA_24openzeppelin_stylus_proc12interface_id12interface_id
FN:91,_RNvXNtCskY0rsraHDlA_24openzeppelin_stylus_proc12interface_idNtB2_12SelectorArgsNtNtCs3J1BSEJyzIK_3syn5parse5Parse5parse
FN:44,_RNCNvNtCskY0rsraHDlA_24openzeppelin_stylus_proc12interface_id12interface_id0B5_
FN:49,_RNCNvNtCskY0rsraHDlA_24openzeppelin_stylus_proc12interface_id12interface_ids_0B5_
FN:15,_RNvNtCscN5wxMLS1wt_24openzeppelin_stylus_proc12interface_id12interface_id
FN:44,_RNCNvNtCscN5wxMLS1wt_24openzeppelin_stylus_proc12interface_id12interface_id0B5_
FN:49,_RNCNvNtCscN5wxMLS1wt_24openzeppelin_stylus_proc12interface_id12interface_ids_0B5_
FN:91,_RNvXNtCscN5wxMLS1wt_24openzeppelin_stylus_proc12interface_idNtB2_12SelectorArgsNtNtCs3J1BSEJyzIK_3syn5parse5Parse5parse
FNDA:18,_RNvNtCskY0rsraHDlA_24openzeppelin_stylus_proc12interface_id12interface_id
FNDA:18,_RNvXNtCskY0rsraHDlA_24openzeppelin_stylus_proc12interface_idNtB2_12SelectorArgsNtNtCs3J1BSEJyzIK_3syn5parse5Parse5parse
FNDA:78,_RNCNvNtCskY0rsraHDlA_24openzeppelin_stylus_proc12interface_id12interface_id0B5_
FNDA:212,_RNCNvNtCskY0rsraHDlA_24openzeppelin_stylus_proc12interface_id12interface_ids_0B5_
FNDA:0,_RNvNtCscN5wxMLS1wt_24openzeppelin_stylus_proc12interface_id12interface_id
FNDA:0,_RNCNvNtCscN5wxMLS1wt_24openzeppelin_stylus_proc12interface_id12interface_id0B5_
FNDA:0,_RNCNvNtCscN5wxMLS1wt_24openzeppelin_stylus_proc12interface_id12interface_ids_0B5_
FNDA:0,_RNvXNtCscN5wxMLS1wt_24openzeppelin_stylus_proc12interface_idNtB2_12SelectorArgsNtNtCs3J1BSEJyzIK_3syn5parse5Parse5parse
FNF:4
FNH:4
DA:15,18
DA:16,18
DA:17,18
DA:18,18
DA:19,18
DA:21,18
DA:22,126
DA:23,108
DA:24,12
DA:27,96
DA:28,1566
DA:29,1566
DA:30,18
DA:31,0
DA:32,18
DA:33,18
DA:34,18
DA:35,0
DA:37,18
DA:38,1548
DA:39,1548
DA:40,1548
DA:41,1548
DA:44,96
DA:45,78
DA:46,78
DA:47,96
DA:48,96
DA:49,212
DA:50,118
DA:52,94
DA:53,212
DA:54,96
DA:55,96
DA:56,96
DA:57,96
DA:61,18
DA:62,18
DA:63,18
DA:64,18
DA:65,18
DA:66,18
DA:67,18
DA:68,18
DA:69,18
DA:70,18
DA:71,18
DA:72,18
DA:73,18
DA:74,18
DA:75,18
DA:76,18
DA:77,18
DA:78,18
DA:79,18
DA:80,18
DA:81,18
DA:82,18
DA:83,18
DA:91,18
DA:92,18
DA:94,18
DA:95,18
DA:96,18
DA:97,18
DA:99,0
DA:101,18
BRF:0
BRH:0
LF:71
LH:68
end_of_record
SF:/home/nenad/repos/rust-contracts-stylus/contracts-proc/src/lib.rs
FN:62,_RNvCskY0rsraHDlA_24openzeppelin_stylus_proc12interface_id
FN:62,_RNvCscN5wxMLS1wt_24openzeppelin_stylus_proc12interface_id
FNDA:18,_RNvCskY0rsraHDlA_24openzeppelin_stylus_proc12interface_id
FNDA:0,_RNvCscN5wxMLS1wt_24openzeppelin_stylus_proc12interface_id
FNF:1
FNH:1
DA:62,18
DA:63,18
DA:64,18
BRF:0
BRH:0
LF:3
LH:3
end_of_record
SF:/home/nenad/repos/rust-contracts-stylus/contracts/src/access/control.rs
FN:284,_RNvMNtNtCsdvcNaYVB9b9_19openzeppelin_stylus6access7controlNtB2_13AccessControl15__set_role_admin
FN:306,_RNvMNtNtCsdvcNaYVB9b9_19openzeppelin_stylus6access7controlNtB2_13AccessControl11__check_role
FN:334,_RNvMNtNtCsdvcNaYVB9b9_19openzeppelin_stylus6access7controlNtB2_13AccessControl11__grant_role
FN:358,_RNvMNtNtCsdvcNaYVB9b9_19openzeppelin_stylus6access7controlNtB2_13AccessControl12__revoke_role
FN:93,_RNvXs6_NtNtCsdvcNaYVB9b9_19openzeppelin_stylus6access7controlNtB5_5ErrorINtNtCsgjpIjOj3Vii_4core7convert4FromNtB5_32AccessControlUnauthorizedAccountE4from
FN:93,_RNvXs7_NtNtCsdvcNaYVB9b9_19openzeppelin_stylus6access7controlNtB5_5ErrorINtNtCsgjpIjOj3Vii_4core7convert4FromNtB5_28AccessControlBadConfirmationE4from
FN:115,_RNvMsa_NtNtCsdvcNaYVB9b9_19openzeppelin_stylus6access7controlNtB5_8RoleData14required_slots
FN:115,_RNvXsb_NtNtCsdvcNaYVB9b9_19openzeppelin_stylus6access7controlNtB5_8RoleDataNtNtNtCs26a1fVprefy_10stylus_sdk7storage6traits11StorageType3new
FN:101,_RNvXsb_NtNtCsdvcNaYVB9b9_19openzeppelin_stylus6access7controlNtB5_8RoleDataNtNtNtCs26a1fVprefy_10stylus_sdk7storage6traits11StorageType4load
FN:101,_RNvXsb_NtNtCsdvcNaYVB9b9_19openzeppelin_stylus6access7controlNtB5_8RoleDataNtNtNtCs26a1fVprefy_10stylus_sdk7storage6traits11StorageType8load_mut
FN:115,_RNvMsc_NtNtCsdvcNaYVB9b9_19openzeppelin_stylus6access7controlNtB5_13AccessControl14required_slots
FN:115,_RNvXsd_NtNtCsdvcNaYVB9b9_19openzeppelin_stylus6access7controlNtB5_13AccessControlNtNtNtCs26a1fVprefy_10stylus_sdk7storage6traits11StorageType3new
FN:101,_RNvXsd_NtNtCsdvcNaYVB9b9_19openzeppelin_stylus6access7controlNtB5_13AccessControlNtNtNtCs26a1fVprefy_10stylus_sdk7storage6traits11StorageType4load
FN:101,_RNvXsd_NtNtCsdvcNaYVB9b9_19openzeppelin_stylus6access7controlNtB5_13AccessControlNtNtNtCs26a1fVprefy_10stylus_sdk7storage6traits11StorageType8load_mut
FN:130,_RNvMse_NtNtCsdvcNaYVB9b9_19openzeppelin_stylus6access7controlNtB5_13AccessControl8has_role
FN:145,_RNvMse_NtNtCsdvcNaYVB9b9_19openzeppelin_stylus6access7controlNtB5_13AccessControl9only_role
FN:159,_RNvMse_NtNtCsdvcNaYVB9b9_19openzeppelin_stylus6access7controlNtB5_13AccessControl14get_role_admin
FN:186,_RNvMse_NtNtCsdvcNaYVB9b9_19openzeppelin_stylus6access7controlNtB5_13AccessControl10grant_role
FN:219,_RNvMse_NtNtCsdvcNaYVB9b9_19openzeppelin_stylus6access7controlNtB5_13AccessControl11revoke_role
FN:256,_RNvMse_NtNtCsdvcNaYVB9b9_19openzeppelin_stylus6access7controlNtB5_13AccessControl13renounce_role
FN:73,_RNvXs_NvNtNtCsdvcNaYVB9b9_19openzeppelin_stylus6access7control1__NtNtCs4lfFb1mHeP0_16alloy_primitives3log7LogDataINtNtCsgjpIjOj3Vii_4core7convert4FromRNtB6_16RoleAdminChangedE4fromBa_
FN:50,_RNCNvXs_NvNtNtCsdvcNaYVB9b9_19openzeppelin_stylus6access7control1__NtNtCs4lfFb1mHeP0_16alloy_primitives3log7LogDataINtNtCsgjpIjOj3Vii_4core7convert4FromRNtB8_16RoleAdminChangedE4from0Bc_
FN:73,_RNvXs_NvNtNtCsdvcNaYVB9b9_19openzeppelin_stylus6access7controls_1__NtNtCs4lfFb1mHeP0_16alloy_primitives3log7LogDataINtNtCsgjpIjOj3Vii_4core7convert4FromRNtB6_11RoleGrantedE4fromBa_
FN:50,_RNCNvXs_NvNtNtCsdvcNaYVB9b9_19openzeppelin_stylus6access7controls_1__NtNtCs4lfFb1mHeP0_16alloy_primitives3log7LogDataINtNtCsgjpIjOj3Vii_4core7convert4FromRNtB8_11RoleGrantedE4from0Bc_
FN:73,_RNvXs_NvNtNtCsdvcNaYVB9b9_19openzeppelin_stylus6access7controls0_1__NtNtCs4lfFb1mHeP0_16alloy_primitives3log7LogDataINtNtCsgjpIjOj3Vii_4core7convert4FromRNtB6_11RoleRevokedE4fromBa_
FN:50,_RNCNvXs_NvNtNtCsdvcNaYVB9b9_19openzeppelin_stylus6access7controls0_1__NtNtCs4lfFb1mHeP0_16alloy_primitives3log7LogDataINtNtCsgjpIjOj3Vii_4core7convert4FromRNtB8_11RoleRevokedE4from0Bc_
FN:73,_RNvXs_NvNtNtCs2DsLaG5kw0h_19openzeppelin_stylus6access7control1__NtNtCs4lfFb1mHeP0_16alloy_primitives3log7LogDataINtNtCsgjpIjOj3Vii_4core7convert4FromRNtB6_16RoleAdminChangedE4fromBa_
FN:50,_RNCNvXs_NvNtNtCs2DsLaG5kw0h_19openzeppelin_stylus6access7control1__NtNtCs4lfFb1mHeP0_16alloy_primitives3log7LogDataINtNtCsgjpIjOj3Vii_4core7convert4FromRNtB8_16RoleAdminChangedE4from0Bc_
FN:73,_RNvXs_NvNtNtCs2DsLaG5kw0h_19openzeppelin_stylus6access7controls_1__NtNtCs4lfFb1mHeP0_16alloy_primitives3log7LogDataINtNtCsgjpIjOj3Vii_4core7convert4FromRNtB6_11RoleGrantedE4fromBa_
FN:50,_RNCNvXs_NvNtNtCs2DsLaG5kw0h_19openzeppelin_stylus6access7controls_1__NtNtCs4lfFb1mHeP0_16alloy_primitives3log7LogDataINtNtCsgjpIjOj3Vii_4core7convert4FromRNtB8_11RoleGrantedE4from0Bc_
FN:73,_RNvXs_NvNtNtCs2DsLaG5kw0h_19openzeppelin_stylus6access7controls0_1__NtNtCs4lfFb1mHeP0_16alloy_primitives3log7LogDataINtNtCsgjpIjOj3Vii_4core7convert4FromRNtB6_11RoleRevokedE4fromBa_
FN:50,_RNCNvXs_NvNtNtCs2DsLaG5kw0h_19openzeppelin_stylus6access7controls0_1__NtNtCs4lfFb1mHeP0_16alloy_primitives3log7LogDataINtNtCsgjpIjOj3Vii_4core7convert4FromRNtB8_11RoleRevokedE4from0Bc_
FN:75,_RNvNvNtNtCs2DsLaG5kw0h_19openzeppelin_stylus6access7controls1_1__15__type_assertion
FN:75,_RNvNvNtNtCs2DsLaG5kw0h_19openzeppelin_stylus6access7controls2_1__15__type_assertion
FN:93,_RNvXs6_NtNtCs2DsLaG5kw0h_19openzeppelin_stylus6access7controlNtB5_5ErrorINtNtCsgjpIjOj3Vii_4core7convert4FromNtB5_32AccessControlUnauthorizedAccountE4from
FN:93,_RNvXs7_NtNtCs2DsLaG5kw0h_19openzeppelin_stylus6access7controlNtB5_5ErrorINtNtCsgjpIjOj3Vii_4core7convert4FromNtB5_28AccessControlBadConfirmationE4from
FN:115,_RNvMsa_NtNtCs2DsLaG5kw0h_19openzeppelin_stylus6access7controlNtB5_8RoleData14required_slots
FN:101,_RNvXsb_NtNtCs2DsLaG5kw0h_19openzeppelin_stylus6access7controlNtB5_8RoleDataNtNtNtCs26a1fVprefy_10stylus_sdk7storage6traits11StorageType4load
FN:101,_RNvXsb_NtNtCs2DsLaG5kw0h_19openzeppelin_stylus6access7controlNtB5_8RoleDataNtNtNtCs26a1fVprefy_10stylus_sdk7storage6traits11StorageType8load_mut
FN:115,_RNvMsc_NtNtCs2DsLaG5kw0h_19openzeppelin_stylus6access7controlNtB5_13AccessControl14required_slots
FN:101,_RNvXsd_NtNtCs2DsLaG5kw0h_19openzeppelin_stylus6access7controlNtB5_13AccessControlNtNtNtCs26a1fVprefy_10stylus_sdk7storage6traits11StorageType4load
FN:101,_RNvXsd_NtNtCs2DsLaG5kw0h_19openzeppelin_stylus6access7controlNtB5_13AccessControlNtNtNtCs26a1fVprefy_10stylus_sdk7storage6traits11StorageType8load_mut
FN:284,_RNvMNtNtCs2DsLaG5kw0h_19openzeppelin_stylus6access7controlNtB2_13AccessControl15__set_role_admin
FN:306,_RNvMNtNtCs2DsLaG5kw0h_19openzeppelin_stylus6access7controlNtB2_13AccessControl11__check_role
FN:334,_RNvMNtNtCs2DsLaG5kw0h_19openzeppelin_stylus6access7controlNtB2_13AccessControl11__grant_role
FN:358,_RNvMNtNtCs2DsLaG5kw0h_19openzeppelin_stylus6access7controlNtB2_13AccessControl12__revoke_role
FN:115,_RNvXsb_NtNtCs2DsLaG5kw0h_19openzeppelin_stylus6access7controlNtB5_8RoleDataNtNtNtCs26a1fVprefy_10stylus_sdk7storage6traits11StorageType3new
FN:115,_RNvXsd_NtNtCs2DsLaG5kw0h_19openzeppelin_stylus6access7controlNtB5_13AccessControlNtNtNtCs26a1fVprefy_10stylus_sdk7storage6traits11StorageType3new
FN:130,_RNvMse_NtNtCs2DsLaG5kw0h_19openzeppelin_stylus6access7controlNtB5_13AccessControl8has_role
FN:145,_RNvMse_NtNtCs2DsLaG5kw0h_19openzeppelin_stylus6access7controlNtB5_13AccessControl9only_role
FN:159,_RNvMse_NtNtCs2DsLaG5kw0h_19openzeppelin_stylus6access7controlNtB5_13AccessControl14get_role_admin
FN:186,_RNvMse_NtNtCs2DsLaG5kw0h_19openzeppelin_stylus6access7controlNtB5_13AccessControl10grant_role
FN:219,_RNvMse_NtNtCs2DsLaG5kw0h_19openzeppelin_stylus6access7controlNtB5_13AccessControl11revoke_role
FN:256,_RNvMse_NtNtCs2DsLaG5kw0h_19openzeppelin_stylus6access7controlNtB5_13AccessControl13renounce_role
FN:398,_RNvNtNtNtCs2DsLaG5kw0h_19openzeppelin_stylus6access7control5tests25__grant_role_to_msg_sender
FNDA:0,_RNvMNtNtCsdvcNaYVB9b9_19openzeppelin_stylus6access7controlNtB2_13AccessControl15__set_role_admin
FNDA:0,_RNvMNtNtCsdvcNaYVB9b9_19openzeppelin_stylus6access7controlNtB2_13AccessControl11__check_role
FNDA:0,_RNvMNtNtCsdvcNaYVB9b9_19openzeppelin_stylus6access7controlNtB2_13AccessControl11__grant_role
FNDA:0,_RNvMNtNtCsdvcNaYVB9b9_19openzeppelin_stylus6access7controlNtB2_13AccessControl12__revoke_role
FNDA:0,_RNvXs6_NtNtCsdvcNaYVB9b9_19openzeppelin_stylus6access7controlNtB5_5ErrorINtNtCsgjpIjOj3Vii_4core7convert4FromNtB5_32AccessControlUnauthorizedAccountE4from
FNDA:0,_RNvXs7_NtNtCsdvcNaYVB9b9_19openzeppelin_stylus6access7controlNtB5_5ErrorINtNtCsgjpIjOj3Vii_4core7convert4FromNtB5_28AccessControlBadConfirmationE4from
FNDA:0,_RNvMsa_NtNtCsdvcNaYVB9b9_19openzeppelin_stylus6access7controlNtB5_8RoleData14required_slots
FNDA:0,_RNvXsb_NtNtCsdvcNaYVB9b9_19openzeppelin_stylus6access7controlNtB5_8RoleDataNtNtNtCs26a1fVprefy_10stylus_sdk7storage6traits11StorageType3new
FNDA:0,_RNvXsb_NtNtCsdvcNaYVB9b9_19openzeppelin_stylus6access7controlNtB5_8RoleDataNtNtNtCs26a1fVprefy_10stylus_sdk7storage6traits11StorageType4load
FNDA:0,_RNvXsb_NtNtCsdvcNaYVB9b9_19openzeppelin_stylus6access7controlNtB5_8RoleDataNtNtNtCs26a1fVprefy_10stylus_sdk7storage6traits11StorageType8load_mut
FNDA:0,_RNvMsc_NtNtCsdvcNaYVB9b9_19openzeppelin_stylus6access7controlNtB5_13AccessControl14required_slots
FNDA:0,_RNvXsd_NtNtCsdvcNaYVB9b9_19openzeppelin_stylus6access7controlNtB5_13AccessControlNtNtNtCs26a1fVprefy_10stylus_sdk7storage6traits11StorageType3new
FNDA:0,_RNvXsd_NtNtCsdvcNaYVB9b9_19openzeppelin_stylus6access7controlNtB5_13AccessControlNtNtNtCs26a1fVprefy_10stylus_sdk7storage6traits11StorageType4load
FNDA:0,_RNvXsd_NtNtCsdvcNaYVB9b9_19openzeppelin_stylus6access7controlNtB5_13AccessControlNtNtNtCs26a1fVprefy_10stylus_sdk7storage6traits11StorageType8load_mut
FNDA:0,_RNvMse_NtNtCsdvcNaYVB9b9_19openzeppelin_stylus6access7controlNtB5_13AccessControl8has_role
FNDA:0,_RNvMse_NtNtCsdvcNaYVB9b9_19openzeppelin_stylus6access7controlNtB5_13AccessControl9only_role
FNDA:0,_RNvMse_NtNtCsdvcNaYVB9b9_19openzeppelin_stylus6access7controlNtB5_13AccessControl14get_role_admin
FNDA:0,_RNvMse_NtNtCsdvcNaYVB9b9_19openzeppelin_stylus6access7controlNtB5_13AccessControl10grant_role
FNDA:0,_RNvMse_NtNtCsdvcNaYVB9b9_19openzeppelin_stylus6access7controlNtB5_13AccessControl11revoke_role
FNDA:0,_RNvMse_NtNtCsdvcNaYVB9b9_19openzeppelin_stylus6access7controlNtB5_13AccessControl13renounce_role
FNDA:0,_RNvXs_NvNtNtCsdvcNaYVB9b9_19openzeppelin_stylus6access7control1__NtNtCs4lfFb1mHeP0_16alloy_primitives3log7LogDataINtNtCsgjpIjOj3Vii_4core7convert4FromRNtB6_16RoleAdminChangedE4fromBa_
FNDA:0,_RNCNvXs_NvNtNtCsdvcNaYVB9b9_19openzeppelin_stylus6access7control1__NtNtCs4lfFb1mHeP0_16alloy_primitives3log7LogDataINtNtCsgjpIjOj3Vii_4core7convert4FromRNtB8_16RoleAdminChangedE4from0Bc_
FNDA:0,_RNvXs_NvNtNtCsdvcNaYVB9b9_19openzeppelin_stylus6access7controls_1__NtNtCs4lfFb1mHeP0_16alloy_primitives3log7LogDataINtNtCsgjpIjOj3Vii_4core7convert4FromRNtB6_11RoleGrantedE4fromBa_
FNDA:0,_RNCNvXs_NvNtNtCsdvcNaYVB9b9_19openzeppelin_stylus6access7controls_1__NtNtCs4lfFb1mHeP0_16alloy_primitives3log7LogDataINtNtCsgjpIjOj3Vii_4core7convert4FromRNtB8_11RoleGrantedE4from0Bc_
FNDA:0,_RNvXs_NvNtNtCsdvcNaYVB9b9_19openzeppelin_stylus6access7controls0_1__NtNtCs4lfFb1mHeP0_16alloy_primitives3log7LogDataINtNtCsgjpIjOj3Vii_4core7convert4FromRNtB6_11RoleRevokedE4fromBa_
FNDA:0,_RNCNvXs_NvNtNtCsdvcNaYVB9b9_19openzeppelin_stylus6access7controls0_1__NtNtCs4lfFb1mHeP0_16alloy_primitives3log7LogDataINtNtCsgjpIjOj3Vii_4core7convert4FromRNtB8_11RoleRevokedE4from0Bc_
FNDA:0,_RNvXs_NvNtNtCs2DsLaG5kw0h_19openzeppelin_stylus6access7control1__NtNtCs4lfFb1mHeP0_16alloy_primitives3log7LogDataINtNtCsgjpIjOj3Vii_4core7convert4FromRNtB6_16RoleAdminChangedE4fromBa_
FNDA:0,_RNCNvXs_NvNtNtCs2DsLaG5kw0h_19openzeppelin_stylus6access7control1__NtNtCs4lfFb1mHeP0_16alloy_primitives3log7LogDataINtNtCsgjpIjOj3Vii_4core7convert4FromRNtB8_16RoleAdminChangedE4from0Bc_
FNDA:0,_RNvXs_NvNtNtCs2DsLaG5kw0h_19openzeppelin_stylus6access7controls_1__NtNtCs4lfFb1mHeP0_16alloy_primitives3log7LogDataINtNtCsgjpIjOj3Vii_4core7convert4FromRNtB6_11RoleGrantedE4fromBa_
FNDA:0,_RNCNvXs_NvNtNtCs2DsLaG5kw0h_19openzeppelin_stylus6access7controls_1__NtNtCs4lfFb1mHeP0_16alloy_primitives3log7LogDataINtNtCsgjpIjOj3Vii_4core7convert4FromRNtB8_11RoleGrantedE4from0Bc_
FNDA:0,_RNvXs_NvNtNtCs2DsLaG5kw0h_19openzeppelin_stylus6access7controls0_1__NtNtCs4lfFb1mHeP0_16alloy_primitives3log7LogDataINtNtCsgjpIjOj3Vii_4core7convert4FromRNtB6_11RoleRevokedE4fromBa_
FNDA:0,_RNCNvXs_NvNtNtCs2DsLaG5kw0h_19openzeppelin_stylus6access7controls0_1__NtNtCs4lfFb1mHeP0_16alloy_primitives3log7LogDataINtNtCsgjpIjOj3Vii_4core7convert4FromRNtB8_11RoleRevokedE4from0Bc_
FNDA:0,_RNvNvNtNtCs2DsLaG5kw0h_19openzeppelin_stylus6access7controls1_1__15__type_assertion
FNDA:0,_RNvNvNtNtCs2DsLaG5kw0h_19openzeppelin_stylus6access7controls2_1__15__type_assertion
FNDA:0,_RNvXs6_NtNtCs2DsLaG5kw0h_19openzeppelin_stylus6access7controlNtB5_5ErrorINtNtCsgjpIjOj3Vii_4core7convert4FromNtB5_32AccessControlUnauthorizedAccountE4from
FNDA:0,_RNvXs7_NtNtCs2DsLaG5kw0h_19openzeppelin_stylus6access7controlNtB5_5ErrorINtNtCsgjpIjOj3Vii_4core7convert4FromNtB5_28AccessControlBadConfirmationE4from
FNDA:0,_RNvMsa_NtNtCs2DsLaG5kw0h_19openzeppelin_stylus6access7controlNtB5_8RoleData14required_slots
FNDA:0,_RNvXsb_NtNtCs2DsLaG5kw0h_19openzeppelin_stylus6access7controlNtB5_8RoleDataNtNtNtCs26a1fVprefy_10stylus_sdk7storage6traits11StorageType4load
FNDA:0,_RNvXsb_NtNtCs2DsLaG5kw0h_19openzeppelin_stylus6access7controlNtB5_8RoleDataNtNtNtCs26a1fVprefy_10stylus_sdk7storage6traits11StorageType8load_mut
FNDA:0,_RNvMsc_NtNtCs2DsLaG5kw0h_19openzeppelin_stylus6access7controlNtB5_13AccessControl14required_slots
FNDA:0,_RNvXsd_NtNtCs2DsLaG5kw0h_19openzeppelin_stylus6access7controlNtB5_13AccessControlNtNtNtCs26a1fVprefy_10stylus_sdk7storage6traits11StorageType4load
FNDA:0,_RNvXsd_NtNtCs2DsLaG5kw0h_19openzeppelin_stylus6access7controlNtB5_13AccessControlNtNtNtCs26a1fVprefy_10stylus_sdk7storage6traits11StorageType8load_mut
FNDA:5,_RNvMNtNtCs2DsLaG5kw0h_19openzeppelin_stylus6access7controlNtB2_13AccessControl15__set_role_admin
FNDA:15,_RNvMNtNtCs2DsLaG5kw0h_19openzeppelin_stylus6access7controlNtB2_13AccessControl11__check_role
FNDA:5,_RNvMNtNtCs2DsLaG5kw0h_19openzeppelin_stylus6access7controlNtB2_13AccessControl11__grant_role
FNDA:10,_RNvMNtNtCs2DsLaG5kw0h_19openzeppelin_stylus6access7controlNtB2_13AccessControl12__revoke_role
FNDA:93,_RNvXsb_NtNtCs2DsLaG5kw0h_19openzeppelin_stylus6access7controlNtB5_8RoleDataNtNtNtCs26a1fVprefy_10stylus_sdk7storage6traits11StorageType3new
FNDA:22,_RNvXsd_NtNtCs2DsLaG5kw0h_19openzeppelin_stylus6access7controlNtB5_13AccessControlNtNtNtCs26a1fVprefy_10stylus_sdk7storage6traits11StorageType3new
FNDA:42,_RNvMse_NtNtCs2DsLaG5kw0h_19openzeppelin_stylus6access7controlNtB5_13AccessControl8has_role
FNDA:12,_RNvMse_NtNtCs2DsLaG5kw0h_19openzeppelin_stylus6access7controlNtB5_13AccessControl9only_role
FNDA:20,_RNvMse_NtNtCs2DsLaG5kw0h_19openzeppelin_stylus6access7controlNtB5_13AccessControl14get_role_admin
FNDA:5,_RNvMse_NtNtCs2DsLaG5kw0h_19openzeppelin_stylus6access7controlNtB5_13AccessControl10grant_role
FNDA:7,_RNvMse_NtNtCs2DsLaG5kw0h_19openzeppelin_stylus6access7controlNtB5_13AccessControl11revoke_role
FNDA:4,_RNvMse_NtNtCs2DsLaG5kw0h_19openzeppelin_stylus6access7controlNtB5_13AccessControl13renounce_role
FNDA:13,_RNvNtNtNtCs2DsLaG5kw0h_19openzeppelin_stylus6access7control5tests25__grant_role_to_msg_sender
FNF:17
FNH:12
DA:50,0
DA:51,0
DA:52,0
DA:53,0
DA:54,0
DA:55,0
DA:56,0
DA:57,0
DA:58,0
DA:59,0
DA:60,0
DA:61,0
DA:62,0
DA:63,0
DA:64,0
DA:65,0
DA:66,0
DA:67,0
DA:68,0
DA:69,0
DA:70,0
DA:71,0
DA:72,0
DA:73,0
DA:75,0
DA:76,0
DA:77,0
DA:78,0
DA:79,0
DA:80,0
DA:81,0
DA:82,0
DA:83,0
DA:84,0
DA:85,0
DA:86,0
DA:87,0
DA:88,0
DA:89,0
DA:93,0
DA:101,0
DA:102,0
DA:103,0
DA:104,0
DA:105,0
DA:106,0
DA:107,0
DA:108,0
DA:109,0
DA:110,0
DA:111,0
DA:112,0
DA:113,0
DA:114,0
DA:115,115
DA:130,42
DA:131,42
DA:132,42
DA:145,12
DA:146,12
DA:147,12
DA:159,20
DA:160,20
DA:161,20
DA:186,5
DA:187,5
DA:188,5
DA:189,5
DA:190,5
DA:191,5
DA:192,5
DA:193,3
DA:194,3
DA:195,5
DA:219,7
DA:220,7
DA:221,7
DA:222,7
DA:223,7
DA:224,7
DA:225,7
DA:226,5
DA:227,5
DA:228,7
DA:256,4
DA:257,4
DA:258,4
DA:259,4
DA:260,4
DA:261,4
DA:262,1
DA:263,1
DA:264,1
DA:265,3
DA:266,3
DA:267,3
DA:268,3
DA:269,4
DA:284,5
DA:285,5
DA:286,5
DA:287,5
DA:288,5
DA:289,5
DA:290,5
DA:291,5
DA:292,5
DA:306,15
DA:307,15
DA:308,15
DA:309,15
DA:310,15
DA:311,15
DA:312,6
DA:313,6
DA:314,6
DA:315,9
DA:316,9
DA:317,9
DA:318,15
DA:334,5
DA:335,5
DA:336,2
DA:338,3
DA:339,3
DA:340,3
DA:342,5
DA:358,10
DA:359,10
DA:360,5
DA:361,5
DA:362,5
DA:364,5
DA:366,10
DA:398,13
DA:399,13
DA:400,13
DA:401,13
DA:402,13
DA:403,13
DA:404,13
BRF:0
BRH:0
LF:143
LH:87
end_of_record
SF:/home/nenad/repos/rust-contracts-stylus/contracts/src/access/ownable.rs
FN:54,_RNvXNtNtCsdvcNaYVB9b9_19openzeppelin_stylus6access7ownableNtB2_5ErrorNtNtNtCs26a1fVprefy_10stylus_sdk4call5error11MethodError6encode
FN:166,_RNvMs_NtNtCsdvcNaYVB9b9_19openzeppelin_stylus6access7ownableNtB4_7Ownable10only_owner
FN:188,_RNvMs_NtNtCsdvcNaYVB9b9_19openzeppelin_stylus6access7ownableNtB4_7Ownable19__transfer_ownership
FN:45,_RNvXs5_NtNtCsdvcNaYVB9b9_19openzeppelin_stylus6access7ownableNtB5_5ErrorINtNtCsgjpIjOj3Vii_4core7convert4FromNtB5_26OwnableUnauthorizedAccountE4from
FN:45,_RNvXs6_NtNtCsdvcNaYVB9b9_19openzeppelin_stylus6access7ownableNtB5_5ErrorINtNtCsgjpIjOj3Vii_4core7convert4FromNtB5_19OwnableInvalidOwnerE4from
FN:65,_RNvMs9_NtNtCsdvcNaYVB9b9_19openzeppelin_stylus6access7ownableNtB5_7Ownable14required_slots
FN:65,_RNvXsa_NtNtCsdvcNaYVB9b9_19openzeppelin_stylus6access7ownableNtB5_7OwnableNtNtNtCs26a1fVprefy_10stylus_sdk7storage6traits11StorageType3new
FN:59,_RNvXsa_NtNtCsdvcNaYVB9b9_19openzeppelin_stylus6access7ownableNtB5_7OwnableNtNtNtCs26a1fVprefy_10stylus_sdk7storage6traits11StorageType4load
FN:59,_RNvXsa_NtNtCsdvcNaYVB9b9_19openzeppelin_stylus6access7ownableNtB5_7OwnableNtNtNtCs26a1fVprefy_10stylus_sdk7storage6traits11StorageType8load_mut
FN:127,_RNvXsb_NtNtCsdvcNaYVB9b9_19openzeppelin_stylus6access7ownableNtB5_7OwnableNtB5_8IOwnable5owner
FN:131,_RNvXsb_NtNtCsdvcNaYVB9b9_19openzeppelin_stylus6access7ownableNtB5_7OwnableNtB5_8IOwnable18transfer_ownership
FN:148,_RNvXsb_NtNtCsdvcNaYVB9b9_19openzeppelin_stylus6access7ownableNtB5_7OwnableNtB5_8IOwnable18renounce_ownership
FN:27,_RNvXs_NvNtNtCsdvcNaYVB9b9_19openzeppelin_stylus6access7ownable1__NtNtCs4lfFb1mHeP0_16alloy_primitives3log7LogDataINtNtCsgjpIjOj3Vii_4core7convert4FromRNtB6_20OwnershipTransferredE4fromBa_
FN:20,_RNCNvXs_NvNtNtCsdvcNaYVB9b9_19openzeppelin_stylus6access7ownable1__NtNtCs4lfFb1mHeP0_16alloy_primitives3log7LogDataINtNtCsgjpIjOj3Vii_4core7convert4FromRNtB8_20OwnershipTransferredE4from0Bc_
FN:166,_RNvMs_NtNtCs2DsLaG5kw0h_19openzeppelin_stylus6access7ownableNtB4_7Ownable10only_owner
FN:188,_RNvMs_NtNtCs2DsLaG5kw0h_19openzeppelin_stylus6access7ownableNtB4_7Ownable19__transfer_ownership
FN:65,_RNvXsa_NtNtCs2DsLaG5kw0h_19openzeppelin_stylus6access7ownableNtB5_7OwnableNtNtNtCs26a1fVprefy_10stylus_sdk7storage6traits11StorageType3new
FN:127,_RNvXsb_NtNtCs2DsLaG5kw0h_19openzeppelin_stylus6access7ownableNtB5_7OwnableNtB5_8IOwnable5owner
FN:131,_RNvXsb_NtNtCs2DsLaG5kw0h_19openzeppelin_stylus6access7ownableNtB5_7OwnableNtB5_8IOwnable18transfer_ownership
FN:148,_RNvXsb_NtNtCs2DsLaG5kw0h_19openzeppelin_stylus6access7ownableNtB5_7OwnableNtB5_8IOwnable18renounce_ownership
FN:27,_RNvXs_NvNtNtCs2DsLaG5kw0h_19openzeppelin_stylus6access7ownable1__NtNtCs4lfFb1mHeP0_16alloy_primitives3log7LogDataINtNtCsgjpIjOj3Vii_4core7convert4FromRNtB6_20OwnershipTransferredE4fromBa_
FN:20,_RNCNvXs_NvNtNtCs2DsLaG5kw0h_19openzeppelin_stylus6access7ownable1__NtNtCs4lfFb1mHeP0_16alloy_primitives3log7LogDataINtNtCsgjpIjOj3Vii_4core7convert4FromRNtB8_20OwnershipTransferredE4from0Bc_
FN:29,_RNvNvNtNtCs2DsLaG5kw0h_19openzeppelin_stylus6access7ownables_1__15__type_assertion
FN:29,_RNvNvNtNtCs2DsLaG5kw0h_19openzeppelin_stylus6access7ownables0_1__15__type_assertion
FN:45,_RNvXs5_NtNtCs2DsLaG5kw0h_19openzeppelin_stylus6access7ownableNtB5_5ErrorINtNtCsgjpIjOj3Vii_4core7convert4FromNtB5_26OwnableUnauthorizedAccountE4from
FN:45,_RNvXs6_NtNtCs2DsLaG5kw0h_19openzeppelin_stylus6access7ownableNtB5_5ErrorINtNtCsgjpIjOj3Vii_4core7convert4FromNtB5_19OwnableInvalidOwnerE4from
FN:54,_RNvXNtNtCs2DsLaG5kw0h_19openzeppelin_stylus6access7ownableNtB2_5ErrorNtNtNtCs26a1fVprefy_10stylus_sdk4call5error11MethodError6encode
FN:65,_RNvMs9_NtNtCs2DsLaG5kw0h_19openzeppelin_stylus6access7ownableNtB5_7Ownable14required_slots
FN:59,_RNvXsa_NtNtCs2DsLaG5kw0h_19openzeppelin_stylus6access7ownableNtB5_7OwnableNtNtNtCs26a1fVprefy_10stylus_sdk7storage6traits11StorageType4load
FN:59,_RNvXsa_NtNtCs2DsLaG5kw0h_19openzeppelin_stylus6access7ownableNtB5_7OwnableNtNtNtCs26a1fVprefy_10stylus_sdk7storage6traits11StorageType8load_mut
FNDA:0,_RNvXNtNtCsdvcNaYVB9b9_19openzeppelin_stylus6access7ownableNtB2_5ErrorNtNtNtCs26a1fVprefy_10stylus_sdk4call5error11MethodError6encode
FNDA:0,_RNvMs_NtNtCsdvcNaYVB9b9_19openzeppelin_stylus6access7ownableNtB4_7Ownable10only_owner
FNDA:0,_RNvMs_NtNtCsdvcNaYVB9b9_19openzeppelin_stylus6access7ownableNtB4_7Ownable19__transfer_ownership
FNDA:0,_RNvXs5_NtNtCsdvcNaYVB9b9_19openzeppelin_stylus6access7ownableNtB5_5ErrorINtNtCsgjpIjOj3Vii_4core7convert4FromNtB5_26OwnableUnauthorizedAccountE4from
FNDA:0,_RNvXs6_NtNtCsdvcNaYVB9b9_19openzeppelin_stylus6access7ownableNtB5_5ErrorINtNtCsgjpIjOj3Vii_4core7convert4FromNtB5_19OwnableInvalidOwnerE4from
FNDA:0,_RNvMs9_NtNtCsdvcNaYVB9b9_19openzeppelin_stylus6access7ownableNtB5_7Ownable14required_slots
FNDA:0,_RNvXsa_NtNtCsdvcNaYVB9b9_19openzeppelin_stylus6access7ownableNtB5_7OwnableNtNtNtCs26a1fVprefy_10stylus_sdk7storage6traits11StorageType3new
FNDA:0,_RNvXsa_NtNtCsdvcNaYVB9b9_19openzeppelin_stylus6access7ownableNtB5_7OwnableNtNtNtCs26a1fVprefy_10stylus_sdk7storage6traits11StorageType4load
FNDA:0,_RNvXsa_NtNtCsdvcNaYVB9b9_19openzeppelin_stylus6access7ownableNtB5_7OwnableNtNtNtCs26a1fVprefy_10stylus_sdk7storage6traits11StorageType8load_mut
FNDA:0,_RNvXsb_NtNtCsdvcNaYVB9b9_19openzeppelin_stylus6access7ownableNtB5_7OwnableNtB5_8IOwnable5owner
FNDA:0,_RNvXsb_NtNtCsdvcNaYVB9b9_19openzeppelin_stylus6access7ownableNtB5_7OwnableNtB5_8IOwnable18transfer_ownership
FNDA:0,_RNvXsb_NtNtCsdvcNaYVB9b9_19openzeppelin_stylus6access7ownableNtB5_7OwnableNtB5_8IOwnable18renounce_ownership
FNDA:0,_RNvXs_NvNtNtCsdvcNaYVB9b9_19openzeppelin_stylus6access7ownable1__NtNtCs4lfFb1mHeP0_16alloy_primitives3log7LogDataINtNtCsgjpIjOj3Vii_4core7convert4FromRNtB6_20OwnershipTransferredE4fromBa_
FNDA:0,_RNCNvXs_NvNtNtCsdvcNaYVB9b9_19openzeppelin_stylus6access7ownable1__NtNtCs4lfFb1mHeP0_16alloy_primitives3log7LogDataINtNtCsgjpIjOj3Vii_4core7convert4FromRNtB8_20OwnershipTransferredE4from0Bc_
FNDA:14,_RNvMs_NtNtCs2DsLaG5kw0h_19openzeppelin_stylus6access7ownableNtB4_7Ownable10only_owner
FNDA:7,_RNvMs_NtNtCs2DsLaG5kw0h_19openzeppelin_stylus6access7ownableNtB4_7Ownable19__transfer_ownership
FNDA:27,_RNvXsa_NtNtCs2DsLaG5kw0h_19openzeppelin_stylus6access7ownableNtB5_7OwnableNtNtNtCs26a1fVprefy_10stylus_sdk7storage6traits11StorageType3new
FNDA:28,_RNvXsb_NtNtCs2DsLaG5kw0h_19openzeppelin_stylus6access7ownableNtB5_7OwnableNtB5_8IOwnable5owner
FNDA:3,_RNvXsb_NtNtCs2DsLaG5kw0h_19openzeppelin_stylus6access7ownableNtB5_7OwnableNtB5_8IOwnable18transfer_ownership
FNDA:2,_RNvXsb_NtNtCs2DsLaG5kw0h_19openzeppelin_stylus6access7ownableNtB5_7OwnableNtB5_8IOwnable18renounce_ownership
FNDA:0,_RNvXs_NvNtNtCs2DsLaG5kw0h_19openzeppelin_stylus6access7ownable1__NtNtCs4lfFb1mHeP0_16alloy_primitives3log7LogDataINtNtCsgjpIjOj3Vii_4core7convert4FromRNtB6_20OwnershipTransferredE4fromBa_
FNDA:0,_RNCNvXs_NvNtNtCs2DsLaG5kw0h_19openzeppelin_stylus6access7ownable1__NtNtCs4lfFb1mHeP0_16alloy_primitives3log7LogDataINtNtCsgjpIjOj3Vii_4core7convert4FromRNtB8_20OwnershipTransferredE4from0Bc_
FNDA:0,_RNvNvNtNtCs2DsLaG5kw0h_19openzeppelin_stylus6access7ownables_1__15__type_assertion
FNDA:0,_RNvNvNtNtCs2DsLaG5kw0h_19openzeppelin_stylus6access7ownables0_1__15__type_assertion
FNDA:0,_RNvXs5_NtNtCs2DsLaG5kw0h_19openzeppelin_stylus6access7ownableNtB5_5ErrorINtNtCsgjpIjOj3Vii_4core7convert4FromNtB5_26OwnableUnauthorizedAccountE4from
FNDA:0,_RNvXs6_NtNtCs2DsLaG5kw0h_19openzeppelin_stylus6access7ownableNtB5_5ErrorINtNtCsgjpIjOj3Vii_4core7convert4FromNtB5_19OwnableInvalidOwnerE4from
FNDA:0,_RNvXNtNtCs2DsLaG5kw0h_19openzeppelin_stylus6access7ownableNtB2_5ErrorNtNtNtCs26a1fVprefy_10stylus_sdk4call5error11MethodError6encode
FNDA:0,_RNvMs9_NtNtCs2DsLaG5kw0h_19openzeppelin_stylus6access7ownableNtB5_7Ownable14required_slots
FNDA:0,_RNvXsa_NtNtCs2DsLaG5kw0h_19openzeppelin_stylus6access7ownableNtB5_7OwnableNtNtNtCs26a1fVprefy_10stylus_sdk7storage6traits11StorageType4load
FNDA:0,_RNvXsa_NtNtCs2DsLaG5kw0h_19openzeppelin_stylus6access7ownableNtB5_7OwnableNtNtNtCs26a1fVprefy_10stylus_sdk7storage6traits11StorageType8load_mut
FNF:12
FNH:6
DA:20,0
DA:21,0
DA:22,0
DA:23,0
DA:24,0
DA:25,0
DA:26,0
DA:27,0
DA:29,0
DA:30,0
DA:31,0
DA:32,0
DA:33,0
DA:34,0
DA:35,0
DA:36,0
DA:37,0
DA:38,0
DA:39,0
DA:40,0
DA:41,0
DA:42,0
DA:45,0
DA:54,0
DA:55,0
DA:56,0
DA:59,0
DA:60,0
DA:61,0
DA:62,0
DA:63,0
DA:64,0
DA:65,27
DA:127,28
DA:128,28
DA:129,28
DA:131,3
DA:132,3
DA:133,3
DA:134,3
DA:135,3
DA:137,2
DA:138,1
DA:139,1
DA:140,1
DA:141,1
DA:142,1
DA:143,1
DA:144,1
DA:145,1
DA:146,3
DA:148,2
DA:149,2
DA:150,1
DA:151,1
DA:152,2
DA:166,14
DA:167,14
DA:168,14
DA:169,4
DA:170,4
DA:171,4
DA:172,10
DA:173,10
DA:174,10
DA:175,14
DA:188,7
DA:189,7
DA:190,7
DA:191,7
DA:192,7
BRF:0
BRH:0
LF:73
LH:39
end_of_record
SF:/home/nenad/repos/rust-contracts-stylus/contracts/src/access/ownable_two_step.rs
FN:206,_RNvMNtNtCsdvcNaYVB9b9_19openzeppelin_stylus6access16ownable_two_stepNtB2_12Ownable2Step19__transfer_ownership
FN:45,_RNvXs0_NtNtCsdvcNaYVB9b9_19openzeppelin_stylus6access16ownable_two_stepNtB5_5ErrorINtNtCsgjpIjOj3Vii_4core7convert4FromNtNtB7_7ownable5ErrorE4from
FN:59,_RNvMs3_NtNtCsdvcNaYVB9b9_19openzeppelin_stylus6access16ownable_two_stepNtB5_12Ownable2Step14required_slots
FN:59,_RNvXs4_NtNtCsdvcNaYVB9b9_19openzeppelin_stylus6access16ownable_two_stepNtB5_12Ownable2StepNtNtNtCs26a1fVprefy_10stylus_sdk7storage6traits11StorageType3new
FN:51,_RNvXs4_NtNtCsdvcNaYVB9b9_19openzeppelin_stylus6access16ownable_two_stepNtB5_12Ownable2StepNtNtNtCs26a1fVprefy_10stylus_sdk7storage6traits11StorageType4load
FN:51,_RNvXs4_NtNtCsdvcNaYVB9b9_19openzeppelin_stylus6access16ownable_two_stepNtB5_12Ownable2StepNtNtNtCs26a1fVprefy_10stylus_sdk7storage6traits11StorageType8load_mut
FN:147,_RNvXs5_NtNtCsdvcNaYVB9b9_19openzeppelin_stylus6access16ownable_two_stepNtB5_12Ownable2StepNtB5_13IOwnable2Step5owner
FN:151,_RNvXs5_NtNtCsdvcNaYVB9b9_19openzeppelin_stylus6access16ownable_two_stepNtB5_12Ownable2StepNtB5_13IOwnable2Step13pending_owner
FN:155,_RNvXs5_NtNtCsdvcNaYVB9b9_19openzeppelin_stylus6access16ownable_two_stepNtB5_12Ownable2StepNtB5_13IOwnable2Step18transfer_ownership
FN:170,_RNvXs5_NtNtCsdvcNaYVB9b9_19openzeppelin_stylus6access16ownable_two_stepNtB5_12Ownable2StepNtB5_13IOwnable2Step16accept_ownership
FN:183,_RNvXs5_NtNtCsdvcNaYVB9b9_19openzeppelin_stylus6access16ownable_two_stepNtB5_12Ownable2StepNtB5_13IOwnable2Step18renounce_ownership
FN:41,_RNvXs_NvNtNtCsdvcNaYVB9b9_19openzeppelin_stylus6access16ownable_two_step1__NtNtCs4lfFb1mHeP0_16alloy_primitives3log7LogDataINtNtCsgjpIjOj3Vii_4core7convert4FromRNtB6_24OwnershipTransferStartedE4fromBa_
FN:30,_RNCNvXs_NvNtNtCsdvcNaYVB9b9_19openzeppelin_stylus6access16ownable_two_step1__NtNtCs4lfFb1mHeP0_16alloy_primitives3log7LogDataINtNtCsgjpIjOj3Vii_4core7convert4FromRNtB8_24OwnershipTransferStartedE4from0Bc_
FN:45,_RNvXs1_NtNtCsdvcNaYVB9b9_19openzeppelin_stylus6access16ownable_two_stepINtNtCs8HLn1YTXOd6_5alloc3vec3VechEINtNtCsgjpIjOj3Vii_4core7convert4FromNtB5_5ErrorE4from
FN:206,_RNvMNtNtCs2DsLaG5kw0h_19openzeppelin_stylus6access16ownable_two_stepNtB2_12Ownable2Step19__transfer_ownership
FN:45,_RNvXs0_NtNtCs2DsLaG5kw0h_19openzeppelin_stylus6access16ownable_two_stepNtB5_5ErrorINtNtCsgjpIjOj3Vii_4core7convert4FromNtNtB7_7ownable5ErrorE4from
FN:59,_RNvXs4_NtNtCs2DsLaG5kw0h_19openzeppelin_stylus6access16ownable_two_stepNtB5_12Ownable2StepNtNtNtCs26a1fVprefy_10stylus_sdk7storage6traits11StorageType3new
FN:147,_RNvXs5_NtNtCs2DsLaG5kw0h_19openzeppelin_stylus6access16ownable_two_stepNtB5_12Ownable2StepNtB5_13IOwnable2Step5owner
FN:151,_RNvXs5_NtNtCs2DsLaG5kw0h_19openzeppelin_stylus6access16ownable_two_stepNtB5_12Ownable2StepNtB5_13IOwnable2Step13pending_owner
FN:155,_RNvXs5_NtNtCs2DsLaG5kw0h_19openzeppelin_stylus6access16ownable_two_stepNtB5_12Ownable2StepNtB5_13IOwnable2Step18transfer_ownership
FN:170,_RNvXs5_NtNtCs2DsLaG5kw0h_19openzeppelin_stylus6access16ownable_two_stepNtB5_12Ownable2StepNtB5_13IOwnable2Step16accept_ownership
FN:183,_RNvXs5_NtNtCs2DsLaG5kw0h_19openzeppelin_stylus6access16ownable_two_stepNtB5_12Ownable2StepNtB5_13IOwnable2Step18renounce_ownership
FN:41,_RNvXs_NvNtNtCs2DsLaG5kw0h_19openzeppelin_stylus6access16ownable_two_step1__NtNtCs4lfFb1mHeP0_16alloy_primitives3log7LogDataINtNtCsgjpIjOj3Vii_4core7convert4FromRNtB6_24OwnershipTransferStartedE4fromBa_
FN:30,_RNCNvXs_NvNtNtCs2DsLaG5kw0h_19openzeppelin_stylus6access16ownable_two_step1__NtNtCs4lfFb1mHeP0_16alloy_primitives3log7LogDataINtNtCsgjpIjOj3Vii_4core7convert4FromRNtB8_24OwnershipTransferStartedE4from0Bc_
FN:45,_RNvXs1_NtNtCs2DsLaG5kw0h_19openzeppelin_stylus6access16ownable_two_stepINtNtCs8HLn1YTXOd6_5alloc3vec3VechEINtNtCsgjpIjOj3Vii_4core7convert4FromNtB5_5ErrorE4from
FN:59,_RNvMs3_NtNtCs2DsLaG5kw0h_19openzeppelin_stylus6access16ownable_two_stepNtB5_12Ownable2Step14required_slots
FN:51,_RNvXs4_NtNtCs2DsLaG5kw0h_19openzeppelin_stylus6access16ownable_two_stepNtB5_12Ownable2StepNtNtNtCs26a1fVprefy_10stylus_sdk7storage6traits11StorageType4load
FN:51,_RNvXs4_NtNtCs2DsLaG5kw0h_19openzeppelin_stylus6access16ownable_two_stepNtB5_12Ownable2StepNtNtNtCs26a1fVprefy_10stylus_sdk7storage6traits11StorageType8load_mut
FNDA:0,_RNvMNtNtCsdvcNaYVB9b9_19openzeppelin_stylus6access16ownable_two_stepNtB2_12Ownable2Step19__transfer_ownership
FNDA:0,_RNvXs0_NtNtCsdvcNaYVB9b9_19openzeppelin_stylus6access16ownable_two_stepNtB5_5ErrorINtNtCsgjpIjOj3Vii_4core7convert4FromNtNtB7_7ownable5ErrorE4from
FNDA:0,_RNvMs3_NtNtCsdvcNaYVB9b9_19openzeppelin_stylus6access16ownable_two_stepNtB5_12Ownable2Step14required_slots
FNDA:0,_RNvXs4_NtNtCsdvcNaYVB9b9_19openzeppelin_stylus6access16ownable_two_stepNtB5_12Ownable2StepNtNtNtCs26a1fVprefy_10stylus_sdk7storage6traits11StorageType3new
FNDA:0,_RNvXs4_NtNtCsdvcNaYVB9b9_19openzeppelin_stylus6access16ownable_two_stepNtB5_12Ownable2StepNtNtNtCs26a1fVprefy_10stylus_sdk7storage6traits11StorageType4load
FNDA:0,_RNvXs4_NtNtCsdvcNaYVB9b9_19openzeppelin_stylus6access16ownable_two_stepNtB5_12Ownable2StepNtNtNtCs26a1fVprefy_10stylus_sdk7storage6traits11StorageType8load_mut
FNDA:0,_RNvXs5_NtNtCsdvcNaYVB9b9_19openzeppelin_stylus6access16ownable_two_stepNtB5_12Ownable2StepNtB5_13IOwnable2Step5owner
FNDA:0,_RNvXs5_NtNtCsdvcNaYVB9b9_19openzeppelin_stylus6access16ownable_two_stepNtB5_12Ownable2StepNtB5_13IOwnable2Step13pending_owner
FNDA:0,_RNvXs5_NtNtCsdvcNaYVB9b9_19openzeppelin_stylus6access16ownable_two_stepNtB5_12Ownable2StepNtB5_13IOwnable2Step18transfer_ownership
FNDA:0,_RNvXs5_NtNtCsdvcNaYVB9b9_19openzeppelin_stylus6access16ownable_two_stepNtB5_12Ownable2StepNtB5_13IOwnable2Step16accept_ownership
FNDA:0,_RNvXs5_NtNtCsdvcNaYVB9b9_19openzeppelin_stylus6access16ownable_two_stepNtB5_12Ownable2StepNtB5_13IOwnable2Step18renounce_ownership
FNDA:0,_RNvXs_NvNtNtCsdvcNaYVB9b9_19openzeppelin_stylus6access16ownable_two_step1__NtNtCs4lfFb1mHeP0_16alloy_primitives3log7LogDataINtNtCsgjpIjOj3Vii_4core7convert4FromRNtB6_24OwnershipTransferStartedE4fromBa_
FNDA:0,_RNCNvXs_NvNtNtCsdvcNaYVB9b9_19openzeppelin_stylus6access16ownable_two_step1__NtNtCs4lfFb1mHeP0_16alloy_primitives3log7LogDataINtNtCsgjpIjOj3Vii_4core7convert4FromRNtB8_24OwnershipTransferStartedE4from0Bc_
FNDA:0,_RNvXs1_NtNtCsdvcNaYVB9b9_19openzeppelin_stylus6access16ownable_two_stepINtNtCs8HLn1YTXOd6_5alloc3vec3VechEINtNtCsgjpIjOj3Vii_4core7convert4FromNtB5_5ErrorE4from
FNDA:4,_RNvMNtNtCs2DsLaG5kw0h_19openzeppelin_stylus6access16ownable_two_stepNtB2_12Ownable2Step19__transfer_ownership
FNDA:3,_RNvXs0_NtNtCs2DsLaG5kw0h_19openzeppelin_stylus6access16ownable_two_stepNtB5_5ErrorINtNtCsgjpIjOj3Vii_4core7convert4FromNtNtB7_7ownable5ErrorE4from
FNDA:12,_RNvXs4_NtNtCs2DsLaG5kw0h_19openzeppelin_stylus6access16ownable_two_stepNtB5_12Ownable2StepNtNtNtCs26a1fVprefy_10stylus_sdk7storage6traits11StorageType3new
FNDA:13,_RNvXs5_NtNtCs2DsLaG5kw0h_19openzeppelin_stylus6access16ownable_two_stepNtB5_12Ownable2StepNtB5_13IOwnable2Step5owner
FNDA:11,_RNvXs5_NtNtCs2DsLaG5kw0h_19openzeppelin_stylus6access16ownable_two_stepNtB5_12Ownable2StepNtB5_13IOwnable2Step13pending_owner
FNDA:6,_RNvXs5_NtNtCs2DsLaG5kw0h_19openzeppelin_stylus6access16ownable_two_stepNtB5_12Ownable2StepNtB5_13IOwnable2Step18transfer_ownership
FNDA:3,_RNvXs5_NtNtCs2DsLaG5kw0h_19openzeppelin_stylus6access16ownable_two_stepNtB5_12Ownable2StepNtB5_13IOwnable2Step16accept_ownership
FNDA:3,_RNvXs5_NtNtCs2DsLaG5kw0h_19openzeppelin_stylus6access16ownable_two_stepNtB5_12Ownable2StepNtB5_13IOwnable2Step18renounce_ownership
FNDA:0,_RNvXs_NvNtNtCs2DsLaG5kw0h_19openzeppelin_stylus6access16ownable_two_step1__NtNtCs4lfFb1mHeP0_16alloy_primitives3log7LogDataINtNtCsgjpIjOj3Vii_4core7convert4FromRNtB6_24OwnershipTransferStartedE4fromBa_
FNDA:0,_RNCNvXs_NvNtNtCs2DsLaG5kw0h_19openzeppelin_stylus6access16ownable_two_step1__NtNtCs4lfFb1mHeP0_16alloy_primitives3log7LogDataINtNtCsgjpIjOj3Vii_4core7convert4FromRNtB8_24OwnershipTransferStartedE4from0Bc_
FNDA:0,_RNvXs1_NtNtCs2DsLaG5kw0h_19openzeppelin_stylus6access16ownable_two_stepINtNtCs8HLn1YTXOd6_5alloc3vec3VechEINtNtCsgjpIjOj3Vii_4core7convert4FromNtB5_5ErrorE4from
FNDA:0,_RNvMs3_NtNtCs2DsLaG5kw0h_19openzeppelin_stylus6access16ownable_two_stepNtB5_12Ownable2Step14required_slots
FNDA:0,_RNvXs4_NtNtCs2DsLaG5kw0h_19openzeppelin_stylus6access16ownable_two_stepNtB5_12Ownable2StepNtNtNtCs26a1fVprefy_10stylus_sdk7storage6traits11StorageType4load
FNDA:0,_RNvXs4_NtNtCs2DsLaG5kw0h_19openzeppelin_stylus6access16ownable_two_stepNtB5_12Ownable2StepNtNtNtCs26a1fVprefy_10stylus_sdk7storage6traits11StorageType8load_mut
FNF:11
FNH:8
DA:30,0
DA:31,0
DA:32,0
DA:33,0
DA:34,0
DA:35,0
DA:36,0
DA:37,0
DA:38,0
DA:39,0
DA:40,0
DA:41,0
DA:45,3
DA:51,0
DA:52,0
DA:53,0
DA:54,0
DA:55,0
DA:56,0
DA:57,0
DA:58,0
DA:59,12
DA:147,13
DA:148,13
DA:149,13
DA:151,11
DA:152,11
DA:153,11
DA:155,6
DA:156,6
DA:157,6
DA:158,6
DA:159,6
DA:160,5
DA:161,5
DA:162,5
DA:163,5
DA:164,5
DA:165,5
DA:166,5
DA:167,5
DA:168,6
DA:170,3
DA:171,3
DA:172,3
DA:173,3
DA:174,1
DA:175,1
DA:176,1
DA:177,1
DA:178,2
DA:179,2
DA:180,2
DA:181,3
DA:183,3
DA:184,3
DA:185,2
DA:186,2
DA:187,3
DA:206,4
DA:207,4
DA:208,4
DA:209,4
BRF:0
BRH:0
LF:65
LH:43
end_of_record
SF:/home/nenad/repos/rust-contracts-stylus/contracts/src/finance/vesting_wallet.rs
FN:484,_RNCNvXs0_NtNtCsdvcNaYVB9b9_19openzeppelin_stylus7finance14vesting_walletNtNtB7_8sol_defs13VestingWalletNtB7_14IVestingWallet19vested_amount_erc200Bb_
FN:124,_RNvXs1_NtNtNtCsdvcNaYVB9b9_19openzeppelin_stylus7finance14vesting_wallet5tokenNtB5_6IErc20INtNtCs8ZxBd7tYBb4_15alloy_sol_types7private12SolTypeValueB1e_E13stv_to_tokensBb_
FN:124,_RNvXs1_NtNtNtCsdvcNaYVB9b9_19openzeppelin_stylus7finance14vesting_wallet5tokenNtB5_6IErc20INtNtCs8ZxBd7tYBb4_15alloy_sol_types7private12SolTypeValueB1e_E20stv_abi_encoded_sizeBb_
FN:124,_RNvXs1_NtNtNtCsdvcNaYVB9b9_19openzeppelin_stylus7finance14vesting_wallet5tokenNtB5_6IErc20INtNtCs8ZxBd7tYBb4_15alloy_sol_types7private12SolTypeValueB1e_E20stv_eip712_data_wordBb_
FN:124,_RNvXs1_NtNtNtCsdvcNaYVB9b9_19openzeppelin_stylus7finance14vesting_wallet5tokenNtB5_6IErc20INtNtCs8ZxBd7tYBb4_15alloy_sol_types7private12SolTypeValueB1e_E24stv_abi_encode_packed_toBb_
FN:508,_RNvMs_NtNtCsdvcNaYVB9b9_19openzeppelin_stylus7finance14vesting_walletNtNtB4_8sol_defs13VestingWallet16vesting_schedule
FN:370,_RNvXs0_NtNtCsdvcNaYVB9b9_19openzeppelin_stylus7finance14vesting_walletNtNtB5_8sol_defs13VestingWalletNtB5_14IVestingWallet5owner
FN:374,_RNvXs0_NtNtCsdvcNaYVB9b9_19openzeppelin_stylus7finance14vesting_walletNtNtB5_8sol_defs13VestingWalletNtB5_14IVestingWallet18transfer_ownership
FN:381,_RNvXs0_NtNtCsdvcNaYVB9b9_19openzeppelin_stylus7finance14vesting_walletNtNtB5_8sol_defs13VestingWalletNtB5_14IVestingWallet18renounce_ownership
FN:386,_RNvXs0_NtNtCsdvcNaYVB9b9_19openzeppelin_stylus7finance14vesting_walletNtNtB5_8sol_defs13VestingWalletNtB5_14IVestingWallet13receive_ether
FN:388,_RNvXs0_NtNtCsdvcNaYVB9b9_19openzeppelin_stylus7finance14vesting_walletNtNtB5_8sol_defs13VestingWalletNtB5_14IVestingWallet5start
FN:392,_RNvXs0_NtNtCsdvcNaYVB9b9_19openzeppelin_stylus7finance14vesting_walletNtNtB5_8sol_defs13VestingWalletNtB5_14IVestingWallet8duration
FN:396,_RNvXs0_NtNtCsdvcNaYVB9b9_19openzeppelin_stylus7finance14vesting_walletNtNtB5_8sol_defs13VestingWalletNtB5_14IVestingWallet3end
FN:403,_RNvXs0_NtNtCsdvcNaYVB9b9_19openzeppelin_stylus7finance14vesting_walletNtNtB5_8sol_defs13VestingWalletNtB5_14IVestingWallet12released_eth
FN:408,_RNvXs0_NtNtCsdvcNaYVB9b9_19openzeppelin_stylus7finance14vesting_walletNtNtB5_8sol_defs13VestingWalletNtB5_14IVestingWallet14released_erc20
FN:413,_RNvXs0_NtNtCsdvcNaYVB9b9_19openzeppelin_stylus7finance14vesting_walletNtNtB5_8sol_defs13VestingWalletNtB5_14IVestingWallet14releasable_eth
FN:420,_RNvXs0_NtNtCsdvcNaYVB9b9_19openzeppelin_stylus7finance14vesting_walletNtNtB5_8sol_defs13VestingWalletNtB5_14IVestingWallet16releasable_erc20
FN:428,_RNvXs0_NtNtCsdvcNaYVB9b9_19openzeppelin_stylus7finance14vesting_walletNtNtB5_8sol_defs13VestingWalletNtB5_14IVestingWallet11release_eth
FN:448,_RNvXs0_NtNtCsdvcNaYVB9b9_19openzeppelin_stylus7finance14vesting_walletNtNtB5_8sol_defs13VestingWalletNtB5_14IVestingWallet13release_erc20
FN:467,_RNvXs0_NtNtCsdvcNaYVB9b9_19openzeppelin_stylus7finance14vesting_walletNtNtB5_8sol_defs13VestingWalletNtB5_14IVestingWallet17vested_amount_eth
FN:476,_RNvXs0_NtNtCsdvcNaYVB9b9_19openzeppelin_stylus7finance14vesting_walletNtNtB5_8sol_defs13VestingWalletNtB5_14IVestingWallet19vested_amount_erc20
FN:129,_RINvMNtNtNtCsdvcNaYVB9b9_19openzeppelin_stylus7finance14vesting_wallet5tokenNtB3_6IErc2010balance_ofINtNtNtCs26a1fVprefy_10stylus_sdk4call7context4CalluEEB9_
FN:124,_RNvMNtNtNtCsdvcNaYVB9b9_19openzeppelin_stylus7finance14vesting_wallet5tokenNtB2_6IErc203new
FN:124,_RNvXs_NtNtNtCsdvcNaYVB9b9_19openzeppelin_stylus7finance14vesting_wallet5tokenNtB4_6IErc20NtNtNtCsgjpIjOj3Vii_4core3ops5deref5Deref5deref
FN:124,_RNvXs2_NtNtNtCsdvcNaYVB9b9_19openzeppelin_stylus7finance14vesting_wallet5tokenNtB5_6IErc20NtNtNtCs8ZxBd7tYBb4_15alloy_sol_types5types2ty7SolType11valid_token
FN:124,_RNvXs2_NtNtNtCsdvcNaYVB9b9_19openzeppelin_stylus7finance14vesting_wallet5tokenNtB5_6IErc20NtNtNtCs8ZxBd7tYBb4_15alloy_sol_types5types2ty7SolType10detokenize
FN:124,_RNvMNtNtNtCs2DsLaG5kw0h_19openzeppelin_stylus7finance14vesting_wallet5tokenNtB2_6IErc203new
FN:129,_RINvMNtNtNtCs2DsLaG5kw0h_19openzeppelin_stylus7finance14vesting_wallet5tokenNtB3_6IErc2010balance_ofpEB9_
FN:124,_RNvXs_NtNtNtCs2DsLaG5kw0h_19openzeppelin_stylus7finance14vesting_wallet5tokenNtB4_6IErc20NtNtNtCsgjpIjOj3Vii_4core3ops5deref5Deref5deref
FN:124,_RNvXs1_NtNtNtCs2DsLaG5kw0h_19openzeppelin_stylus7finance14vesting_wallet5tokenNtB5_6IErc20INtNtCs8ZxBd7tYBb4_15alloy_sol_types7private12SolTypeValueB1e_E13stv_to_tokensBb_
FN:124,_RNvXs1_NtNtNtCs2DsLaG5kw0h_19openzeppelin_stylus7finance14vesting_wallet5tokenNtB5_6IErc20INtNtCs8ZxBd7tYBb4_15alloy_sol_types7private12SolTypeValueB1e_E20stv_abi_encoded_sizeBb_
FN:124,_RNvXs1_NtNtNtCs2DsLaG5kw0h_19openzeppelin_stylus7finance14vesting_wallet5tokenNtB5_6IErc20INtNtCs8ZxBd7tYBb4_15alloy_sol_types7private12SolTypeValueB1e_E20stv_eip712_data_wordBb_
FN:124,_RNvXs1_NtNtNtCs2DsLaG5kw0h_19openzeppelin_stylus7finance14vesting_wallet5tokenNtB5_6IErc20INtNtCs8ZxBd7tYBb4_15alloy_sol_types7private12SolTypeValueB1e_E24stv_abi_encode_packed_toBb_
FN:124,_RNvXs2_NtNtNtCs2DsLaG5kw0h_19openzeppelin_stylus7finance14vesting_wallet5tokenNtB5_6IErc20NtNtNtCs8ZxBd7tYBb4_15alloy_sol_types5types2ty7SolType11valid_token
FN:124,_RNvXs2_NtNtNtCs2DsLaG5kw0h_19openzeppelin_stylus7finance14vesting_wallet5tokenNtB5_6IErc20NtNtNtCs8ZxBd7tYBb4_15alloy_sol_types5types2ty7SolType10detokenize
FN:370,_RNvXs0_NtNtCs2DsLaG5kw0h_19openzeppelin_stylus7finance14vesting_walletNtNtB5_8sol_defs13VestingWalletNtB5_14IVestingWallet5owner
FN:374,_RNvXs0_NtNtCs2DsLaG5kw0h_19openzeppelin_stylus7finance14vesting_walletNtNtB5_8sol_defs13VestingWalletNtB5_14IVestingWallet18transfer_ownership
FN:381,_RNvXs0_NtNtCs2DsLaG5kw0h_19openzeppelin_stylus7finance14vesting_walletNtNtB5_8sol_defs13VestingWalletNtB5_14IVestingWallet18renounce_ownership
FN:386,_RNvXs0_NtNtCs2DsLaG5kw0h_19openzeppelin_stylus7finance14vesting_walletNtNtB5_8sol_defs13VestingWalletNtB5_14IVestingWallet13receive_ether
FN:413,_RNvXs0_NtNtCs2DsLaG5kw0h_19openzeppelin_stylus7finance14vesting_walletNtNtB5_8sol_defs13VestingWalletNtB5_14IVestingWallet14releasable_eth
FN:420,_RNvXs0_NtNtCs2DsLaG5kw0h_19openzeppelin_stylus7finance14vesting_walletNtNtB5_8sol_defs13VestingWalletNtB5_14IVestingWallet16releasable_erc20
FN:428,_RNvXs0_NtNtCs2DsLaG5kw0h_19openzeppelin_stylus7finance14vesting_walletNtNtB5_8sol_defs13VestingWalletNtB5_14IVestingWallet11release_eth
FN:448,_RNvXs0_NtNtCs2DsLaG5kw0h_19openzeppelin_stylus7finance14vesting_walletNtNtB5_8sol_defs13VestingWalletNtB5_14IVestingWallet13release_erc20
FN:467,_RNvXs0_NtNtCs2DsLaG5kw0h_19openzeppelin_stylus7finance14vesting_walletNtNtB5_8sol_defs13VestingWalletNtB5_14IVestingWallet17vested_amount_eth
FN:476,_RNvXs0_NtNtCs2DsLaG5kw0h_19openzeppelin_stylus7finance14vesting_walletNtNtB5_8sol_defs13VestingWalletNtB5_14IVestingWallet19vested_amount_erc20
FN:484,_RNCNvXs0_NtNtCs2DsLaG5kw0h_19openzeppelin_stylus7finance14vesting_walletNtNtB7_8sol_defs13VestingWalletNtB7_14IVestingWallet19vested_amount_erc200Bb_
FN:542,_RNvNtNtNtCs2DsLaG5kw0h_19openzeppelin_stylus7finance14vesting_wallet5tests5start
FN:546,_RNvNtNtNtCs2DsLaG5kw0h_19openzeppelin_stylus7finance14vesting_wallet5tests4init
FN:508,_RNvMs_NtNtCs2DsLaG5kw0h_19openzeppelin_stylus7finance14vesting_walletNtNtB4_8sol_defs13VestingWallet16vesting_schedule
FN:388,_RNvXs0_NtNtCs2DsLaG5kw0h_19openzeppelin_stylus7finance14vesting_walletNtNtB5_8sol_defs13VestingWalletNtB5_14IVestingWallet5start
FN:392,_RNvXs0_NtNtCs2DsLaG5kw0h_19openzeppelin_stylus7finance14vesting_walletNtNtB5_8sol_defs13VestingWalletNtB5_14IVestingWallet8duration
FN:396,_RNvXs0_NtNtCs2DsLaG5kw0h_19openzeppelin_stylus7finance14vesting_walletNtNtB5_8sol_defs13VestingWalletNtB5_14IVestingWallet3end
FN:403,_RNvXs0_NtNtCs2DsLaG5kw0h_19openzeppelin_stylus7finance14vesting_walletNtNtB5_8sol_defs13VestingWalletNtB5_14IVestingWallet12released_eth
FN:408,_RNvXs0_NtNtCs2DsLaG5kw0h_19openzeppelin_stylus7finance14vesting_walletNtNtB5_8sol_defs13VestingWalletNtB5_14IVestingWallet14released_erc20
FNDA:0,_RNCNvXs0_NtNtCsdvcNaYVB9b9_19openzeppelin_stylus7finance14vesting_walletNtNtB7_8sol_defs13VestingWalletNtB7_14IVestingWallet19vested_amount_erc200Bb_
FNDA:0,_RNvXs1_NtNtNtCsdvcNaYVB9b9_19openzeppelin_stylus7finance14vesting_wallet5tokenNtB5_6IErc20INtNtCs8ZxBd7tYBb4_15alloy_sol_types7private12SolTypeValueB1e_E13stv_to_tokensBb_
FNDA:0,_RNvXs1_NtNtNtCsdvcNaYVB9b9_19openzeppelin_stylus7finance14vesting_wallet5tokenNtB5_6IErc20INtNtCs8ZxBd7tYBb4_15alloy_sol_types7private12SolTypeValueB1e_E20stv_abi_encoded_sizeBb_
FNDA:0,_RNvXs1_NtNtNtCsdvcNaYVB9b9_19openzeppelin_stylus7finance14vesting_wallet5tokenNtB5_6IErc20INtNtCs8ZxBd7tYBb4_15alloy_sol_types7private12SolTypeValueB1e_E20stv_eip712_data_wordBb_
FNDA:0,_RNvXs1_NtNtNtCsdvcNaYVB9b9_19openzeppelin_stylus7finance14vesting_wallet5tokenNtB5_6IErc20INtNtCs8ZxBd7tYBb4_15alloy_sol_types7private12SolTypeValueB1e_E24stv_abi_encode_packed_toBb_
FNDA:0,_RNvMs_NtNtCsdvcNaYVB9b9_19openzeppelin_stylus7finance14vesting_walletNtNtB4_8sol_defs13VestingWallet16vesting_schedule
FNDA:0,_RNvXs0_NtNtCsdvcNaYVB9b9_19openzeppelin_stylus7finance14vesting_walletNtNtB5_8sol_defs13VestingWalletNtB5_14IVestingWallet5owner
FNDA:0,_RNvXs0_NtNtCsdvcNaYVB9b9_19openzeppelin_stylus7finance14vesting_walletNtNtB5_8sol_defs13VestingWalletNtB5_14IVestingWallet18transfer_ownership
FNDA:0,_RNvXs0_NtNtCsdvcNaYVB9b9_19openzeppelin_stylus7finance14vesting_walletNtNtB5_8sol_defs13VestingWalletNtB5_14IVestingWallet18renounce_ownership
FNDA:0,_RNvXs0_NtNtCsdvcNaYVB9b9_19openzeppelin_stylus7finance14vesting_walletNtNtB5_8sol_defs13VestingWalletNtB5_14IVestingWallet13receive_ether
FNDA:0,_RNvXs0_NtNtCsdvcNaYVB9b9_19openzeppelin_stylus7finance14vesting_walletNtNtB5_8sol_defs13VestingWalletNtB5_14IVestingWallet5start
FNDA:0,_RNvXs0_NtNtCsdvcNaYVB9b9_19openzeppelin_stylus7finance14vesting_walletNtNtB5_8sol_defs13VestingWalletNtB5_14IVestingWallet8duration
FNDA:0,_RNvXs0_NtNtCsdvcNaYVB9b9_19openzeppelin_stylus7finance14vesting_walletNtNtB5_8sol_defs13VestingWalletNtB5_14IVestingWallet3end
FNDA:0,_RNvXs0_NtNtCsdvcNaYVB9b9_19openzeppelin_stylus7finance14vesting_walletNtNtB5_8sol_defs13VestingWalletNtB5_14IVestingWallet12released_eth
FNDA:0,_RNvXs0_NtNtCsdvcNaYVB9b9_19openzeppelin_stylus7finance14vesting_walletNtNtB5_8sol_defs13VestingWalletNtB5_14IVestingWallet14released_erc20
FNDA:0,_RNvXs0_NtNtCsdvcNaYVB9b9_19openzeppelin_stylus7finance14vesting_walletNtNtB5_8sol_defs13VestingWalletNtB5_14IVestingWallet14releasable_eth
FNDA:0,_RNvXs0_NtNtCsdvcNaYVB9b9_19openzeppelin_stylus7finance14vesting_walletNtNtB5_8sol_defs13VestingWalletNtB5_14IVestingWallet16releasable_erc20
FNDA:0,_RNvXs0_NtNtCsdvcNaYVB9b9_19openzeppelin_stylus7finance14vesting_walletNtNtB5_8sol_defs13VestingWalletNtB5_14IVestingWallet11release_eth
FNDA:0,_RNvXs0_NtNtCsdvcNaYVB9b9_19openzeppelin_stylus7finance14vesting_walletNtNtB5_8sol_defs13VestingWalletNtB5_14IVestingWallet13release_erc20
FNDA:0,_RNvXs0_NtNtCsdvcNaYVB9b9_19openzeppelin_stylus7finance14vesting_walletNtNtB5_8sol_defs13VestingWalletNtB5_14IVestingWallet17vested_amount_eth
FNDA:0,_RNvXs0_NtNtCsdvcNaYVB9b9_19openzeppelin_stylus7finance14vesting_walletNtNtB5_8sol_defs13VestingWalletNtB5_14IVestingWallet19vested_amount_erc20
FNDA:0,_RINvMNtNtNtCsdvcNaYVB9b9_19openzeppelin_stylus7finance14vesting_wallet5tokenNtB3_6IErc2010balance_ofINtNtNtCs26a1fVprefy_10stylus_sdk4call7context4CalluEEB9_
FNDA:0,_RNvMNtNtNtCsdvcNaYVB9b9_19openzeppelin_stylus7finance14vesting_wallet5tokenNtB2_6IErc203new
FNDA:0,_RNvXs_NtNtNtCsdvcNaYVB9b9_19openzeppelin_stylus7finance14vesting_wallet5tokenNtB4_6IErc20NtNtNtCsgjpIjOj3Vii_4core3ops5deref5Deref5deref
FNDA:0,_RNvXs2_NtNtNtCsdvcNaYVB9b9_19openzeppelin_stylus7finance14vesting_wallet5tokenNtB5_6IErc20NtNtNtCs8ZxBd7tYBb4_15alloy_sol_types5types2ty7SolType11valid_token
FNDA:0,_RNvXs2_NtNtNtCsdvcNaYVB9b9_19openzeppelin_stylus7finance14vesting_wallet5tokenNtB5_6IErc20NtNtNtCs8ZxBd7tYBb4_15alloy_sol_types5types2ty7SolType10detokenize
FNDA:0,_RNvMNtNtNtCs2DsLaG5kw0h_19openzeppelin_stylus7finance14vesting_wallet5tokenNtB2_6IErc203new
FNDA:0,_RINvMNtNtNtCs2DsLaG5kw0h_19openzeppelin_stylus7finance14vesting_wallet5tokenNtB3_6IErc2010balance_ofpEB9_
FNDA:0,_RNvXs_NtNtNtCs2DsLaG5kw0h_19openzeppelin_stylus7finance14vesting_wallet5tokenNtB4_6IErc20NtNtNtCsgjpIjOj3Vii_4core3ops5deref5Deref5deref
FNDA:0,_RNvXs1_NtNtNtCs2DsLaG5kw0h_19openzeppelin_stylus7finance14vesting_wallet5tokenNtB5_6IErc20INtNtCs8ZxBd7tYBb4_15alloy_sol_types7private12SolTypeValueB1e_E13stv_to_tokensBb_
FNDA:0,_RNvXs1_NtNtNtCs2DsLaG5kw0h_19openzeppelin_stylus7finance14vesting_wallet5tokenNtB5_6IErc20INtNtCs8ZxBd7tYBb4_15alloy_sol_types7private12SolTypeValueB1e_E20stv_abi_encoded_sizeBb_
FNDA:0,_RNvXs1_NtNtNtCs2DsLaG5kw0h_19openzeppelin_stylus7finance14vesting_wallet5tokenNtB5_6IErc20INtNtCs8ZxBd7tYBb4_15alloy_sol_types7private12SolTypeValueB1e_E20stv_eip712_data_wordBb_
FNDA:0,_RNvXs1_NtNtNtCs2DsLaG5kw0h_19openzeppelin_stylus7finance14vesting_wallet5tokenNtB5_6IErc20INtNtCs8ZxBd7tYBb4_15alloy_sol_types7private12SolTypeValueB1e_E24stv_abi_encode_packed_toBb_
FNDA:0,_RNvXs2_NtNtNtCs2DsLaG5kw0h_19openzeppelin_stylus7finance14vesting_wallet5tokenNtB5_6IErc20NtNtNtCs8ZxBd7tYBb4_15alloy_sol_types5types2ty7SolType11valid_token
FNDA:0,_RNvXs2_NtNtNtCs2DsLaG5kw0h_19openzeppelin_stylus7finance14vesting_wallet5tokenNtB5_6IErc20NtNtNtCs8ZxBd7tYBb4_15alloy_sol_types5types2ty7SolType10detokenize
FNDA:0,_RNvXs0_NtNtCs2DsLaG5kw0h_19openzeppelin_stylus7finance14vesting_walletNtNtB5_8sol_defs13VestingWalletNtB5_14IVestingWallet5owner
FNDA:0,_RNvXs0_NtNtCs2DsLaG5kw0h_19openzeppelin_stylus7finance14vesting_walletNtNtB5_8sol_defs13VestingWalletNtB5_14IVestingWallet18transfer_ownership
FNDA:0,_RNvXs0_NtNtCs2DsLaG5kw0h_19openzeppelin_stylus7finance14vesting_walletNtNtB5_8sol_defs13VestingWalletNtB5_14IVestingWallet18renounce_ownership
FNDA:0,_RNvXs0_NtNtCs2DsLaG5kw0h_19openzeppelin_stylus7finance14vesting_walletNtNtB5_8sol_defs13VestingWalletNtB5_14IVestingWallet13receive_ether
FNDA:0,_RNvXs0_NtNtCs2DsLaG5kw0h_19openzeppelin_stylus7finance14vesting_walletNtNtB5_8sol_defs13VestingWalletNtB5_14IVestingWallet14releasable_eth
FNDA:0,_RNvXs0_NtNtCs2DsLaG5kw0h_19openzeppelin_stylus7finance14vesting_walletNtNtB5_8sol_defs13VestingWalletNtB5_14IVestingWallet16releasable_erc20
FNDA:0,_RNvXs0_NtNtCs2DsLaG5kw0h_19openzeppelin_stylus7finance14vesting_walletNtNtB5_8sol_defs13VestingWalletNtB5_14IVestingWallet11release_eth
FNDA:0,_RNvXs0_NtNtCs2DsLaG5kw0h_19openzeppelin_stylus7finance14vesting_walletNtNtB5_8sol_defs13VestingWalletNtB5_14IVestingWallet13release_erc20
FNDA:0,_RNvXs0_NtNtCs2DsLaG5kw0h_19openzeppelin_stylus7finance14vesting_walletNtNtB5_8sol_defs13VestingWalletNtB5_14IVestingWallet17vested_amount_eth
FNDA:0,_RNvXs0_NtNtCs2DsLaG5kw0h_19openzeppelin_stylus7finance14vesting_walletNtNtB5_8sol_defs13VestingWalletNtB5_14IVestingWallet19vested_amount_erc20
FNDA:0,_RNCNvXs0_NtNtCs2DsLaG5kw0h_19openzeppelin_stylus7finance14vesting_walletNtNtB7_8sol_defs13VestingWalletNtB7_14IVestingWallet19vested_amount_erc200Bb_
FNDA:4,_RNvNtNtNtCs2DsLaG5kw0h_19openzeppelin_stylus7finance14vesting_wallet5tests5start
FNDA:6,_RNvNtNtNtCs2DsLaG5kw0h_19openzeppelin_stylus7finance14vesting_wallet5tests4init
FNDA:7,_RNvMs_NtNtCs2DsLaG5kw0h_19openzeppelin_stylus7finance14vesting_walletNtNtB4_8sol_defs13VestingWallet16vesting_schedule
FNDA:16,_RNvXs0_NtNtCs2DsLaG5kw0h_19openzeppelin_stylus7finance14vesting_walletNtNtB5_8sol_defs13VestingWalletNtB5_14IVestingWallet5start
FNDA:9,_RNvXs0_NtNtCs2DsLaG5kw0h_19openzeppelin_stylus7finance14vesting_walletNtNtB5_8sol_defs13VestingWalletNtB5_14IVestingWallet8duration
FNDA:7,_RNvXs0_NtNtCs2DsLaG5kw0h_19openzeppelin_stylus7finance14vesting_walletNtNtB5_8sol_defs13VestingWalletNtB5_14IVestingWallet3end
FNDA:1,_RNvXs0_NtNtCs2DsLaG5kw0h_19openzeppelin_stylus7finance14vesting_walletNtNtB5_8sol_defs13VestingWalletNtB5_14IVestingWallet12released_eth
FNDA:1,_RNvXs0_NtNtCs2DsLaG5kw0h_19openzeppelin_stylus7finance14vesting_walletNtNtB5_8sol_defs13VestingWalletNtB5_14IVestingWallet14released_erc20
FNF:21
FNH:8
DA:124,0
DA:125,0
DA:126,0
DA:127,0
DA:128,0
DA:129,0
DA:370,0
DA:371,0
DA:372,0
DA:374,0
DA:375,0
DA:376,0
DA:377,0
DA:378,0
DA:379,0
DA:381,0
DA:382,0
DA:383,0
DA:386,0
DA:388,16
DA:389,16
DA:390,16
DA:392,9
DA:393,9
DA:394,9
DA:396,7
DA:397,7
DA:398,7
DA:399,7
DA:400,7
DA:403,1
DA:404,1
DA:405,1
DA:408,1
DA:409,1
DA:410,1
DA:413,0
DA:414,0
DA:415,0
DA:416,0
DA:417,0
DA:420,0
DA:421,0
DA:424,0
DA:425,0
DA:428,0
DA:429,0
DA:430,0
DA:431,0
DA:432,0
DA:433,0
DA:434,0
DA:435,0
DA:436,0
DA:437,0
DA:438,0
DA:439,0
DA:440,0
DA:442,0
DA:443,0
DA:444,0
DA:445,0
DA:448,0
DA:449,0
DA:450,0
DA:451,0
DA:452,0
DA:453,0
DA:454,0
DA:455,0
DA:456,0
DA:457,0
DA:458,0
DA:459,0
DA:461,0
DA:462,0
DA:463,0
DA:464,0
DA:467,0
DA:468,0
DA:469,0
DA:470,0
DA:471,0
DA:472,0
DA:473,0
DA:476,0
DA:477,0
DA:478,0
DA:479,0
DA:480,0
DA:481,0
DA:482,0
DA:483,0
DA:484,0
DA:486,0
DA:487,0
DA:488,0
DA:489,0
DA:490,0
DA:491,0
DA:508,7
DA:509,7
DA:510,7
DA:511,7
DA:512,2
DA:513,5
DA:514,4
DA:518,1
DA:519,1
DA:520,1
DA:521,1
DA:522,1
DA:523,1
DA:524,1
DA:525,1
DA:526,1
DA:527,1
DA:529,7
DA:542,4
DA:543,4
DA:544,4
DA:546,6
DA:547,6
DA:548,6
DA:549,6
DA:550,6
DA:551,6
DA:552,6
DA:553,6
DA:554,6
DA:555,6
DA:556,6
BRF:0
BRH:0
LF:134
LH:49
end_of_record
SF:/home/nenad/repos/rust-contracts-stylus/contracts/src/token/erc1155/extensions/burnable.rs
FN:75,_RNvXNtNtNtNtCsdvcNaYVB9b9_19openzeppelin_stylus5token7erc115510extensions8burnableNtB6_7Erc1155NtB2_16IErc1155Burnable4burn
FN:85,_RNvXNtNtNtNtCsdvcNaYVB9b9_19openzeppelin_stylus5token7erc115510extensions8burnableNtB6_7Erc1155NtB2_16IErc1155Burnable10burn_batch
FN:97,_RNvMs_NtNtNtNtCsdvcNaYVB9b9_19openzeppelin_stylus5token7erc115510extensions8burnableNtB8_7Erc115524ensure_approved_or_owner
FN:125,_RNvNtNtNtNtNtCs2DsLaG5kw0h_19openzeppelin_stylus5token7erc115510extensions8burnable5tests4init
FN:335,_RNCNvNtNtNtNtNtCs2DsLaG5kw0h_19openzeppelin_stylus5token7erc115510extensions8burnable5testss_42error_when_insufficient_balance_burn_batch0Bd_
FN:75,_RNvXNtNtNtNtCs2DsLaG5kw0h_19openzeppelin_stylus5token7erc115510extensions8burnableNtB6_7Erc1155NtB2_16IErc1155Burnable4burn
FN:85,_RNvXNtNtNtNtCs2DsLaG5kw0h_19openzeppelin_stylus5token7erc115510extensions8burnableNtB6_7Erc1155NtB2_16IErc1155Burnable10burn_batch
FN:97,_RNvMs_NtNtNtNtCs2DsLaG5kw0h_19openzeppelin_stylus5token7erc115510extensions8burnableNtB8_7Erc115524ensure_approved_or_owner
FNDA:0,_RNvXNtNtNtNtCsdvcNaYVB9b9_19openzeppelin_stylus5token7erc115510extensions8burnableNtB6_7Erc1155NtB2_16IErc1155Burnable4burn
FNDA:0,_RNvXNtNtNtNtCsdvcNaYVB9b9_19openzeppelin_stylus5token7erc115510extensions8burnableNtB6_7Erc1155NtB2_16IErc1155Burnable10burn_batch
FNDA:0,_RNvMs_NtNtNtNtCsdvcNaYVB9b9_19openzeppelin_stylus5token7erc115510extensions8burnableNtB8_7Erc115524ensure_approved_or_owner
FNDA:10,_RNvNtNtNtNtNtCs2DsLaG5kw0h_19openzeppelin_stylus5token7erc115510extensions8burnable5tests4init
FNDA:5,_RNCNvNtNtNtNtNtCs2DsLaG5kw0h_19openzeppelin_stylus5token7erc115510extensions8burnable5testss_42error_when_insufficient_balance_burn_batch0Bd_
FNDA:5,_RNvXNtNtNtNtCs2DsLaG5kw0h_19openzeppelin_stylus5token7erc115510extensions8burnableNtB6_7Erc1155NtB2_16IErc1155Burnable4burn
FNDA:5,_RNvXNtNtNtNtCs2DsLaG5kw0h_19openzeppelin_stylus5token7erc115510extensions8burnableNtB6_7Erc1155NtB2_16IErc1155Burnable10burn_batch
FNDA:10,_RNvMs_NtNtNtNtCs2DsLaG5kw0h_19openzeppelin_stylus5token7erc115510extensions8burnableNtB8_7Erc115524ensure_approved_or_owner
FNF:5
FNH:5
DA:75,5
DA:76,5
DA:77,5
DA:78,5
DA:79,5
DA:80,5
DA:81,5
DA:82,4
DA:83,5
DA:85,5
DA:86,5
DA:87,5
DA:88,5
DA:89,5
DA:90,5
DA:91,5
DA:92,4
DA:93,5
DA:97,10
DA:98,10
DA:99,10
DA:100,2
DA:101,2
DA:102,2
DA:103,2
DA:104,2
DA:105,2
DA:106,8
DA:107,8
DA:108,10
DA:125,10
DA:126,10
DA:127,10
DA:128,10
DA:129,10
DA:130,10
DA:131,10
DA:132,10
DA:133,10
DA:134,10
DA:135,10
DA:136,10
DA:137,10
DA:138,10
DA:139,10
DA:140,10
DA:141,10
DA:142,10
DA:335,5
BRF:0
BRH:0
LF:49
LH:49
end_of_record
SF:/home/nenad/repos/rust-contracts-stylus/contracts/src/token/erc1155/mod.rs
FN:1064,_RINvMs2_NtNtCsdvcNaYVB9b9_19openzeppelin_stylus5token7erc1155NtB6_7Erc115527require_equal_arrays_lengthINtCs33r0PDY7Zz1_5ruint4UintKj100_Kj4_EB1D_EBa_
FN:1064,_RINvMs2_NtNtCsdvcNaYVB9b9_19openzeppelin_stylus5token7erc1155NtB6_7Erc115527require_equal_arrays_lengthINtCs33r0PDY7Zz1_5ruint4UintKj100_Kj4_ENtNtNtCs4lfFb1mHeP0_16alloy_primitives4bits7address7AddressEBa_
FN:405,_RNCNvXsx_NtNtCsdvcNaYVB9b9_19openzeppelin_stylus5token7erc1155NtB7_7Erc1155NtB7_8IErc115516balance_of_batch0Bb_
FN:177,_RNvXNtNtCsdvcNaYVB9b9_19openzeppelin_stylus5token7erc1155NtB2_5ErrorNtNtNtCs26a1fVprefy_10stylus_sdk4call5error11MethodError6encode
FN:449,_RNvXs0_NtNtCsdvcNaYVB9b9_19openzeppelin_stylus5token7erc1155NtB5_7Erc1155NtNtNtNtB9_5utils13introspection6erc1657IErc16518supports_interface
FN:486,_RNvMs1_NtNtCsdvcNaYVB9b9_19openzeppelin_stylus5token7erc1155NtB5_7Erc11557__update
FN:549,_RNvMs1_NtNtCsdvcNaYVB9b9_19openzeppelin_stylus5token7erc1155NtB5_7Erc115529__update_with_acceptance_check
FN:599,_RNvMs1_NtNtCsdvcNaYVB9b9_19openzeppelin_stylus5token7erc1155NtB5_7Erc11555__mint
FN:641,_RNvMs1_NtNtCsdvcNaYVB9b9_19openzeppelin_stylus5token7erc1155NtB5_7Erc115511__mint_batch
FN:674,_RNvMs1_NtNtCsdvcNaYVB9b9_19openzeppelin_stylus5token7erc1155NtB5_7Erc11555__burn
FN:710,_RNvMs1_NtNtCsdvcNaYVB9b9_19openzeppelin_stylus5token7erc1155NtB5_7Erc115511__burn_batch
FN:738,_RNvMs1_NtNtCsdvcNaYVB9b9_19openzeppelin_stylus5token7erc1155NtB5_7Erc115521__set_approval_for_all
FN:788,_RNvMs2_NtNtCsdvcNaYVB9b9_19openzeppelin_stylus5token7erc1155NtB5_7Erc115526__check_on_erc1155_received
FN:870,_RNvMs2_NtNtCsdvcNaYVB9b9_19openzeppelin_stylus5token7erc1155NtB5_7Erc11558__do_mint
FN:919,_RNvMs2_NtNtCsdvcNaYVB9b9_19openzeppelin_stylus5token7erc1155NtB5_7Erc11558__do_burn
FN:977,_RNvMs2_NtNtCsdvcNaYVB9b9_19openzeppelin_stylus5token7erc1155NtB5_7Erc115521do_safe_transfer_from
FN:1017,_RNvMs2_NtNtCsdvcNaYVB9b9_19openzeppelin_stylus5token7erc1155NtB5_7Erc11559do_update
FN:1089,_RNvMs2_NtNtCsdvcNaYVB9b9_19openzeppelin_stylus5token7erc1155NtB5_7Erc115518authorize_transfer
FN:1125,_RNvMs3_NtNtCsdvcNaYVB9b9_19openzeppelin_stylus5token7erc1155NtB5_19Erc1155ReceiverData3new
FN:1140,_RNvMs3_NtNtCsdvcNaYVB9b9_19openzeppelin_stylus5token7erc1155NtB5_19Erc1155ReceiverData6single
FN:1154,_RNvMs3_NtNtCsdvcNaYVB9b9_19openzeppelin_stylus5token7erc1155NtB5_19Erc1155ReceiverData5batch
FN:150,_RNvXsl_NtNtCsdvcNaYVB9b9_19openzeppelin_stylus5token7erc1155NtB5_5ErrorINtNtCsgjpIjOj3Vii_4core7convert4FromNtB5_26ERC1155InsufficientBalanceE4from
FN:150,_RNvXsm_NtNtCsdvcNaYVB9b9_19openzeppelin_stylus5token7erc1155NtB5_5ErrorINtNtCsgjpIjOj3Vii_4core7convert4FromNtB5_20ERC1155InvalidSenderE4from
FN:150,_RNvXsn_NtNtCsdvcNaYVB9b9_19openzeppelin_stylus5token7erc1155NtB5_5ErrorINtNtCsgjpIjOj3Vii_4core7convert4FromNtB5_22ERC1155InvalidReceiverE4from
FN:150,_RNvXso_NtNtCsdvcNaYVB9b9_19openzeppelin_stylus5token7erc1155NtB5_5ErrorINtNtCsgjpIjOj3Vii_4core7convert4FromNtNtNtCs26a1fVprefy_10stylus_sdk4call5error5ErrorE4from
FN:150,_RNvXsp_NtNtCsdvcNaYVB9b9_19openzeppelin_stylus5token7erc1155NtB5_5ErrorINtNtCsgjpIjOj3Vii_4core7convert4FromNtB5_28ERC1155MissingApprovalForAllE4from
FN:150,_RNvXsq_NtNtCsdvcNaYVB9b9_19openzeppelin_stylus5token7erc1155NtB5_5ErrorINtNtCsgjpIjOj3Vii_4core7convert4FromNtB5_22ERC1155InvalidApproverE4from
FN:150,_RNvXsr_NtNtCsdvcNaYVB9b9_19openzeppelin_stylus5token7erc1155NtB5_5ErrorINtNtCsgjpIjOj3Vii_4core7convert4FromNtB5_22ERC1155InvalidOperatorE4from
FN:150,_RNvXss_NtNtCsdvcNaYVB9b9_19openzeppelin_stylus5token7erc1155NtB5_5ErrorINtNtCsgjpIjOj3Vii_4core7convert4FromNtB5_25ERC1155InvalidArrayLengthE4from
FN:190,_RNvMsv_NtNtCsdvcNaYVB9b9_19openzeppelin_stylus5token7erc1155NtB5_7Erc115514required_slots
FN:190,_RNvXsw_NtNtCsdvcNaYVB9b9_19openzeppelin_stylus5token7erc1155NtB5_7Erc1155NtNtNtCs26a1fVprefy_10stylus_sdk7storage6traits11StorageType3new
FN:182,_RNvXsw_NtNtCsdvcNaYVB9b9_19openzeppelin_stylus5token7erc1155NtB5_7Erc1155NtNtNtCs26a1fVprefy_10stylus_sdk7storage6traits11StorageType4load
FN:182,_RNvXsw_NtNtCsdvcNaYVB9b9_19openzeppelin_stylus5token7erc1155NtB5_7Erc1155NtNtNtCs26a1fVprefy_10stylus_sdk7storage6traits11StorageType8load_mut
FN:391,_RNvXsx_NtNtCsdvcNaYVB9b9_19openzeppelin_stylus5token7erc1155NtB5_7Erc1155NtB5_8IErc115510balance_of
FN:395,_RNvXsx_NtNtCsdvcNaYVB9b9_19openzeppelin_stylus5token7erc1155NtB5_7Erc1155NtB5_8IErc115516balance_of_batch
FN:411,_RNvXsx_NtNtCsdvcNaYVB9b9_19openzeppelin_stylus5token7erc1155NtB5_7Erc1155NtB5_8IErc115520set_approval_for_all
FN:419,_RNvXsx_NtNtCsdvcNaYVB9b9_19openzeppelin_stylus5token7erc1155NtB5_7Erc1155NtB5_8IErc115519is_approved_for_all
FN:423,_RNvXsx_NtNtCsdvcNaYVB9b9_19openzeppelin_stylus5token7erc1155NtB5_7Erc1155NtB5_8IErc115518safe_transfer_from
FN:435,_RNvXsx_NtNtCsdvcNaYVB9b9_19openzeppelin_stylus5token7erc1155NtB5_7Erc1155NtB5_8IErc115524safe_batch_transfer_from
FN:74,_RNvXs_NvNtNtCsdvcNaYVB9b9_19openzeppelin_stylus5token7erc11551__NtNtCs4lfFb1mHeP0_16alloy_primitives3log7LogDataINtNtCsgjpIjOj3Vii_4core7convert4FromRNtB6_14TransferSingleE4fromBa_
FN:43,_RNCNvXs_NvNtNtCsdvcNaYVB9b9_19openzeppelin_stylus5token7erc11551__NtNtCs4lfFb1mHeP0_16alloy_primitives3log7LogDataINtNtCsgjpIjOj3Vii_4core7convert4FromRNtB8_14TransferSingleE4from0Bc_
FN:74,_RNvXs_NvNtNtCsdvcNaYVB9b9_19openzeppelin_stylus5token7erc1155s_1__NtNtCs4lfFb1mHeP0_16alloy_primitives3log7LogDataINtNtCsgjpIjOj3Vii_4core7convert4FromRNtB6_13TransferBatchE4fromBa_
FN:43,_RNCNvXs_NvNtNtCsdvcNaYVB9b9_19openzeppelin_stylus5token7erc1155s_1__NtNtCs4lfFb1mHeP0_16alloy_primitives3log7LogDataINtNtCsgjpIjOj3Vii_4core7convert4FromRNtB8_13TransferBatchE4from0Bc_
FN:74,_RNvXs_NvNtNtCsdvcNaYVB9b9_19openzeppelin_stylus5token7erc1155s0_1__NtNtCs4lfFb1mHeP0_16alloy_primitives3log7LogDataINtNtCsgjpIjOj3Vii_4core7convert4FromRNtB6_14ApprovalForAllE4fromBa_
FN:43,_RNCNvXs_NvNtNtCsdvcNaYVB9b9_19openzeppelin_stylus5token7erc1155s0_1__NtNtCs4lfFb1mHeP0_16alloy_primitives3log7LogDataINtNtCsgjpIjOj3Vii_4core7convert4FromRNtB8_14ApprovalForAllE4from0Bc_
FN:1064,_RINvMs2_NtNtCs2DsLaG5kw0h_19openzeppelin_stylus5token7erc1155NtB6_7Erc115527require_equal_arrays_lengthINtCs33r0PDY7Zz1_5ruint4UintKj100_Kj4_EB1D_EBa_
FN:1064,_RINvMs2_NtNtCs2DsLaG5kw0h_19openzeppelin_stylus5token7erc1155NtB6_7Erc115527require_equal_arrays_lengthINtCs33r0PDY7Zz1_5ruint4UintKj100_Kj4_ENtNtNtCs4lfFb1mHeP0_16alloy_primitives4bits7address7AddressEBa_
FN:405,_RNCNvXsx_NtNtCs2DsLaG5kw0h_19openzeppelin_stylus5token7erc1155NtB7_7Erc1155NtB7_8IErc115516balance_of_batch0Bb_
FN:74,_RNvXs_NvNtNtCs2DsLaG5kw0h_19openzeppelin_stylus5token7erc11551__NtNtCs4lfFb1mHeP0_16alloy_primitives3log7LogDataINtNtCsgjpIjOj3Vii_4core7convert4FromRNtB6_14TransferSingleE4fromBa_
FN:43,_RNCNvXs_NvNtNtCs2DsLaG5kw0h_19openzeppelin_stylus5token7erc11551__NtNtCs4lfFb1mHeP0_16alloy_primitives3log7LogDataINtNtCsgjpIjOj3Vii_4core7convert4FromRNtB8_14TransferSingleE4from0Bc_
FN:74,_RNvXs_NvNtNtCs2DsLaG5kw0h_19openzeppelin_stylus5token7erc1155s_1__NtNtCs4lfFb1mHeP0_16alloy_primitives3log7LogDataINtNtCsgjpIjOj3Vii_4core7convert4FromRNtB6_13TransferBatchE4fromBa_
FN:43,_RNCNvXs_NvNtNtCs2DsLaG5kw0h_19openzeppelin_stylus5token7erc1155s_1__NtNtCs4lfFb1mHeP0_16alloy_primitives3log7LogDataINtNtCsgjpIjOj3Vii_4core7convert4FromRNtB8_13TransferBatchE4from0Bc_
FN:74,_RNvXs_NvNtNtCs2DsLaG5kw0h_19openzeppelin_stylus5token7erc1155s0_1__NtNtCs4lfFb1mHeP0_16alloy_primitives3log7LogDataINtNtCsgjpIjOj3Vii_4core7convert4FromRNtB6_14ApprovalForAllE4fromBa_
FN:43,_RNCNvXs_NvNtNtCs2DsLaG5kw0h_19openzeppelin_stylus5token7erc1155s0_1__NtNtCs4lfFb1mHeP0_16alloy_primitives3log7LogDataINtNtCsgjpIjOj3Vii_4core7convert4FromRNtB8_14ApprovalForAllE4from0Bc_
FN:76,_RNvNvNtNtCs2DsLaG5kw0h_19openzeppelin_stylus5token7erc1155s1_1__15__type_assertion
FN:76,_RNvNvNtNtCs2DsLaG5kw0h_19openzeppelin_stylus5token7erc1155s2_1__15__type_assertion
FN:76,_RNvNvNtNtCs2DsLaG5kw0h_19openzeppelin_stylus5token7erc1155s3_1__15__type_assertion
FN:76,_RNvNvNtNtCs2DsLaG5kw0h_19openzeppelin_stylus5token7erc1155s4_1__15__type_assertion
FN:76,_RNvNvNtNtCs2DsLaG5kw0h_19openzeppelin_stylus5token7erc1155s5_1__15__type_assertion
FN:76,_RNvNvNtNtCs2DsLaG5kw0h_19openzeppelin_stylus5token7erc1155s6_1__15__type_assertion
FN:76,_RNvNvNtNtCs2DsLaG5kw0h_19openzeppelin_stylus5token7erc1155s7_1__15__type_assertion
FN:150,_RNvXsl_NtNtCs2DsLaG5kw0h_19openzeppelin_stylus5token7erc1155NtB5_5ErrorINtNtCsgjpIjOj3Vii_4core7convert4FromNtB5_26ERC1155InsufficientBalanceE4from
FN:150,_RNvXsm_NtNtCs2DsLaG5kw0h_19openzeppelin_stylus5token7erc1155NtB5_5ErrorINtNtCsgjpIjOj3Vii_4core7convert4FromNtB5_20ERC1155InvalidSenderE4from
FN:150,_RNvXso_NtNtCs2DsLaG5kw0h_19openzeppelin_stylus5token7erc1155NtB5_5ErrorINtNtCsgjpIjOj3Vii_4core7convert4FromNtNtNtCs26a1fVprefy_10stylus_sdk4call5error5ErrorE4from
FN:150,_RNvXsp_NtNtCs2DsLaG5kw0h_19openzeppelin_stylus5token7erc1155NtB5_5ErrorINtNtCsgjpIjOj3Vii_4core7convert4FromNtB5_28ERC1155MissingApprovalForAllE4from
FN:150,_RNvXsq_NtNtCs2DsLaG5kw0h_19openzeppelin_stylus5token7erc1155NtB5_5ErrorINtNtCsgjpIjOj3Vii_4core7convert4FromNtB5_22ERC1155InvalidApproverE4from
FN:150,_RNvXsr_NtNtCs2DsLaG5kw0h_19openzeppelin_stylus5token7erc1155NtB5_5ErrorINtNtCsgjpIjOj3Vii_4core7convert4FromNtB5_22ERC1155InvalidOperatorE4from
FN:150,_RNvXss_NtNtCs2DsLaG5kw0h_19openzeppelin_stylus5token7erc1155NtB5_5ErrorINtNtCsgjpIjOj3Vii_4core7convert4FromNtB5_25ERC1155InvalidArrayLengthE4from
FN:177,_RNvXNtNtCs2DsLaG5kw0h_19openzeppelin_stylus5token7erc1155NtB2_5ErrorNtNtNtCs26a1fVprefy_10stylus_sdk4call5error11MethodError6encode
FN:190,_RNvMsv_NtNtCs2DsLaG5kw0h_19openzeppelin_stylus5token7erc1155NtB5_7Erc115514required_slots
FN:182,_RNvXsw_NtNtCs2DsLaG5kw0h_19openzeppelin_stylus5token7erc1155NtB5_7Erc1155NtNtNtCs26a1fVprefy_10stylus_sdk7storage6traits11StorageType4load
FN:182,_RNvXsw_NtNtCs2DsLaG5kw0h_19openzeppelin_stylus5token7erc1155NtB5_7Erc1155NtNtNtCs26a1fVprefy_10stylus_sdk7storage6traits11StorageType8load_mut
FN:449,_RNvXs0_NtNtCs2DsLaG5kw0h_19openzeppelin_stylus5token7erc1155NtB5_7Erc1155NtNtNtNtB9_5utils13introspection6erc1657IErc16518supports_interface
FN:1201,_RNvNtNtNtCs2DsLaG5kw0h_19openzeppelin_stylus5token7erc11555tests16random_token_ids
FN:1205,_RNvNtNtNtCs2DsLaG5kw0h_19openzeppelin_stylus5token7erc11555tests13random_values
FN:1209,_RNvNtNtNtCs2DsLaG5kw0h_19openzeppelin_stylus5token7erc11555tests4init
FN:1228,_RNvNtNtNtCs2DsLaG5kw0h_19openzeppelin_stylus5token7erc11555tests6append
FN:1233,_RNvNtNtNtCs2DsLaG5kw0h_19openzeppelin_stylus5token7erc11555testss_29should_create_transfer_single
FN:1242,_RNvNtNtNtCs2DsLaG5kw0h_19openzeppelin_stylus5token7erc11555testss_28should_create_transfer_batch
FN:486,_RNvMs1_NtNtCs2DsLaG5kw0h_19openzeppelin_stylus5token7erc1155NtB5_7Erc11557__update
FN:549,_RNvMs1_NtNtCs2DsLaG5kw0h_19openzeppelin_stylus5token7erc1155NtB5_7Erc115529__update_with_acceptance_check
FN:599,_RNvMs1_NtNtCs2DsLaG5kw0h_19openzeppelin_stylus5token7erc1155NtB5_7Erc11555__mint
FN:641,_RNvMs1_NtNtCs2DsLaG5kw0h_19openzeppelin_stylus5token7erc1155NtB5_7Erc115511__mint_batch
FN:674,_RNvMs1_NtNtCs2DsLaG5kw0h_19openzeppelin_stylus5token7erc1155NtB5_7Erc11555__burn
FN:710,_RNvMs1_NtNtCs2DsLaG5kw0h_19openzeppelin_stylus5token7erc1155NtB5_7Erc115511__burn_batch
FN:738,_RNvMs1_NtNtCs2DsLaG5kw0h_19openzeppelin_stylus5token7erc1155NtB5_7Erc115521__set_approval_for_all
FN:788,_RNvMs2_NtNtCs2DsLaG5kw0h_19openzeppelin_stylus5token7erc1155NtB5_7Erc115526__check_on_erc1155_received
FN:870,_RNvMs2_NtNtCs2DsLaG5kw0h_19openzeppelin_stylus5token7erc1155NtB5_7Erc11558__do_mint
FN:919,_RNvMs2_NtNtCs2DsLaG5kw0h_19openzeppelin_stylus5token7erc1155NtB5_7Erc11558__do_burn
FN:977,_RNvMs2_NtNtCs2DsLaG5kw0h_19openzeppelin_stylus5token7erc1155NtB5_7Erc115521do_safe_transfer_from
FN:1017,_RNvMs2_NtNtCs2DsLaG5kw0h_19openzeppelin_stylus5token7erc1155NtB5_7Erc11559do_update
FN:1089,_RNvMs2_NtNtCs2DsLaG5kw0h_19openzeppelin_stylus5token7erc1155NtB5_7Erc115518authorize_transfer
FN:1125,_RNvMs3_NtNtCs2DsLaG5kw0h_19openzeppelin_stylus5token7erc1155NtB5_19Erc1155ReceiverData3new
FN:1140,_RNvMs3_NtNtCs2DsLaG5kw0h_19openzeppelin_stylus5token7erc1155NtB5_19Erc1155ReceiverData6single
FN:1154,_RNvMs3_NtNtCs2DsLaG5kw0h_19openzeppelin_stylus5token7erc1155NtB5_19Erc1155ReceiverData5batch
FN:150,_RNvXsn_NtNtCs2DsLaG5kw0h_19openzeppelin_stylus5token7erc1155NtB5_5ErrorINtNtCsgjpIjOj3Vii_4core7convert4FromNtB5_22ERC1155InvalidReceiverE4from
FN:190,_RNvXsw_NtNtCs2DsLaG5kw0h_19openzeppelin_stylus5token7erc1155NtB5_7Erc1155NtNtNtCs26a1fVprefy_10stylus_sdk7storage6traits11StorageType3new
FN:391,_RNvXsx_NtNtCs2DsLaG5kw0h_19openzeppelin_stylus5token7erc1155NtB5_7Erc1155NtB5_8IErc115510balance_of
FN:395,_RNvXsx_NtNtCs2DsLaG5kw0h_19openzeppelin_stylus5token7erc1155NtB5_7Erc1155NtB5_8IErc115516balance_of_batch
FN:411,_RNvXsx_NtNtCs2DsLaG5kw0h_19openzeppelin_stylus5token7erc1155NtB5_7Erc1155NtB5_8IErc115520set_approval_for_all
FN:419,_RNvXsx_NtNtCs2DsLaG5kw0h_19openzeppelin_stylus5token7erc1155NtB5_7Erc1155NtB5_8IErc115519is_approved_for_all
FN:423,_RNvXsx_NtNtCs2DsLaG5kw0h_19openzeppelin_stylus5token7erc1155NtB5_7Erc1155NtB5_8IErc115518safe_transfer_from
FN:435,_RNvXsx_NtNtCs2DsLaG5kw0h_19openzeppelin_stylus5token7erc1155NtB5_7Erc1155NtB5_8IErc115524safe_batch_transfer_from
FN:1369,_RNCNvNtNtNtCs2DsLaG5kw0h_19openzeppelin_stylus5token7erc11555testss_11mints_batch0B9_
FN:1560,_RNCNvNtNtNtCs2DsLaG5kw0h_19openzeppelin_stylus5token7erc11555testss_48error_when_batch_burns_with_insufficient_balance0B9_
FNDA:0,_RINvMs2_NtNtCsdvcNaYVB9b9_19openzeppelin_stylus5token7erc1155NtB6_7Erc115527require_equal_arrays_lengthINtCs33r0PDY7Zz1_5ruint4UintKj100_Kj4_EB1D_EBa_
FNDA:0,_RINvMs2_NtNtCsdvcNaYVB9b9_19openzeppelin_stylus5token7erc1155NtB6_7Erc115527require_equal_arrays_lengthINtCs33r0PDY7Zz1_5ruint4UintKj100_Kj4_ENtNtNtCs4lfFb1mHeP0_16alloy_primitives4bits7address7AddressEBa_
FNDA:0,_RNCNvXsx_NtNtCsdvcNaYVB9b9_19openzeppelin_stylus5token7erc1155NtB7_7Erc1155NtB7_8IErc115516balance_of_batch0Bb_
FNDA:0,_RNvXNtNtCsdvcNaYVB9b9_19openzeppelin_stylus5token7erc1155NtB2_5ErrorNtNtNtCs26a1fVprefy_10stylus_sdk4call5error11MethodError6encode
FNDA:0,_RNvXs0_NtNtCsdvcNaYVB9b9_19openzeppelin_stylus5token7erc1155NtB5_7Erc1155NtNtNtNtB9_5utils13introspection6erc1657IErc16518supports_interface
FNDA:0,_RNvMs1_NtNtCsdvcNaYVB9b9_19openzeppelin_stylus5token7erc1155NtB5_7Erc11557__update
FNDA:0,_RNvMs1_NtNtCsdvcNaYVB9b9_19openzeppelin_stylus5token7erc1155NtB5_7Erc115529__update_with_acceptance_check
FNDA:0,_RNvMs1_NtNtCsdvcNaYVB9b9_19openzeppelin_stylus5token7erc1155NtB5_7Erc11555__mint
FNDA:0,_RNvMs1_NtNtCsdvcNaYVB9b9_19openzeppelin_stylus5token7erc1155NtB5_7Erc115511__mint_batch
FNDA:0,_RNvMs1_NtNtCsdvcNaYVB9b9_19openzeppelin_stylus5token7erc1155NtB5_7Erc11555__burn
FNDA:0,_RNvMs1_NtNtCsdvcNaYVB9b9_19openzeppelin_stylus5token7erc1155NtB5_7Erc115511__burn_batch
FNDA:0,_RNvMs1_NtNtCsdvcNaYVB9b9_19openzeppelin_stylus5token7erc1155NtB5_7Erc115521__set_approval_for_all
FNDA:0,_RNvMs2_NtNtCsdvcNaYVB9b9_19openzeppelin_stylus5token7erc1155NtB5_7Erc115526__check_on_erc1155_received
FNDA:0,_RNvMs2_NtNtCsdvcNaYVB9b9_19openzeppelin_stylus5token7erc1155NtB5_7Erc11558__do_mint
FNDA:0,_RNvMs2_NtNtCsdvcNaYVB9b9_19openzeppelin_stylus5token7erc1155NtB5_7Erc11558__do_burn
FNDA:0,_RNvMs2_NtNtCsdvcNaYVB9b9_19openzeppelin_stylus5token7erc1155NtB5_7Erc115521do_safe_transfer_from
FNDA:0,_RNvMs2_NtNtCsdvcNaYVB9b9_19openzeppelin_stylus5token7erc1155NtB5_7Erc11559do_update
FNDA:0,_RNvMs2_NtNtCsdvcNaYVB9b9_19openzeppelin_stylus5token7erc1155NtB5_7Erc115518authorize_transfer
FNDA:0,_RNvMs3_NtNtCsdvcNaYVB9b9_19openzeppelin_stylus5token7erc1155NtB5_19Erc1155ReceiverData3new
FNDA:0,_RNvMs3_NtNtCsdvcNaYVB9b9_19openzeppelin_stylus5token7erc1155NtB5_19Erc1155ReceiverData6single
FNDA:0,_RNvMs3_NtNtCsdvcNaYVB9b9_19openzeppelin_stylus5token7erc1155NtB5_19Erc1155ReceiverData5batch
FNDA:0,_RNvXsl_NtNtCsdvcNaYVB9b9_19openzeppelin_stylus5token7erc1155NtB5_5ErrorINtNtCsgjpIjOj3Vii_4core7convert4FromNtB5_26ERC1155InsufficientBalanceE4from
FNDA:0,_RNvXsm_NtNtCsdvcNaYVB9b9_19openzeppelin_stylus5token7erc1155NtB5_5ErrorINtNtCsgjpIjOj3Vii_4core7convert4FromNtB5_20ERC1155InvalidSenderE4from
FNDA:0,_RNvXsn_NtNtCsdvcNaYVB9b9_19openzeppelin_stylus5token7erc1155NtB5_5ErrorINtNtCsgjpIjOj3Vii_4core7convert4FromNtB5_22ERC1155InvalidReceiverE4from
FNDA:0,_RNvXso_NtNtCsdvcNaYVB9b9_19openzeppelin_stylus5token7erc1155NtB5_5ErrorINtNtCsgjpIjOj3Vii_4core7convert4FromNtNtNtCs26a1fVprefy_10stylus_sdk4call5error5ErrorE4from
FNDA:0,_RNvXsp_NtNtCsdvcNaYVB9b9_19openzeppelin_stylus5token7erc1155NtB5_5ErrorINtNtCsgjpIjOj3Vii_4core7convert4FromNtB5_28ERC1155MissingApprovalForAllE4from
FNDA:0,_RNvXsq_NtNtCsdvcNaYVB9b9_19openzeppelin_stylus5token7erc1155NtB5_5ErrorINtNtCsgjpIjOj3Vii_4core7convert4FromNtB5_22ERC1155InvalidApproverE4from
FNDA:0,_RNvXsr_NtNtCsdvcNaYVB9b9_19openzeppelin_stylus5token7erc1155NtB5_5ErrorINtNtCsgjpIjOj3Vii_4core7convert4FromNtB5_22ERC1155InvalidOperatorE4from
FNDA:0,_RNvXss_NtNtCsdvcNaYVB9b9_19openzeppelin_stylus5token7erc1155NtB5_5ErrorINtNtCsgjpIjOj3Vii_4core7convert4FromNtB5_25ERC1155InvalidArrayLengthE4from
FNDA:0,_RNvMsv_NtNtCsdvcNaYVB9b9_19openzeppelin_stylus5token7erc1155NtB5_7Erc115514required_slots
FNDA:0,_RNvXsw_NtNtCsdvcNaYVB9b9_19openzeppelin_stylus5token7erc1155NtB5_7Erc1155NtNtNtCs26a1fVprefy_10stylus_sdk7storage6traits11StorageType3new
FNDA:0,_RNvXsw_NtNtCsdvcNaYVB9b9_19openzeppelin_stylus5token7erc1155NtB5_7Erc1155NtNtNtCs26a1fVprefy_10stylus_sdk7storage6traits11StorageType4load
FNDA:0,_RNvXsw_NtNtCsdvcNaYVB9b9_19openzeppelin_stylus5token7erc1155NtB5_7Erc1155NtNtNtCs26a1fVprefy_10stylus_sdk7storage6traits11StorageType8load_mut
FNDA:0,_RNvXsx_NtNtCsdvcNaYVB9b9_19openzeppelin_stylus5token7erc1155NtB5_7Erc1155NtB5_8IErc115510balance_of
FNDA:0,_RNvXsx_NtNtCsdvcNaYVB9b9_19openzeppelin_stylus5token7erc1155NtB5_7Erc1155NtB5_8IErc115516balance_of_batch
FNDA:0,_RNvXsx_NtNtCsdvcNaYVB9b9_19openzeppelin_stylus5token7erc1155NtB5_7Erc1155NtB5_8IErc115520set_approval_for_all
FNDA:0,_RNvXsx_NtNtCsdvcNaYVB9b9_19openzeppelin_stylus5token7erc1155NtB5_7Erc1155NtB5_8IErc115519is_approved_for_all
FNDA:0,_RNvXsx_NtNtCsdvcNaYVB9b9_19openzeppelin_stylus5token7erc1155NtB5_7Erc1155NtB5_8IErc115518safe_transfer_from
FNDA:0,_RNvXsx_NtNtCsdvcNaYVB9b9_19openzeppelin_stylus5token7erc1155NtB5_7Erc1155NtB5_8IErc115524safe_batch_transfer_from
FNDA:0,_RNvXs_NvNtNtCsdvcNaYVB9b9_19openzeppelin_stylus5token7erc11551__NtNtCs4lfFb1mHeP0_16alloy_primitives3log7LogDataINtNtCsgjpIjOj3Vii_4core7convert4FromRNtB6_14TransferSingleE4fromBa_
FNDA:0,_RNCNvXs_NvNtNtCsdvcNaYVB9b9_19openzeppelin_stylus5token7erc11551__NtNtCs4lfFb1mHeP0_16alloy_primitives3log7LogDataINtNtCsgjpIjOj3Vii_4core7convert4FromRNtB8_14TransferSingleE4from0Bc_
FNDA:0,_RNvXs_NvNtNtCsdvcNaYVB9b9_19openzeppelin_stylus5token7erc1155s_1__NtNtCs4lfFb1mHeP0_16alloy_primitives3log7LogDataINtNtCsgjpIjOj3Vii_4core7convert4FromRNtB6_13TransferBatchE4fromBa_
FNDA:0,_RNCNvXs_NvNtNtCsdvcNaYVB9b9_19openzeppelin_stylus5token7erc1155s_1__NtNtCs4lfFb1mHeP0_16alloy_primitives3log7LogDataINtNtCsgjpIjOj3Vii_4core7convert4FromRNtB8_13TransferBatchE4from0Bc_
FNDA:0,_RNvXs_NvNtNtCsdvcNaYVB9b9_19openzeppelin_stylus5token7erc1155s0_1__NtNtCs4lfFb1mHeP0_16alloy_primitives3log7LogDataINtNtCsgjpIjOj3Vii_4core7convert4FromRNtB6_14ApprovalForAllE4fromBa_
FNDA:0,_RNCNvXs_NvNtNtCsdvcNaYVB9b9_19openzeppelin_stylus5token7erc1155s0_1__NtNtCs4lfFb1mHeP0_16alloy_primitives3log7LogDataINtNtCsgjpIjOj3Vii_4core7convert4FromRNtB8_14ApprovalForAllE4from0Bc_
FNDA:67,_RINvMs2_NtNtCs2DsLaG5kw0h_19openzeppelin_stylus5token7erc1155NtB6_7Erc115527require_equal_arrays_lengthINtCs33r0PDY7Zz1_5ruint4UintKj100_Kj4_EB1D_EBa_
FNDA:5,_RINvMs2_NtNtCs2DsLaG5kw0h_19openzeppelin_stylus5token7erc1155NtB6_7Erc115527require_equal_arrays_lengthINtCs33r0PDY7Zz1_5ruint4UintKj100_Kj4_ENtNtNtCs4lfFb1mHeP0_16alloy_primitives4bits7address7AddressEBa_
FNDA:16,_RNCNvXsx_NtNtCs2DsLaG5kw0h_19openzeppelin_stylus5token7erc1155NtB7_7Erc1155NtB7_8IErc115516balance_of_batch0Bb_
FNDA:0,_RNvXs_NvNtNtCs2DsLaG5kw0h_19openzeppelin_stylus5token7erc11551__NtNtCs4lfFb1mHeP0_16alloy_primitives3log7LogDataINtNtCsgjpIjOj3Vii_4core7convert4FromRNtB6_14TransferSingleE4fromBa_
FNDA:0,_RNCNvXs_NvNtNtCs2DsLaG5kw0h_19openzeppelin_stylus5token7erc11551__NtNtCs4lfFb1mHeP0_16alloy_primitives3log7LogDataINtNtCsgjpIjOj3Vii_4core7convert4FromRNtB8_14TransferSingleE4from0Bc_
FNDA:0,_RNvXs_NvNtNtCs2DsLaG5kw0h_19openzeppelin_stylus5token7erc1155s_1__NtNtCs4lfFb1mHeP0_16alloy_primitives3log7LogDataINtNtCsgjpIjOj3Vii_4core7convert4FromRNtB6_13TransferBatchE4fromBa_
FNDA:0,_RNCNvXs_NvNtNtCs2DsLaG5kw0h_19openzeppelin_stylus5token7erc1155s_1__NtNtCs4lfFb1mHeP0_16alloy_primitives3log7LogDataINtNtCsgjpIjOj3Vii_4core7convert4FromRNtB8_13TransferBatchE4from0Bc_
FNDA:0,_RNvXs_NvNtNtCs2DsLaG5kw0h_19openzeppelin_stylus5token7erc1155s0_1__NtNtCs4lfFb1mHeP0_16alloy_primitives3log7LogDataINtNtCsgjpIjOj3Vii_4core7convert4FromRNtB6_14ApprovalForAllE4fromBa_
FNDA:0,_RNCNvXs_NvNtNtCs2DsLaG5kw0h_19openzeppelin_stylus5token7erc1155s0_1__NtNtCs4lfFb1mHeP0_16alloy_primitives3log7LogDataINtNtCsgjpIjOj3Vii_4core7convert4FromRNtB8_14ApprovalForAllE4from0Bc_
FNDA:0,_RNvNvNtNtCs2DsLaG5kw0h_19openzeppelin_stylus5token7erc1155s1_1__15__type_assertion
FNDA:0,_RNvNvNtNtCs2DsLaG5kw0h_19openzeppelin_stylus5token7erc1155s2_1__15__type_assertion
FNDA:0,_RNvNvNtNtCs2DsLaG5kw0h_19openzeppelin_stylus5token7erc1155s3_1__15__type_assertion
FNDA:0,_RNvNvNtNtCs2DsLaG5kw0h_19openzeppelin_stylus5token7erc1155s4_1__15__type_assertion
FNDA:0,_RNvNvNtNtCs2DsLaG5kw0h_19openzeppelin_stylus5token7erc1155s5_1__15__type_assertion
FNDA:0,_RNvNvNtNtCs2DsLaG5kw0h_19openzeppelin_stylus5token7erc1155s6_1__15__type_assertion
FNDA:0,_RNvNvNtNtCs2DsLaG5kw0h_19openzeppelin_stylus5token7erc1155s7_1__15__type_assertion
FNDA:0,_RNvXsl_NtNtCs2DsLaG5kw0h_19openzeppelin_stylus5token7erc1155NtB5_5ErrorINtNtCsgjpIjOj3Vii_4core7convert4FromNtB5_26ERC1155InsufficientBalanceE4from
FNDA:0,_RNvXsm_NtNtCs2DsLaG5kw0h_19openzeppelin_stylus5token7erc1155NtB5_5ErrorINtNtCsgjpIjOj3Vii_4core7convert4FromNtB5_20ERC1155InvalidSenderE4from
FNDA:0,_RNvXso_NtNtCs2DsLaG5kw0h_19openzeppelin_stylus5token7erc1155NtB5_5ErrorINtNtCsgjpIjOj3Vii_4core7convert4FromNtNtNtCs26a1fVprefy_10stylus_sdk4call5error5ErrorE4from
FNDA:0,_RNvXsp_NtNtCs2DsLaG5kw0h_19openzeppelin_stylus5token7erc1155NtB5_5ErrorINtNtCsgjpIjOj3Vii_4core7convert4FromNtB5_28ERC1155MissingApprovalForAllE4from
FNDA:0,_RNvXsq_NtNtCs2DsLaG5kw0h_19openzeppelin_stylus5token7erc1155NtB5_5ErrorINtNtCsgjpIjOj3Vii_4core7convert4FromNtB5_22ERC1155InvalidApproverE4from
FNDA:0,_RNvXsr_NtNtCs2DsLaG5kw0h_19openzeppelin_stylus5token7erc1155NtB5_5ErrorINtNtCsgjpIjOj3Vii_4core7convert4FromNtB5_22ERC1155InvalidOperatorE4from
[...]
FNDA:48,_RINvXs0_NtCs76GuJUV9HC1_19openzeppelin_crypto6keccakAhj20_NtNtB8_4hash4Hash4hashNtB6_9Keccak256EB8_
FNDA:29,_RNvXNtCs76GuJUV9HC1_19openzeppelin_crypto6keccakNtB2_13KeccakBuilderNtNtB4_4hash11BuildHasher12build_hasherB4_
FNDA:29,_RNvXs_NtCs76GuJUV9HC1_19openzeppelin_crypto6keccakNtB4_9Keccak256NtNtB6_4hash6Hasher8finalize
FNF:4
FNH:4
DA:17,29
DA:18,29
DA:19,29
DA:31,58
DA:32,58
DA:33,58
DA:35,29
DA:36,29
DA:37,29
DA:38,29
DA:39,29
DA:44,48
DA:45,48
DA:46,48
BRF:0
BRH:0
LF:14
LH:14
end_of_record
SF:/home/nenad/repos/rust-contracts-stylus/lib/crypto/src/merkle.rs
FN:60,_RNvMNtCsjFIu2ujEp9v_19openzeppelin_crypto6merkleNtB2_8Verifier6verify
FN:129,_RNvMNtCsjFIu2ujEp9v_19openzeppelin_crypto6merkleNtB2_8Verifier18verify_multi_proof
FN:341,_RNvXs0_NtCsjFIu2ujEp9v_19openzeppelin_crypto6merkleNtB5_15MultiProofErrorNtNtCsgjpIjOj3Vii_4core3fmt7Display3fmt
FN:179,_RNvMs_NtCsjFIu2ujEp9v_19openzeppelin_crypto6merkleNtB4_8Verifier19verify_with_builderB6_
FN:258,_RNvMs_NtCsjFIu2ujEp9v_19openzeppelin_crypto6merkleNtB4_8Verifier31verify_multi_proof_with_builderB6_
FN:273,_RNCNvMs_NtCsjFIu2ujEp9v_19openzeppelin_crypto6merkleNtB6_8Verifier31verify_multi_proof_with_builder0B8_
FN:341,_RNvXs0_NtCs76GuJUV9HC1_19openzeppelin_crypto6merkleNtB5_15MultiProofErrorNtNtCsgjpIjOj3Vii_4core3fmt7Display3fmt
FN:179,_RNvMs_NtCs76GuJUV9HC1_19openzeppelin_crypto6merkleNtB4_8Verifier19verify_with_builderB6_
FN:258,_RNvMs_NtCs76GuJUV9HC1_19openzeppelin_crypto6merkleNtB4_8Verifier31verify_multi_proof_with_builderB6_
FN:273,_RNCNvMs_NtCs76GuJUV9HC1_19openzeppelin_crypto6merkleNtB6_8Verifier31verify_multi_proof_with_builder0B8_
FN:60,_RNvMNtCs76GuJUV9HC1_19openzeppelin_crypto6merkleNtB2_8Verifier6verify
FN:129,_RNvMNtCs76GuJUV9HC1_19openzeppelin_crypto6merkleNtB2_8Verifier18verify_multi_proof
FN:386,_RNvNtNtCs76GuJUV9HC1_19openzeppelin_crypto6merkle5testss_21verifies_valid_proofs
FN:422,_RNvNtNtCs76GuJUV9HC1_19openzeppelin_crypto6merkle5testss_22rejects_invalid_proofs
FN:442,_RNvNtNtCs76GuJUV9HC1_19openzeppelin_crypto6merkle5testss_34rejects_proofs_with_invalid_length
FN:465,_RNvNtNtCs76GuJUV9HC1_19openzeppelin_crypto6merkle5testss_26verifies_valid_multi_proof
FN:493,_RNvNtNtCs76GuJUV9HC1_19openzeppelin_crypto6merkle5testss_27rejects_invalid_multi_proof
FN:519,_RNvNtNtCs76GuJUV9HC1_19openzeppelin_crypto6merkle5testss_33errors_invalid_multi_proof_leaves
FN:555,_RNvNtNtCs76GuJUV9HC1_19openzeppelin_crypto6merkle5testss_30errors_multi_proof_len_invalid
FN:591,_RNvNtNtCs76GuJUV9HC1_19openzeppelin_crypto6merkle5testss_32verifies_single_leaf_multi_proof
FN:614,_RNvNtNtCs76GuJUV9HC1_19openzeppelin_crypto6merkle5testss_33verifies_empty_leaves_multi_proof
FN:633,_RNvNtNtCs76GuJUV9HC1_19openzeppelin_crypto6merkle5testss_30errors_manipulated_multi_proof
FNDA:0,_RNvMNtCsjFIu2ujEp9v_19openzeppelin_crypto6merkleNtB2_8Verifier6verify
FNDA:0,_RNvMNtCsjFIu2ujEp9v_19openzeppelin_crypto6merkleNtB2_8Verifier18verify_multi_proof
FNDA:0,_RNvXs0_NtCsjFIu2ujEp9v_19openzeppelin_crypto6merkleNtB5_15MultiProofErrorNtNtCsgjpIjOj3Vii_4core3fmt7Display3fmt
FNDA:0,_RNvMs_NtCsjFIu2ujEp9v_19openzeppelin_crypto6merkleNtB4_8Verifier19verify_with_builderB6_
FNDA:0,_RNvMs_NtCsjFIu2ujEp9v_19openzeppelin_crypto6merkleNtB4_8Verifier31verify_multi_proof_with_builderB6_
FNDA:0,_RNCNvMs_NtCsjFIu2ujEp9v_19openzeppelin_crypto6merkleNtB6_8Verifier31verify_multi_proof_with_builder0B8_
FNDA:0,_RNvXs0_NtCs76GuJUV9HC1_19openzeppelin_crypto6merkleNtB5_15MultiProofErrorNtNtCsgjpIjOj3Vii_4core3fmt7Display3fmt
FNDA:4,_RNvMs_NtCs76GuJUV9HC1_19openzeppelin_crypto6merkleNtB4_8Verifier19verify_with_builderB6_
FNDA:7,_RNvMs_NtCs76GuJUV9HC1_19openzeppelin_crypto6merkleNtB4_8Verifier31verify_multi_proof_with_builderB6_
FNDA:1,_RNCNvMs_NtCs76GuJUV9HC1_19openzeppelin_crypto6merkleNtB6_8Verifier31verify_multi_proof_with_builder0B8_
FNDA:4,_RNvMNtCs76GuJUV9HC1_19openzeppelin_crypto6merkleNtB2_8Verifier6verify
FNDA:7,_RNvMNtCs76GuJUV9HC1_19openzeppelin_crypto6merkleNtB2_8Verifier18verify_multi_proof
FNDA:1,_RNvNtNtCs76GuJUV9HC1_19openzeppelin_crypto6merkle5testss_21verifies_valid_proofs
FNDA:1,_RNvNtNtCs76GuJUV9HC1_19openzeppelin_crypto6merkle5testss_22rejects_invalid_proofs
FNDA:1,_RNvNtNtCs76GuJUV9HC1_19openzeppelin_crypto6merkle5testss_34rejects_proofs_with_invalid_length
FNDA:1,_RNvNtNtCs76GuJUV9HC1_19openzeppelin_crypto6merkle5testss_26verifies_valid_multi_proof
FNDA:1,_RNvNtNtCs76GuJUV9HC1_19openzeppelin_crypto6merkle5testss_27rejects_invalid_multi_proof
FNDA:1,_RNvNtNtCs76GuJUV9HC1_19openzeppelin_crypto6merkle5testss_33errors_invalid_multi_proof_leaves
FNDA:1,_RNvNtNtCs76GuJUV9HC1_19openzeppelin_crypto6merkle5testss_30errors_multi_proof_len_invalid
FNDA:1,_RNvNtNtCs76GuJUV9HC1_19openzeppelin_crypto6merkle5testss_32verifies_single_leaf_multi_proof
FNDA:1,_RNvNtNtCs76GuJUV9HC1_19openzeppelin_crypto6merkle5testss_33verifies_empty_leaves_multi_proof
FNDA:1,_RNvNtNtCs76GuJUV9HC1_19openzeppelin_crypto6merkle5testss_30errors_manipulated_multi_proof
FNF:16
FNH:15
DA:60,4
DA:61,4
DA:62,4
DA:129,7
DA:130,7
DA:131,7
DA:132,7
DA:133,7
DA:134,7
DA:135,7
DA:136,7
DA:137,7
DA:138,7
DA:139,7
DA:140,7
DA:141,7
DA:142,7
DA:179,4
DA:180,4
DA:181,4
DA:182,4
DA:183,4
DA:184,4
DA:185,17
DA:186,13
DA:187,13
DA:189,4
DA:190,4
DA:258,7
DA:259,7
DA:260,7
DA:261,7
DA:262,7
DA:263,7
DA:264,7
DA:265,7
DA:266,7
DA:267,1
DA:268,6
DA:269,6
DA:273,2
DA:274,2
DA:275,4
DA:276,4
DA:277,4
DA:278,4
DA:279,4
DA:280,4
DA:281,4
DA:282,4
DA:283,4
DA:284,4
DA:290,14
DA:291,12
DA:292,12
DA:293,12
DA:294,12
DA:295,12
DA:296,6
DA:297,6
DA:298,6
DA:299,5
DA:301,6
DA:302,6
DA:303,6
DA:304,5
DA:307,10
DA:308,10
DA:312,2
DA:313,2
DA:314,7
DA:341,0
DA:342,0
DA:343,0
DA:344,0
DA:346,0
DA:350,0
DA:351,0
DA:386,1
DA:387,1
DA:388,1
DA:389,1
DA:390,1
DA:391,1
DA:392,1
DA:393,1
DA:394,1
DA:395,1
DA:396,1
DA:397,1
DA:398,1
DA:399,1
DA:400,1
DA:401,1
DA:402,1
DA:403,1
DA:404,1
DA:405,1
DA:406,1
DA:407,1
DA:408,1
DA:409,1
DA:410,1
DA:411,1
DA:412,1
DA:414,1
DA:415,1
DA:416,1
DA:417,1
DA:418,1
DA:419,1
DA:422,1
DA:423,1
DA:424,1
DA:425,1
DA:426,1
DA:427,1
DA:428,1
DA:429,1
DA:430,1
DA:431,1
DA:432,1
DA:433,1
DA:434,1
DA:435,1
DA:436,1
DA:437,1
DA:438,1
DA:439,1
DA:442,1
DA:443,1
DA:444,1
DA:445,1
DA:446,1
DA:447,1
DA:448,1
DA:449,1
DA:450,1
DA:451,1
DA:452,1
DA:453,1
DA:454,1
DA:455,1
DA:456,1
DA:457,1
DA:458,1
DA:459,1
DA:460,1
DA:461,1
DA:462,1
DA:465,1
DA:466,1
DA:467,1
DA:468,1
DA:469,1
DA:470,1
DA:471,1
DA:472,1
DA:473,1
DA:474,1
DA:475,1
DA:476,1
DA:477,1
DA:478,1
DA:479,1
DA:480,1
DA:481,1
DA:482,1
DA:483,1
DA:484,1
DA:485,1
DA:486,1
DA:487,1
DA:488,1
DA:489,1
DA:490,1
DA:493,1
DA:494,1
DA:495,1
DA:496,1
DA:497,1
DA:498,1
DA:499,1
DA:500,1
DA:501,1
DA:502,1
DA:503,1
DA:504,1
DA:505,1
DA:506,1
DA:507,1
DA:508,1
DA:509,1
DA:510,1
DA:511,1
DA:512,1
DA:513,1
DA:514,1
DA:515,1
DA:516,1
DA:519,1
DA:520,1
DA:521,1
DA:522,1
DA:523,1
DA:524,1
DA:525,1
DA:526,1
DA:527,1
DA:528,1
DA:529,1
DA:530,1
DA:531,1
DA:532,1
DA:533,1
DA:534,1
DA:535,1
DA:536,1
DA:537,1
DA:538,1
DA:539,1
DA:540,1
DA:541,1
DA:542,1
DA:543,1
DA:544,1
DA:545,1
DA:546,1
DA:547,1
DA:548,1
DA:549,1
DA:550,1
DA:551,1
DA:552,1
DA:555,1
DA:556,1
DA:557,1
DA:558,1
DA:559,1
DA:560,1
DA:561,1
DA:562,1
DA:563,1
DA:564,1
DA:565,1
DA:566,1
DA:567,1
DA:568,1
DA:569,1
DA:570,1
DA:571,1
DA:572,1
DA:573,1
DA:574,1
DA:575,1
DA:576,1
DA:577,1
DA:578,1
DA:579,1
DA:580,1
DA:581,1
DA:582,1
DA:583,1
DA:584,1
DA:585,1
DA:586,1
DA:587,1
DA:588,1
DA:591,1
DA:592,1
DA:593,1
DA:594,1
DA:595,1
DA:596,1
DA:597,1
DA:598,1
DA:599,1
DA:600,1
DA:601,1
DA:602,1
DA:603,1
DA:604,1
DA:605,1
DA:606,1
DA:607,1
DA:608,1
DA:609,1
DA:610,1
DA:611,1
DA:614,1
DA:615,1
DA:616,1
DA:617,1
DA:618,1
DA:619,1
DA:620,1
DA:621,1
DA:622,1
DA:623,1
DA:624,1
DA:625,1
DA:626,1
DA:627,1
DA:628,1
DA:633,1
DA:634,1
DA:635,1
DA:636,1
DA:637,1
DA:638,1
DA:639,1
DA:640,1
DA:641,1
DA:642,1
DA:643,1
DA:644,1
DA:645,1
DA:646,1
DA:647,1
DA:648,1
DA:649,1
DA:650,1
DA:651,1
DA:652,1
DA:653,1
DA:654,1
DA:655,1
DA:656,1
DA:657,1
DA:658,1
DA:659,1
DA:660,1
DA:661,1
DA:662,1
DA:663,1
BRF:0
BRH:0
LF:336
LH:329
end_of_record
SF:/home/nenad/repos/rust-contracts-stylus/lib/e2e-proc/src/lib.rs
FN:19,_RNvCsaGdr4rNHdZd_8e2e_proc4test
FN:19,_RNvCsatU40YpVBgL_8e2e_proc4test
FNDA:0,_RNvCsaGdr4rNHdZd_8e2e_proc4test
FNDA:0,_RNvCsatU40YpVBgL_8e2e_proc4test
FNF:1
FNH:0
DA:19,0
DA:20,0
DA:21,0
BRF:0
BRH:0
LF:3
LH:0
end_of_record
SF:/home/nenad/repos/rust-contracts-stylus/lib/e2e-proc/src/test.rs
FN:19,_RNvNtCsaGdr4rNHdZd_8e2e_proc4test4test
FN:28,_RNCNvNtCsaGdr4rNHdZd_8e2e_proc4test4test0B5_
FN:28,_RNCNvNtCsatU40YpVBgL_8e2e_proc4test4test0B5_
FN:19,_RNvNtCsatU40YpVBgL_8e2e_proc4test4test
FNDA:0,_RNvNtCsaGdr4rNHdZd_8e2e_proc4test4test
FNDA:0,_RNCNvNtCsaGdr4rNHdZd_8e2e_proc4test4test0B5_
FNDA:0,_RNCNvNtCsatU40YpVBgL_8e2e_proc4test4test0B5_
FNDA:0,_RNvNtCsatU40YpVBgL_8e2e_proc4test4test
FNF:2
FNH:0
DA:19,0
DA:20,0
DA:21,0
DA:22,0
DA:23,0
DA:24,0
DA:25,0
DA:26,0
DA:27,0
DA:28,0
DA:29,0
DA:30,0
DA:32,0
DA:33,0
DA:34,0
DA:35,0
DA:36,0
DA:37,0
DA:38,0
DA:39,0
DA:40,0
DA:41,0
DA:42,0
DA:43,0
DA:44,0
DA:45,0
DA:46,0
DA:47,0
BRF:0
BRH:0
LF:30
LH:0
end_of_record
SF:/home/nenad/repos/rust-contracts-stylus/lib/motsu-proc/src/lib.rs
FN:55,_RNvCsdYU354DO38C_10motsu_proc4test
FN:55,_RNvCsl9RGMSBrJHR_10motsu_proc4test
FNDA:267,_RNvCsdYU354DO38C_10motsu_proc4test
FNDA:0,_RNvCsl9RGMSBrJHR_10motsu_proc4test
FNF:1
FNH:1
DA:55,267
DA:56,267
DA:57,267
BRF:0
BRH:0
LF:3
LH:3
end_of_record
SF:/home/nenad/repos/rust-contracts-stylus/lib/motsu-proc/src/test.rs
FN:24,_RNCNvNtCsdYU354DO38C_10motsu_proc4test4test0B5_
FN:9,_RNvNtCsdYU354DO38C_10motsu_proc4test4test
FN:9,_RNvNtCsl9RGMSBrJHR_10motsu_proc4test4test
FN:24,_RNCNvNtCsl9RGMSBrJHR_10motsu_proc4test4test0B5_
FNDA:258,_RNCNvNtCsdYU354DO38C_10motsu_proc4test4test0B5_
FNDA:267,_RNvNtCsdYU354DO38C_10motsu_proc4test4test
FNDA:0,_RNvNtCsl9RGMSBrJHR_10motsu_proc4test4test
FNDA:0,_RNCNvNtCsl9RGMSBrJHR_10motsu_proc4test4test0B5_
FNF:2
FNH:2
DA:9,267
DA:10,267
DA:11,267
DA:12,267
DA:13,267
DA:14,267
DA:15,267
DA:16,267
DA:17,267
DA:18,267
DA:19,267
DA:20,0
DA:21,267
DA:22,267
DA:23,267
DA:24,267
DA:25,258
DA:26,0
DA:28,258
DA:29,258
DA:30,258
DA:31,258
DA:32,258
DA:33,258
DA:34,258
DA:35,258
DA:36,258
DA:37,267
DA:38,267
DA:39,267
DA:40,267
DA:41,267
DA:42,267
DA:43,267
DA:44,267
DA:45,267
DA:46,267
DA:47,267
DA:48,267
DA:49,267
DA:50,267
DA:51,267
DA:52,267
DA:53,267
DA:54,267
BRF:0
BRH:0
LF:47
LH:45
end_of_record
SF:/home/nenad/repos/rust-contracts-stylus/lib/motsu/src/context.rs
FN:51,_RNvMNtCsm0CUW1LmTM_5motsu7contextNtB2_7Context13reset_storage
FN:104,_RNvYpNtNtCsm0CUW1LmTM_5motsu7context14DefaultStorage7defaultB7_
FN:20,_RNvMNtCsm0CUW1LmTM_5motsu7contextNtB2_7Context7current
FN:25,_RNvMNtCsm0CUW1LmTM_5motsu7contextNtB2_7Context9get_bytes
FN:31,_RNvMNtCsm0CUW1LmTM_5motsu7contextNtB2_7Context13get_bytes_raw
FN:38,_RNvMNtCsm0CUW1LmTM_5motsu7contextNtB2_7Context9set_bytes
FN:44,_RNvMNtCsm0CUW1LmTM_5motsu7contextNtB2_7Context13set_bytes_raw
FN:70,_RNvMs_NtCsm0CUW1LmTM_5motsu7contextNtB4_10ThreadName7current
FN:87,_RNvNtCsm0CUW1LmTM_5motsu7context12read_bytes32
FN:94,_RNvNtCsm0CUW1LmTM_5motsu7context13write_bytes32
FN:104,_RNvYNtNtNtCs2DsLaG5kw0h_19openzeppelin_stylus6access7control13AccessControlNtNtCsiMzE4YgFsrN_5motsu7context14DefaultStorage7defaultB8_
FN:104,_RNvYNtNtNtNtNtCs2DsLaG5kw0h_19openzeppelin_stylus5token6erc72110extensions11consecutive17Erc721ConsecutiveNtNtCsiMzE4YgFsrN_5motsu7context14DefaultStorage7defaultBc_
FN:104,_RNvYNtNtNtNtNtCs2DsLaG5kw0h_19openzeppelin_stylus5token5erc2010extensions6capped6CappedNtNtCsiMzE4YgFsrN_5motsu7context14DefaultStorage7defaultBc_
FN:104,_RNvYNtNtNtNtCs2DsLaG5kw0h_19openzeppelin_stylus7finance14vesting_wallet8sol_defs13VestingWalletNtNtCsiMzE4YgFsrN_5motsu7context14DefaultStorage7defaultBa_
FN:104,_RNvYNtNtNtCs2DsLaG5kw0h_19openzeppelin_stylus5token6erc7216Erc721NtNtCsiMzE4YgFsrN_5motsu7context14DefaultStorage7defaultB8_
FN:104,_RNvYNtNtNtCs2DsLaG5kw0h_19openzeppelin_stylus5token7erc11557Erc1155NtNtCsiMzE4YgFsrN_5motsu7context14DefaultStorage7defaultB8_
FN:104,_RNvYNtNtNtCs2DsLaG5kw0h_19openzeppelin_stylus5utils6nonces6NoncesNtNtCsiMzE4YgFsrN_5motsu7context14DefaultStorage7defaultB8_
FN:104,_RNvYNtNtNtCs2DsLaG5kw0h_19openzeppelin_stylus6access16ownable_two_step12Ownable2StepNtNtCsiMzE4YgFsrN_5motsu7context14DefaultStorage7defaultB8_
FN:104,_RNvYNtNtNtNtCs2DsLaG5kw0h_19openzeppelin_stylus5utils7structs6bitmap6BitMapNtNtCsiMzE4YgFsrN_5motsu7context14DefaultStorage7defaultBa_
FN:104,_RNvYNtNtNtNtNtNtCs2DsLaG5kw0h_19openzeppelin_stylus5token6erc72110extensions11uri_storage5tests21Erc721MetadataExampleNtNtCsiMzE4YgFsrN_5motsu7context14DefaultStorage7defaultBe_
FN:104,_RNvYNtNtNtCs2DsLaG5kw0h_19openzeppelin_stylus5token5erc205Erc20NtNtCsiMzE4YgFsrN_5motsu7context14DefaultStorage7defaultB8_
FN:104,_RNvYINtNtNtNtCs2DsLaG5kw0h_19openzeppelin_stylus5utils7structs11checkpoints5TraceNtNtB5_12generic_size4S160ENtNtCsiMzE4YgFsrN_5motsu7context14DefaultStorage7defaultBb_
FN:104,_RNvYNtNtNtNtNtCs2DsLaG5kw0h_19openzeppelin_stylus5token6erc72110extensions10enumerable16Erc721EnumerableNtNtCsiMzE4YgFsrN_5motsu7context14DefaultStorage7defaultBc_
FN:104,_RNvYNtNtNtCs2DsLaG5kw0h_19openzeppelin_stylus6access7ownable7OwnableNtNtCsiMzE4YgFsrN_5motsu7context14DefaultStorage7defaultB8_
FN:104,_RNvYNtNtNtCs2DsLaG5kw0h_19openzeppelin_stylus5utils8pausable8PausableNtNtCsiMzE4YgFsrN_5motsu7context14DefaultStorage7defaultB8_
FN:20,_RNvMNtCsiMzE4YgFsrN_5motsu7contextNtB2_7Context7current
FN:25,_RNvMNtCsiMzE4YgFsrN_5motsu7contextNtB2_7Context9get_bytes
FN:31,_RNvMNtCsiMzE4YgFsrN_5motsu7contextNtB2_7Context13get_bytes_raw
FN:38,_RNvMNtCsiMzE4YgFsrN_5motsu7contextNtB2_7Context9set_bytes
FN:44,_RNvMNtCsiMzE4YgFsrN_5motsu7contextNtB2_7Context13set_bytes_raw
FN:51,_RNvMNtCsiMzE4YgFsrN_5motsu7contextNtB2_7Context13reset_storage
FN:70,_RNvMs_NtCsiMzE4YgFsrN_5motsu7contextNtB4_10ThreadName7current
FN:87,_RNvNtCsiMzE4YgFsrN_5motsu7context12read_bytes32
FN:94,_RNvNtCsiMzE4YgFsrN_5motsu7context13write_bytes32
FNDA:0,_RNvMNtCsm0CUW1LmTM_5motsu7contextNtB2_7Context13reset_storage
FNDA:0,_RNvYpNtNtCsm0CUW1LmTM_5motsu7context14DefaultStorage7defaultB7_
FNDA:0,_RNvMNtCsm0CUW1LmTM_5motsu7contextNtB2_7Context7current
FNDA:0,_RNvMNtCsm0CUW1LmTM_5motsu7contextNtB2_7Context9get_bytes
FNDA:0,_RNvMNtCsm0CUW1LmTM_5motsu7contextNtB2_7Context13get_bytes_raw
FNDA:0,_RNvMNtCsm0CUW1LmTM_5motsu7contextNtB2_7Context9set_bytes
FNDA:0,_RNvMNtCsm0CUW1LmTM_5motsu7contextNtB2_7Context13set_bytes_raw
FNDA:0,_RNvMs_NtCsm0CUW1LmTM_5motsu7contextNtB4_10ThreadName7current
FNDA:0,_RNvNtCsm0CUW1LmTM_5motsu7context12read_bytes32
FNDA:0,_RNvNtCsm0CUW1LmTM_5motsu7context13write_bytes32
FNDA:22,_RNvYNtNtNtCs2DsLaG5kw0h_19openzeppelin_stylus6access7control13AccessControlNtNtCsiMzE4YgFsrN_5motsu7context14DefaultStorage7defaultB8_
FNDA:21,_RNvYNtNtNtNtNtCs2DsLaG5kw0h_19openzeppelin_stylus5token6erc72110extensions11consecutive17Erc721ConsecutiveNtNtCsiMzE4YgFsrN_5motsu7context14DefaultStorage7defaultBc_
FNDA:1,_RNvYNtNtNtNtNtCs2DsLaG5kw0h_19openzeppelin_stylus5token5erc2010extensions6capped6CappedNtNtCsiMzE4YgFsrN_5motsu7context14DefaultStorage7defaultBc_
FNDA:8,_RNvYNtNtNtNtCs2DsLaG5kw0h_19openzeppelin_stylus7finance14vesting_wallet8sol_defs13VestingWalletNtNtCsiMzE4YgFsrN_5motsu7context14DefaultStorage7defaultBa_
FNDA:84,_RNvYNtNtNtCs2DsLaG5kw0h_19openzeppelin_stylus5token6erc7216Erc721NtNtCsiMzE4YgFsrN_5motsu7context14DefaultStorage7defaultB8_
FNDA:51,_RNvYNtNtNtCs2DsLaG5kw0h_19openzeppelin_stylus5token7erc11557Erc1155NtNtCsiMzE4YgFsrN_5motsu7context14DefaultStorage7defaultB8_
FNDA:4,_RNvYNtNtNtCs2DsLaG5kw0h_19openzeppelin_stylus5utils6nonces6NoncesNtNtCsiMzE4YgFsrN_5motsu7context14DefaultStorage7defaultB8_
FNDA:12,_RNvYNtNtNtCs2DsLaG5kw0h_19openzeppelin_stylus6access16ownable_two_step12Ownable2StepNtNtCsiMzE4YgFsrN_5motsu7context14DefaultStorage7defaultB8_
FNDA:768,_RNvYNtNtNtNtCs2DsLaG5kw0h_19openzeppelin_stylus5utils7structs6bitmap6BitMapNtNtCsiMzE4YgFsrN_5motsu7context14DefaultStorage7defaultBa_
FNDA:2,_RNvYNtNtNtNtNtNtCs2DsLaG5kw0h_19openzeppelin_stylus5token6erc72110extensions11uri_storage5tests21Erc721MetadataExampleNtNtCsiMzE4YgFsrN_5motsu7context14DefaultStorage7defaultBe_
FNDA:25,_RNvYNtNtNtCs2DsLaG5kw0h_19openzeppelin_stylus5token5erc205Erc20NtNtCsiMzE4YgFsrN_5motsu7context14DefaultStorage7defaultB8_
FNDA:8,_RNvYINtNtNtNtCs2DsLaG5kw0h_19openzeppelin_stylus5utils7structs11checkpoints5TraceNtNtB5_12generic_size4S160ENtNtCsiMzE4YgFsrN_5motsu7context14DefaultStorage7defaultBb_
FNDA:8,_RNvYNtNtNtNtNtCs2DsLaG5kw0h_19openzeppelin_stylus5token6erc72110extensions10enumerable16Erc721EnumerableNtNtCsiMzE4YgFsrN_5motsu7context14DefaultStorage7defaultBc_
FNDA:7,_RNvYNtNtNtCs2DsLaG5kw0h_19openzeppelin_stylus6access7ownable7OwnableNtNtCsiMzE4YgFsrN_5motsu7context14DefaultStorage7defaultB8_
FNDA:9,_RNvYNtNtNtCs2DsLaG5kw0h_19openzeppelin_stylus5utils8pausable8PausableNtNtCsiMzE4YgFsrN_5motsu7context14DefaultStorage7defaultB8_
FNDA:7860,_RNvMNtCsiMzE4YgFsrN_5motsu7contextNtB2_7Context7current
FNDA:5128,_RNvMNtCsiMzE4YgFsrN_5motsu7contextNtB2_7Context9get_bytes
FNDA:5128,_RNvMNtCsiMzE4YgFsrN_5motsu7contextNtB2_7Context13get_bytes_raw
FNDA:2467,_RNvMNtCsiMzE4YgFsrN_5motsu7contextNtB2_7Context9set_bytes
FNDA:2467,_RNvMNtCsiMzE4YgFsrN_5motsu7contextNtB2_7Context13set_bytes_raw
FNDA:265,_RNvMNtCsiMzE4YgFsrN_5motsu7contextNtB2_7Context13reset_storage
FNDA:7860,_RNvMs_NtCsiMzE4YgFsrN_5motsu7contextNtB4_10ThreadName7current
FNDA:10062,_RNvNtCsiMzE4YgFsrN_5motsu7context12read_bytes32
FNDA:5128,_RNvNtCsiMzE4YgFsrN_5motsu7context13write_bytes32
FNF:10
FNH:10
DA:20,7860
DA:21,7860
DA:22,7860
DA:25,5128
DA:26,5128
DA:27,5128
DA:28,5128
DA:31,5128
DA:32,5128
DA:33,5128
DA:34,5128
DA:35,5128
DA:38,2467
DA:39,2467
DA:40,2467
DA:41,2467
DA:44,2467
DA:45,2467
DA:46,2467
DA:47,2467
DA:51,265
DA:52,265
DA:53,265
DA:70,7860
DA:71,7860
DA:72,7860
DA:73,7860
DA:74,7860
DA:75,7860
DA:76,7860
DA:87,10062
DA:88,10062
DA:89,10062
DA:90,10062
DA:91,10062
DA:94,5128
DA:95,5128
DA:96,5128
DA:104,1030
DA:105,1030
DA:106,1030
BRF:0
BRH:0
LF:41
LH:41
end_of_record
SF:/home/nenad/repos/rust-contracts-stylus/lib/motsu/src/shims.rs
FN:113,_RNvNtCsm0CUW1LmTM_5motsu5shims19storage_flush_cache
FN:56,native_keccak256
FN:161,contract_address
FN:172,chainid
FN:204,account_codehash
FN:217,return_data_size
FN:233,read_return_data
FN:259,call_contract
FN:288,static_call_contract
FN:316,delegate_call_contract
FN:82,storage_load_bytes32
FN:101,storage_cache_bytes32
FN:113,_RNvNtCsiMzE4YgFsrN_5motsu5shims19storage_flush_cache
FN:147,msg_sender
FN:188,emit_log
FN:335,block_timestamp
FNDA:0,_RNvNtCsm0CUW1LmTM_5motsu5shims19storage_flush_cache
FNDA:0,native_keccak256
FNDA:0,contract_address
FNDA:0,chainid
FNDA:0,account_codehash
FNDA:0,return_data_size
FNDA:0,read_return_data
FNDA:0,call_contract
FNDA:0,static_call_contract
FNDA:0,delegate_call_contract
FNDA:5128,storage_load_bytes32
FNDA:2467,storage_cache_bytes32
FNDA:0,_RNvNtCsiMzE4YgFsrN_5motsu5shims19storage_flush_cache
FNDA:2,msg_sender
FNDA:247,emit_log
FNDA:1,block_timestamp
FNF:15
FNH:5
DA:56,0
DA:57,0
DA:58,0
DA:59,0
DA:60,0
DA:61,0
DA:62,0
DA:63,0
DA:64,0
DA:65,0
DA:66,0
DA:67,0
DA:68,0
DA:82,5128
DA:83,5128
DA:84,5128
DA:101,2467
DA:102,2467
DA:103,2467
DA:104,2467
DA:105,2467
DA:106,2467
DA:113,0
DA:114,0
DA:115,0
DA:147,2
DA:148,2
DA:149,2
DA:150,2
DA:161,0
DA:162,0
DA:163,0
DA:164,0
DA:165,0
DA:172,0
DA:173,0
DA:174,0
DA:188,247
DA:189,247
DA:190,247
DA:204,0
DA:205,0
DA:206,0
DA:207,0
DA:208,0
DA:209,0
DA:217,0
DA:218,0
DA:219,0
DA:220,0
DA:221,0
DA:222,0
DA:233,0
DA:234,0
DA:235,0
DA:236,0
DA:237,0
DA:238,0
DA:239,0
DA:240,0
DA:241,0
DA:242,0
DA:259,0
DA:260,0
DA:261,0
DA:262,0
DA:263,0
DA:264,0
DA:265,0
DA:266,0
DA:267,0
DA:268,0
DA:269,0
DA:270,0
DA:271,0
DA:288,0
DA:289,0
DA:290,0
DA:291,0
DA:292,0
DA:293,0
DA:294,0
DA:295,0
DA:296,0
DA:297,0
DA:298,0
DA:299,0
DA:316,0
DA:317,0
DA:318,0
DA:319,0
DA:320,0
DA:321,0
DA:322,0
DA:323,0
DA:324,0
DA:325,0
DA:326,0
DA:327,0
DA:335,1
DA:336,1
DA:337,1
DA:338,1
BRF:0
BRH:0
LF:103
LH:20
end_of_record